"connection_awss3_secret_key"="****************************************"
"in_dir"=""
"config_bucket"="eost-config"
"customers_valid"=""
"rejected_customer"="rejected_customers.csv"
"config_key"=""
"amc_log_file"="amc_log.log"
"amc_bucket"="eost-amc"
"in_bucket"="eost"
"amc_meter_file"="amc_meter.log"
"job_id"="0c54ae09-4041-4ea6-aab8-553d98c85f85"
"log_file"="talend.log"
"addresses"=""
"log_dir"=""
"amc_dir"=""
"customers_target_state"=""
"customers_rejected"=""
"customer_only_records"="10"
"address_rejects"="address_rejects.csv"
"config_log_file"=""
"log_bucket"="eost-log"
"generated_customer"="generated_customers.csv"
"config_dir"=""
"rejected_customer_only"="rejected_customers_only.csv"
"customers"=""
"states"=""
"records"="100"
"generated_customer_only"="generated_customer_only.csv"
"out_bucket"="eost"
"out_dir"=""
"local_root_dir"="/talend"
"blob_root_dir"="talend_blob"
"temp_dir"=""
"connection_awss3_access_key"="********************"
"amc_stats_file"="amc_stats.log"
"customer_bucket"="eost-bucket"
"sequenceStart"="100"
"config_file"=""
