[INFO ]: se_demo.t0_docker_create_customer_0_1.t0_docker_create_customer - LoadContext_1_tFileExist_1 - Directory or file : /talend/config/talend.cfg doesn't exist.
[INFO ]: se_demo.t0_docker_create_customer_0_1.t0_docker_create_customer - LoadContext_1_tFileExist_2 - Directory or file : /talend/SE_DEMO/config/project.cfg doesn't exist.
[INFO ]: se_demo.t0_docker_create_customer_0_1.t0_docker_create_customer - LoadContext_1_tFileExist_3 - Directory or file : /talend/SE_DEMO/t0_docker_create_customer/config/job.cfg exists.
[INFO ]: se_demo.t0_docker_create_customer_0_1.t0_docker_create_customer - LoadContext_1_tFileInputDelimited_3 - Retrieving records from the datasource.
[INFO ]: se_demo.t0_docker_create_customer_0_1.t0_docker_create_customer - LoadContext_1_tFileInputDelimited_3 - Retrieved records count: 1.
[INFO ]: se_demo.t0_docker_create_customer_0_1.t0_docker_create_customer - LoadContext_1_tContextLoad_3 - Loaded contexts count: 1.
[INFO ]: se_demo.t0_docker_create_customer_0_1.t0_docker_create_customer - LoadContext_1_tFileExist_4 - Directory or file : /talend/SE_DEMO/t0_docker_create_customer/2ef7129e-3e51-11e8-b2a9-080027f69c5a/config/job_instance.cfg doesn't exist.
[INFO ]: se_demo.t0_docker_create_customer_0_1.t0_docker_create_customer - LogContext_1_tContextDump_2 - Dumping context.
[INFO ]: se_demo.t0_docker_create_customer_0_1.t0_docker_create_customer - LogContext_1_tContextDump_2 - Dumped contexts count: 39.
[INFO ]: se_demo.t0_docker_create_customer_0_1.t0_docker_create_customer - LogContext_1_tLogRow_2 - Content of row 1: address_rejects|address_rejects.csv
[INFO ]: se_demo.t0_docker_create_customer_0_1.t0_docker_create_customer - LogContext_1_tLogRow_2 - Content of row 2: addresses_file|addresses.csv
[INFO ]: se_demo.t0_docker_create_customer_0_1.t0_docker_create_customer - LogContext_1_tLogRow_2 - Content of row 3: amc_dir|/talend/SE_DEMO/t0_docker_create_customer/amc
[INFO ]: se_demo.t0_docker_create_customer_0_1.t0_docker_create_customer - LogContext_1_tLogRow_2 - Content of row 4: amc_log_file|amc_log.log
[INFO ]: se_demo.t0_docker_create_customer_0_1.t0_docker_create_customer - LogContext_1_tLogRow_2 - Content of row 5: amc_meter_file|amc_meter.log
[INFO ]: se_demo.t0_docker_create_customer_0_1.t0_docker_create_customer - LogContext_1_tLogRow_2 - Content of row 6: amc_stats_file|amc_stats.log
[INFO ]: se_demo.t0_docker_create_customer_0_1.t0_docker_create_customer - LogContext_1_tLogRow_2 - Content of row 7: config_dir|/talend/SE_DEMO/t0_docker_create_customer/2ef7129e-3e51-11e8-b2a9-080027f69c5a/config
[INFO ]: se_demo.t0_docker_create_customer_0_1.t0_docker_create_customer - LogContext_1_tLogRow_2 - Content of row 8: config_file|job_instance.cfg
[INFO ]: se_demo.t0_docker_create_customer_0_1.t0_docker_create_customer - LogContext_1_tLogRow_2 - Content of row 9: config_log_file|
[INFO ]: se_demo.t0_docker_create_customer_0_1.t0_docker_create_customer - LogContext_1_tLogRow_2 - Content of row 10: customer_only_records|10
[INFO ]: se_demo.t0_docker_create_customer_0_1.t0_docker_create_customer - LogContext_1_tLogRow_2 - Content of row 11: customers_file|customers.csv
[INFO ]: se_demo.t0_docker_create_customer_0_1.t0_docker_create_customer - LogContext_1_tLogRow_2 - Content of row 12: customers_rejected|customer_rejected.csv
[INFO ]: se_demo.t0_docker_create_customer_0_1.t0_docker_create_customer - LogContext_1_tLogRow_2 - Content of row 13: customers_target_state|customers_target_state.csv
[INFO ]: se_demo.t0_docker_create_customer_0_1.t0_docker_create_customer - LogContext_1_tLogRow_2 - Content of row 14: customers_valid|customers_valid.csv
[INFO ]: se_demo.t0_docker_create_customer_0_1.t0_docker_create_customer - LogContext_1_tLogRow_2 - Content of row 15: generated_customer|generated_customers.csv
[INFO ]: se_demo.t0_docker_create_customer_0_1.t0_docker_create_customer - LogContext_1_tLogRow_2 - Content of row 16: generated_customer_only|generated_customer_only.csv
[INFO ]: se_demo.t0_docker_create_customer_0_1.t0_docker_create_customer - LogContext_1_tLogRow_2 - Content of row 17: global_config_dir|/talend/config
[INFO ]: se_demo.t0_docker_create_customer_0_1.t0_docker_create_customer - LogContext_1_tLogRow_2 - Content of row 18: global_config_file|talend.cfg
[INFO ]: se_demo.t0_docker_create_customer_0_1.t0_docker_create_customer - LogContext_1_tLogRow_2 - Content of row 19: global_var|hardcoded_global_var
[INFO ]: se_demo.t0_docker_create_customer_0_1.t0_docker_create_customer - LogContext_1_tLogRow_2 - Content of row 20: in_dir|/talend/SE_DEMO/t0_docker_create_customer/in
[INFO ]: se_demo.t0_docker_create_customer_0_1.t0_docker_create_customer - LogContext_1_tLogRow_2 - Content of row 21: instance_var|hardcoded_instance_var
[INFO ]: se_demo.t0_docker_create_customer_0_1.t0_docker_create_customer - LogContext_1_tLogRow_2 - Content of row 22: job_config_dir|/talend/SE_DEMO/t0_docker_create_customer/config
[INFO ]: se_demo.t0_docker_create_customer_0_1.t0_docker_create_customer - LogContext_1_tLogRow_2 - Content of row 23: job_config_file|job.cfg
[INFO ]: se_demo.t0_docker_create_customer_0_1.t0_docker_create_customer - LogContext_1_tLogRow_2 - Content of row 24: job_id|2ef7129e-3e51-11e8-b2a9-080027f69c5a
[INFO ]: se_demo.t0_docker_create_customer_0_1.t0_docker_create_customer - LogContext_1_tLogRow_2 - Content of row 25: job_var|hardcoded_job_var
[INFO ]: se_demo.t0_docker_create_customer_0_1.t0_docker_create_customer - LogContext_1_tLogRow_2 - Content of row 26: log_dir|/talend/SE_DEMO/t0_docker_create_customer/2ef7129e-3e51-11e8-b2a9-080027f69c5a/log
[INFO ]: se_demo.t0_docker_create_customer_0_1.t0_docker_create_customer - LogContext_1_tLogRow_2 - Content of row 27: log_file|talend.log
[INFO ]: se_demo.t0_docker_create_customer_0_1.t0_docker_create_customer - LogContext_1_tLogRow_2 - Content of row 28: log_level|INFO
[INFO ]: se_demo.t0_docker_create_customer_0_1.t0_docker_create_customer - LogContext_1_tLogRow_2 - Content of row 29: out_dir|/talend/SE_DEMO/t0_docker_create_customer/2ef7129e-3e51-11e8-b2a9-080027f69c5a/out
[INFO ]: se_demo.t0_docker_create_customer_0_1.t0_docker_create_customer - LogContext_1_tLogRow_2 - Content of row 30: project_config_dir|/talend/SE_DEMO/config
[INFO ]: se_demo.t0_docker_create_customer_0_1.t0_docker_create_customer - LogContext_1_tLogRow_2 - Content of row 31: project_config_file|project.cfg
[INFO ]: se_demo.t0_docker_create_customer_0_1.t0_docker_create_customer - LogContext_1_tLogRow_2 - Content of row 32: project_var|hardcoded_project_var
[INFO ]: se_demo.t0_docker_create_customer_0_1.t0_docker_create_customer - LogContext_1_tLogRow_2 - Content of row 33: records|100
[INFO ]: se_demo.t0_docker_create_customer_0_1.t0_docker_create_customer - LogContext_1_tLogRow_2 - Content of row 34: rejected_customer|rejected_customers.csv
[INFO ]: se_demo.t0_docker_create_customer_0_1.t0_docker_create_customer - LogContext_1_tLogRow_2 - Content of row 35: rejected_customer_only|rejected_customers_only.csv
[INFO ]: se_demo.t0_docker_create_customer_0_1.t0_docker_create_customer - LogContext_1_tLogRow_2 - Content of row 36: root_dir|/talend
[INFO ]: se_demo.t0_docker_create_customer_0_1.t0_docker_create_customer - LogContext_1_tLogRow_2 - Content of row 37: sequenceStart|100
[INFO ]: se_demo.t0_docker_create_customer_0_1.t0_docker_create_customer - LogContext_1_tLogRow_2 - Content of row 38: states_file|states.csv
[INFO ]: se_demo.t0_docker_create_customer_0_1.t0_docker_create_customer - LogContext_1_tLogRow_2 - Content of row 39: temp_dir|/talend/SE_DEMO/t0_docker_create_customer/2ef7129e-3e51-11e8-b2a9-080027f69c5a/temp
[INFO ]: se_demo.t0_docker_create_customer_0_1.t0_docker_create_customer - LogContext_1_tLogRow_2 - Printed row count: 39.
[INFO ]: se_demo.t0_docker_create_customer_0_1.t0_docker_create_customer - tWarn_3 - Message: job: 2ef7129e-3e51-11e8-b2a9-080027f69c5a: started. Code: 0
[INFO ]: se_demo.t0_docker_create_customer_0_1.t0_docker_create_customer - tWarn_4 - Message: job: 2ef7129e-3e51-11e8-b2a9-080027f69c5a: subjob: Create Customers with Addresses: started. Code: 0
[INFO ]: se_demo.t0_docker_create_customer_0_1.t0_docker_create_customer - tFileInputDelimited_2 - Retrieving records from the datasource.
[INFO ]: se_demo.t0_docker_create_customer_0_1.t0_docker_create_customer - tFileInputDelimited_2 - Retrieved records count: 65.
[INFO ]: se_demo.t0_docker_create_customer_0_1.t0_docker_create_customer - tRowGenerator_1 - Generating records.
[INFO ]: se_demo.t0_docker_create_customer_0_1.t0_docker_create_customer - tLogRow_1 - Content of row 1: [tLogRow_1] 1100|100|Business|Katella Avenue||Trenton|||AK|US|Grover.Quincy@gmail.com|234-555-1212
[INFO ]: se_demo.t0_docker_create_customer_0_1.t0_docker_create_customer - tLogRow_1 - Content of row 2: [tLogRow_1] 1101|101|Personnal|Newbury Road||Hartford|||MN|US|Thomas.Madison@gmail.com|234-555-1212
[INFO ]: se_demo.t0_docker_create_customer_0_1.t0_docker_create_customer - tLogRow_1 - Content of row 3: [tLogRow_1] 1102|102|Business|Via Real||Columbus|||OR|US|Warren.Reagan@gmail.com|234-555-1212
[INFO ]: se_demo.t0_docker_create_customer_0_1.t0_docker_create_customer - tLogRow_1 - Content of row 4: [tLogRow_1] 1103|103|Personnal|S Rustle St||Nashville|||CO|US|Richard.Harrison@gmail.com|234-555-1212
[INFO ]: se_demo.t0_docker_create_customer_0_1.t0_docker_create_customer - tLogRow_1 - Content of row 5: [tLogRow_1] 1104|104|Personnal|Jones Road||Helena|||WI|US|Jimmy.Clinton@gmail.com|234-555-1212
[INFO ]: se_demo.t0_docker_create_customer_0_1.t0_docker_create_customer - tLogRow_1 - Content of row 6: [tLogRow_1] 1105|105|Personnal|Lindbergh Blvd||Bismarck|||OR|US|Richard.Buchanan@gmail.com|234-555-1212
[INFO ]: se_demo.t0_docker_create_customer_0_1.t0_docker_create_customer - tLogRow_1 - Content of row 7: [tLogRow_1] 1106|106|Business|W. Russell St.||Augusta|||DE|US|Ronald.Lincoln@gmail.com|234-555-1212
[INFO ]: se_demo.t0_docker_create_customer_0_1.t0_docker_create_customer - tLogRow_1 - Content of row 8: [tLogRow_1] 1107|107|Business|Fontaine Road||Helena|||OR|US|Jimmy.Johnson@gmail.com|234-555-1212
[INFO ]: se_demo.t0_docker_create_customer_0_1.t0_docker_create_customer - tLogRow_1 - Content of row 9: [tLogRow_1] 1108|108|Business|Cabrillo Highway||Columbia|||NY|US|Herbert.Van Buren@gmail.com|234-555-1212
[INFO ]: se_demo.t0_docker_create_customer_0_1.t0_docker_create_customer - tLogRow_1 - Content of row 10: [tLogRow_1] 1109|109|Personnal|Padre Boulevard||Juneau|||KY|US|Franklin.Jefferson@gmail.com|234-555-1212
[INFO ]: se_demo.t0_docker_create_customer_0_1.t0_docker_create_customer - tLogRow_1 - Content of row 11: [tLogRow_1] 1110|110|Business|Fontaine Road||Madison|||UT|US|Theodore.Carter@gmail.com|234-555-1212
[INFO ]: se_demo.t0_docker_create_customer_0_1.t0_docker_create_customer - tLogRow_1 - Content of row 12: [tLogRow_1] 1111|111|Personnal|Tanger Blvd||Salt Lake City|||MO|US|Bill.Buchanan@gmail.com|234-555-1212
[INFO ]: se_demo.t0_docker_create_customer_0_1.t0_docker_create_customer - tLogRow_1 - Content of row 13: [tLogRow_1] 1112|112|Personnal|Greenwood Road||Providence|||DE|US|Richard.Buchanan@gmail.com|234-555-1212
[INFO ]: se_demo.t0_docker_create_customer_0_1.t0_docker_create_customer - tLogRow_1 - Content of row 14: [tLogRow_1] 1113|113|Personnal|Westside Freeway||Olympia|||NC|US|William.Taft@gmail.com|234-555-1212
[INFO ]: se_demo.t0_docker_create_customer_0_1.t0_docker_create_customer - tLogRow_1 - Content of row 15: [tLogRow_1] 1114|114|Personnal|Bayshore Freeway||Columbus|||NC|US|Grover.Truman@gmail.com|234-555-1212
[INFO ]: se_demo.t0_docker_create_customer_0_1.t0_docker_create_customer - tLogRow_1 - Content of row 16: [tLogRow_1] 1115|115|Business|Cabrillo Highway||Boston|||UT|US|Zachary.Nixon@gmail.com|234-555-1212
[INFO ]: se_demo.t0_docker_create_customer_0_1.t0_docker_create_customer - tLogRow_1 - Content of row 17: [tLogRow_1] 1116|116|Personnal|W. Russell St.||Charleston|||GA|US|Jimmy.Roosevelt@gmail.com|234-555-1212
[INFO ]: se_demo.t0_docker_create_customer_0_1.t0_docker_create_customer - tLogRow_1 - Content of row 18: [tLogRow_1] 1117|117|Business|Timberlane Drive||Bismarck|||MA|US|Dwight.Garfield@gmail.com|234-555-1212
[INFO ]: se_demo.t0_docker_create_customer_0_1.t0_docker_create_customer - tLogRow_1 - Content of row 19: [tLogRow_1] 1118|118|Business|Pacific Hwy S||Columbia|||CA|US|Gerald.Monroe@gmail.com|234-555-1212
[INFO ]: se_demo.t0_docker_create_customer_0_1.t0_docker_create_customer - tLogRow_1 - Content of row 20: [tLogRow_1] 1119|119|Business|Erringer Road||Charleston|||MD|US|Zachary.Ford@gmail.com|234-555-1212
[INFO ]: se_demo.t0_docker_create_customer_0_1.t0_docker_create_customer - tLogRow_1 - Content of row 21: [tLogRow_1] 1120|120|Personnal|W. Russell St.||Boise|||NM|US|Ronald.Hoover@gmail.com|234-555-1212
[INFO ]: se_demo.t0_docker_create_customer_0_1.t0_docker_create_customer - tLogRow_1 - Content of row 22: [tLogRow_1] 1121|121|Business|Milpas Street||Jackson|||AZ|US|William.Kennedy@gmail.com|234-555-1212
[INFO ]: se_demo.t0_docker_create_customer_0_1.t0_docker_create_customer - tLogRow_1 - Content of row 23: [tLogRow_1] 1122|122|Personnal|Corona Del Mar||Bismarck|||WV|US|Warren.Arthur@gmail.com|234-555-1212
[INFO ]: se_demo.t0_docker_create_customer_0_1.t0_docker_create_customer - tLogRow_1 - Content of row 24: [tLogRow_1] 1123|123|Personnal|San Marcos||Indianapolis|||OH|US|James.Roosevelt@gmail.com|234-555-1212
[INFO ]: se_demo.t0_docker_create_customer_0_1.t0_docker_create_customer - tLogRow_1 - Content of row 25: [tLogRow_1] 1124|124|Business|Carpinteria North||Nashville|||NY|US|Abraham.Harrison@gmail.com|234-555-1212
[INFO ]: se_demo.t0_docker_create_customer_0_1.t0_docker_create_customer - tLogRow_1 - Content of row 26: [tLogRow_1] 1125|125|Personnal|El Camino Real||Madison|||NE|US|Woodrow.Grant@gmail.com|234-555-1212
[INFO ]: se_demo.t0_docker_create_customer_0_1.t0_docker_create_customer - tLogRow_1 - Content of row 27: [tLogRow_1] 1126|126|Business|Fairview Avenue||Concord|||MO|US|Rutherford.Ford@gmail.com|234-555-1212
[INFO ]: se_demo.t0_docker_create_customer_0_1.t0_docker_create_customer - tLogRow_1 - Content of row 28: [tLogRow_1] 1127|127|Personnal|Santa Monica Road||Salem|||NY|US|Dwight.Van Buren@gmail.com|234-555-1212
[INFO ]: se_demo.t0_docker_create_customer_0_1.t0_docker_create_customer - tLogRow_1 - Content of row 29: [tLogRow_1] 1128|128|Business|Apalachee Parkway||Olympia|||NY|US|Millard.Cleveland@gmail.com|234-555-1212
[INFO ]: se_demo.t0_docker_create_customer_0_1.t0_docker_create_customer - tLogRow_1 - Content of row 30: [tLogRow_1] 1129|129|Business|Fontaine Road||Oklahoma City|||NE|US|Franklin.Van Buren@gmail.com|234-555-1212
[INFO ]: se_demo.t0_docker_create_customer_0_1.t0_docker_create_customer - tLogRow_1 - Content of row 31: [tLogRow_1] 1130|130|Business|Santa Rosa South||Little Rock|||MD|US|Ulysses.Hoover@gmail.com|234-555-1212
[INFO ]: se_demo.t0_docker_create_customer_0_1.t0_docker_create_customer - tLogRow_1 - Content of row 32: [tLogRow_1] 1131|131|Personnal|Grandview Drive||Little Rock|||CO|US|Benjamin.Buchanan@gmail.com|234-555-1212
[INFO ]: se_demo.t0_docker_create_customer_0_1.t0_docker_create_customer - tLogRow_1 - Content of row 33: [tLogRow_1] 1132|132|Personnal|Camelback Rd||Sacramento|||MA|US|John.Wilson@gmail.com|234-555-1212
[INFO ]: se_demo.t0_docker_create_customer_0_1.t0_docker_create_customer - tLogRow_1 - Content of row 34: [tLogRow_1] 1133|133|Personnal|Padre Boulevard||Austin|||NV|US|Benjamin.Johnson@gmail.com|234-555-1212
[INFO ]: se_demo.t0_docker_create_customer_0_1.t0_docker_create_customer - tLogRow_1 - Content of row 35: [tLogRow_1] 1134|134|Personnal|Cabrillo Highway||Raleigh|||GA|US|Lyndon.Roosevelt@gmail.com|234-555-1212
[INFO ]: se_demo.t0_docker_create_customer_0_1.t0_docker_create_customer - tLogRow_1 - Content of row 36: [tLogRow_1] 1135|135|Business|Tanger Blvd||Cheyenne|||ND|US|Dwight.Polk@gmail.com|234-555-1212
[INFO ]: se_demo.t0_docker_create_customer_0_1.t0_docker_create_customer - tLogRow_1 - Content of row 37: [tLogRow_1] 1136|136|Business|Carpinteria North||Olympia|||MI|US|George.Arthur@gmail.com|234-555-1212
[INFO ]: se_demo.t0_docker_create_customer_0_1.t0_docker_create_customer - tLogRow_1 - Content of row 38: [tLogRow_1] 1137|137|Personnal|San Marcos||Atlanta|||MD|US|Ronald.Clinton@gmail.com|234-555-1212
[INFO ]: se_demo.t0_docker_create_customer_0_1.t0_docker_create_customer - tLogRow_1 - Content of row 39: [tLogRow_1] 1138|138|Business|San Simeon||Atlanta|||TN|US|John.Jefferson@gmail.com|234-555-1212
[INFO ]: se_demo.t0_docker_create_customer_0_1.t0_docker_create_customer - tLogRow_1 - Content of row 40: [tLogRow_1] 1139|139|Personnal|Tully Road East||Phoenix|||AZ|US|Andrew.Quincy@gmail.com|234-555-1212
[INFO ]: se_demo.t0_docker_create_customer_0_1.t0_docker_create_customer - tLogRow_1 - Content of row 41: [tLogRow_1] 1140|140|Personnal|Camelback Rd||Dover|||IA|US|Franklin.Jefferson@gmail.com|234-555-1212
[INFO ]: se_demo.t0_docker_create_customer_0_1.t0_docker_create_customer - tLogRow_1 - Content of row 42: [tLogRow_1] 1141|141|Business|Cerrillos Road||Atlanta|||NY|US|George.Hayes@gmail.com|234-555-1212
[INFO ]: se_demo.t0_docker_create_customer_0_1.t0_docker_create_customer - tLogRow_1 - Content of row 43: [tLogRow_1] 1142|142|Business|Erringer Road||Jackson|||TX|US|Benjamin.Garfield@gmail.com|234-555-1212
[INFO ]: se_demo.t0_docker_create_customer_0_1.t0_docker_create_customer - tLogRow_1 - Content of row 44: [tLogRow_1] 1143|143|Personnal|Jean de la Fontaine||Springfield|||KS|US|Rutherford.Reagan@gmail.com|234-555-1212
[INFO ]: se_demo.t0_docker_create_customer_0_1.t0_docker_create_customer - tLogRow_1 - Content of row 45: [tLogRow_1] 1144|144|Personnal|San Simeon||Little Rock|||UT|US|Martin.Roosevelt@gmail.com|234-555-1212
[INFO ]: se_demo.t0_docker_create_customer_0_1.t0_docker_create_customer - tLogRow_1 - Content of row 46: [tLogRow_1] 1145|145|Business|Tully Road East||Sacramento|||TN|US|Rutherford.Eisenhower@gmail.com|234-555-1212
[INFO ]: se_demo.t0_docker_create_customer_0_1.t0_docker_create_customer - tLogRow_1 - Content of row 47: [tLogRow_1] 1146|146|Business|Pacific Hwy S||Olympia|||IA|US|Chester.Jefferson@gmail.com|234-555-1212
[INFO ]: se_demo.t0_docker_create_customer_0_1.t0_docker_create_customer - tLogRow_1 - Content of row 48: [tLogRow_1] 1147|147|Personnal|Harbor Dr||Providence|||MO|US|Ronald.Grant@gmail.com|234-555-1212
[INFO ]: se_demo.t0_docker_create_customer_0_1.t0_docker_create_customer - tLogRow_1 - Content of row 49: [tLogRow_1] 1148|148|Business|S Rustle St||Cheyenne|||IL|US|Harry.Garfield@gmail.com|234-555-1212
[INFO ]: se_demo.t0_docker_create_customer_0_1.t0_docker_create_customer - tLogRow_1 - Content of row 50: [tLogRow_1] 1149|149|Business|Bayshore Freeway||Augusta|||AK|US|John.Cleveland@gmail.com|234-555-1212
[INFO ]: se_demo.t0_docker_create_customer_0_1.t0_docker_create_customer - tLogRow_1 - Content of row 51: [tLogRow_1] 1150|150|Business|Apalachee Parkway||Baton Rouge|||ME|US|John.Hayes@gmail.com|234-555-1212
[INFO ]: se_demo.t0_docker_create_customer_0_1.t0_docker_create_customer - tLogRow_1 - Content of row 52: [tLogRow_1] 1151|151|Personnal|E Fowler Avenue||Baton Rouge|||RI|US|Grover.Arthur@gmail.com|234-555-1212
[INFO ]: se_demo.t0_docker_create_customer_0_1.t0_docker_create_customer - tLogRow_1 - Content of row 53: [tLogRow_1] 1152|152|Personnal|Santa Ana Freeway||Carson City|||NM|US|Theodore.Hayes@gmail.com|234-555-1212
[INFO ]: se_demo.t0_docker_create_customer_0_1.t0_docker_create_customer - tLogRow_1 - Content of row 54: [tLogRow_1] 1153|153|Personnal|Bayshore Freeway||Pierre|||MI|US|George.Fillmore@gmail.com|234-555-1212
[INFO ]: se_demo.t0_docker_create_customer_0_1.t0_docker_create_customer - tLogRow_1 - Content of row 55: [tLogRow_1] 1154|154|Personnal|San Luis Obispo North||Jefferson City|||WI|US|Rutherford.Carter@gmail.com|234-555-1212
[INFO ]: se_demo.t0_docker_create_customer_0_1.t0_docker_create_customer - tLogRow_1 - Content of row 56: [tLogRow_1] 1155|155|Personnal|Padre Boulevard||Boise|||ND|US|Grover.Hayes@gmail.com|234-555-1212
[INFO ]: se_demo.t0_docker_create_customer_0_1.t0_docker_create_customer - tLogRow_1 - Content of row 57: [tLogRow_1] 1156|156|Business|San Marcos||Tallahassee|||MS|US|Warren.Eisenhower@gmail.com|234-555-1212
[INFO ]: se_demo.t0_docker_create_customer_0_1.t0_docker_create_customer - tLogRow_1 - Content of row 58: [tLogRow_1] 1157|157|Personnal|Via Real||Jefferson City|||OR|US|Theodore.Eisenhower@gmail.com|234-555-1212
[INFO ]: se_demo.t0_docker_create_customer_0_1.t0_docker_create_customer - tLogRow_1 - Content of row 59: [tLogRow_1] 1158|158|Personnal|Lake Tahoe Blvd.||Madison|||MT|US|Martin.Harding@gmail.com|234-555-1212
[INFO ]: se_demo.t0_docker_create_customer_0_1.t0_docker_create_customer - tLogRow_1 - Content of row 60: [tLogRow_1] 1159|159|Business|Lawrenceville Suwanee||Bismarck|||IN|US|William.McKinley@gmail.com|234-555-1212
[INFO ]: se_demo.t0_docker_create_customer_0_1.t0_docker_create_customer - tLogRow_1 - Content of row 61: [tLogRow_1] 1160|160|Personnal|Santa Monica Road||Des Moines|||ID|US|Millard.Roosevelt@gmail.com|234-555-1212
[INFO ]: se_demo.t0_docker_create_customer_0_1.t0_docker_create_customer - tLogRow_1 - Content of row 62: [tLogRow_1] 1161|161|Personnal|Newbury Road||Salt Lake City|||RI|US|Andrew.Jefferson@gmail.com|234-555-1212
[INFO ]: se_demo.t0_docker_create_customer_0_1.t0_docker_create_customer - tLogRow_1 - Content of row 63: [tLogRow_1] 1162|162|Personnal|East 1st Street||Harrisburg|||ID|US|James.Garfield@gmail.com|234-555-1212
[INFO ]: se_demo.t0_docker_create_customer_0_1.t0_docker_create_customer - tLogRow_1 - Content of row 64: [tLogRow_1] 1163|163|Business|N Harrison St||Des Moines|||NH|US|Ronald.Hoover@gmail.com|234-555-1212
[INFO ]: se_demo.t0_docker_create_customer_0_1.t0_docker_create_customer - tLogRow_1 - Content of row 65: [tLogRow_1] 1164|164|Personnal|East Main Street||Lincoln|||VT|US|Grover.Cleveland@gmail.com|234-555-1212
[INFO ]: se_demo.t0_docker_create_customer_0_1.t0_docker_create_customer - tLogRow_1 - Content of row 66: [tLogRow_1] 1165|165|Business|N Harrison St||Oklahoma City|||SC|US|Woodrow.Adams@gmail.com|234-555-1212
[INFO ]: se_demo.t0_docker_create_customer_0_1.t0_docker_create_customer - tLogRow_1 - Content of row 67: [tLogRow_1] 1166|166|Business|San Simeon||Denver|||NY|US|Lyndon.Monroe@gmail.com|234-555-1212
[INFO ]: se_demo.t0_docker_create_customer_0_1.t0_docker_create_customer - tLogRow_1 - Content of row 68: [tLogRow_1] 1167|167|Personnal|Fairview Avenue||Carson City|||NV|US|Jimmy.Clinton@gmail.com|234-555-1212
[INFO ]: se_demo.t0_docker_create_customer_0_1.t0_docker_create_customer - tLogRow_1 - Content of row 69: [tLogRow_1] 1168|168|Business|Carpinteria South||Concord|||MT|US|Lyndon.Taylor@gmail.com|234-555-1212
[INFO ]: se_demo.t0_docker_create_customer_0_1.t0_docker_create_customer - tLogRow_1 - Content of row 70: [tLogRow_1] 1169|169|Business|Cleveland Ave.||Boise|||VA|US|Calvin.Harrison@gmail.com|234-555-1212
[INFO ]: se_demo.t0_docker_create_customer_0_1.t0_docker_create_customer - tLogRow_1 - Content of row 71: [tLogRow_1] 1170|170|Personnal|Santa Rosa South||Indianapolis|||ID|US|Lyndon.Taylor@gmail.com|234-555-1212
[INFO ]: se_demo.t0_docker_create_customer_0_1.t0_docker_create_customer - tLogRow_1 - Content of row 72: [tLogRow_1] 1171|171|Business|Santa Ana Freeway||Lansing|||NE|US|Ronald.Adams@gmail.com|234-555-1212
[INFO ]: se_demo.t0_docker_create_customer_0_1.t0_docker_create_customer - tLogRow_1 - Content of row 73: [tLogRow_1] 1172|172|Personnal|Santa Monica Road||Lincoln|||IN|US|Martin.Hayes@gmail.com|234-555-1212
[INFO ]: se_demo.t0_docker_create_customer_0_1.t0_docker_create_customer - tLogRow_1 - Content of row 74: [tLogRow_1] 1173|173|Personnal|San Luis Obispo North||Hartford|||AK|US|Gerald.Van Buren@gmail.com|234-555-1212
[INFO ]: se_demo.t0_docker_create_customer_0_1.t0_docker_create_customer - tLogRow_1 - Content of row 75: [tLogRow_1] 1174|174|Business|Apalachee Parkway||Boston|||ND|US|Rutherford.Buchanan@gmail.com|234-555-1212
[INFO ]: se_demo.t0_docker_create_customer_0_1.t0_docker_create_customer - tLogRow_1 - Content of row 76: [tLogRow_1] 1175|175|Business|Tully Road East||Denver|||NV|US|Theodore.Grant@gmail.com|234-555-1212
[INFO ]: se_demo.t0_docker_create_customer_0_1.t0_docker_create_customer - tLogRow_1 - Content of row 77: [tLogRow_1] 1176|176|Business|Steele Lane||Atlanta|||AZ|US|Andrew.Hoover@gmail.com|234-555-1212
[INFO ]: se_demo.t0_docker_create_customer_0_1.t0_docker_create_customer - tLogRow_1 - Content of row 78: [tLogRow_1] 1177|177|Personnal|Carpinteria North||Albany|||IA|US|Thomas.Madison@gmail.com|234-555-1212
[INFO ]: se_demo.t0_docker_create_customer_0_1.t0_docker_create_customer - tLogRow_1 - Content of row 79: [tLogRow_1] 1178|178|Personnal|Redwood Highway||Boise|||AR|US|Richard.Adams@gmail.com|234-555-1212
[INFO ]: se_demo.t0_docker_create_customer_0_1.t0_docker_create_customer - tLogRow_1 - Content of row 80: [tLogRow_1] 1179|179|Personnal|Carpinteria South||Charleston|||KY|US|Thomas.Adams@gmail.com|234-555-1212
[INFO ]: se_demo.t0_docker_create_customer_0_1.t0_docker_create_customer - tLogRow_1 - Content of row 81: [tLogRow_1] 1180|180|Business|San Simeon||Springfield|||MO|US|Ronald.Truman@gmail.com|234-555-1212
[INFO ]: se_demo.t0_docker_create_customer_0_1.t0_docker_create_customer - tLogRow_1 - Content of row 82: [tLogRow_1] 1181|181|Personnal|Cabrillo Highway||Denver|||KY|US|Thomas.Garfield@gmail.com|234-555-1212
[INFO ]: se_demo.t0_docker_create_customer_0_1.t0_docker_create_customer - tLogRow_1 - Content of row 83: [tLogRow_1] 1182|182|Business|Bayshore Freeway||Baton Rouge|||WY|US|Lyndon.Polk@gmail.com|234-555-1212
[INFO ]: se_demo.t0_docker_create_customer_0_1.t0_docker_create_customer - tLogRow_1 - Content of row 84: [tLogRow_1] 1183|183|Business|Santa Monica Road||Baton Rouge|||MO|US|Ronald.Adams@gmail.com|234-555-1212
[INFO ]: se_demo.t0_docker_create_customer_0_1.t0_docker_create_customer - tLogRow_1 - Content of row 85: [tLogRow_1] 1184|184|Business|North Preisker Lane||Richmond|||HI|US|Richard.Truman@gmail.com|234-555-1212
[INFO ]: se_demo.t0_docker_create_customer_0_1.t0_docker_create_customer - tLogRow_1 - Content of row 86: [tLogRow_1] 1185|185|Personnal|Castillo Drive||Topeka|||MA|US|Benjamin.Eisenhower@gmail.com|234-555-1212
[INFO ]: se_demo.t0_docker_create_customer_0_1.t0_docker_create_customer - tLogRow_1 - Content of row 87: [tLogRow_1] 1186|186|Business|Carpinteria North||Honolulu|||OK|US|Theodore.Clinton@gmail.com|234-555-1212
[INFO ]: se_demo.t0_docker_create_customer_0_1.t0_docker_create_customer - tLogRow_1 - Content of row 88: [tLogRow_1] 1187|187|Business|Harry S Truman Blvd||Tallahassee|||WI|US|George.Arthur@gmail.com|234-555-1212
[INFO ]: se_demo.t0_docker_create_customer_0_1.t0_docker_create_customer - tLogRow_1 - Content of row 89: [tLogRow_1] 1188|188|Personnal|Redwood Highway||Concord|||KS|US|Dwight.Harrison@gmail.com|234-555-1212
[INFO ]: se_demo.t0_docker_create_customer_0_1.t0_docker_create_customer - tLogRow_1 - Content of row 90: [tLogRow_1] 1189|189|Business|Redwood Highway||Providence|||CA|US|Lyndon.Harrison@gmail.com|234-555-1212
[INFO ]: se_demo.t0_docker_create_customer_0_1.t0_docker_create_customer - tLogRow_1 - Content of row 91: [tLogRow_1] 1190|190|Business|Fairview Avenue||Richmond|||MA|US|Ronald.Monroe@gmail.com|234-555-1212
[INFO ]: se_demo.t0_docker_create_customer_0_1.t0_docker_create_customer - tLogRow_1 - Content of row 92: [tLogRow_1] 1191|191|Personnal|North Erringer Road||Santa Fe|||OK|US|Rutherford.Grant@gmail.com|234-555-1212
[INFO ]: se_demo.t0_docker_create_customer_0_1.t0_docker_create_customer - tLogRow_1 - Content of row 93: [tLogRow_1] 1192|192|Business|East Main Street||Boston|||TX|US|Warren.Pierce@gmail.com|234-555-1212
[INFO ]: se_demo.t0_docker_create_customer_0_1.t0_docker_create_customer - tLogRow_1 - Content of row 94: [tLogRow_1] 1193|193|Personnal|North Broadway Street||Olympia|||AL|US|William.Adams@gmail.com|234-555-1212
[INFO ]: se_demo.t0_docker_create_customer_0_1.t0_docker_create_customer - tLogRow_1 - Content of row 95: [tLogRow_1] 1194|194|Personnal|Jones Road||Columbia|||KY|US|Ulysses.Quincy@gmail.com|234-555-1212
[INFO ]: se_demo.t0_docker_create_customer_0_1.t0_docker_create_customer - tLogRow_1 - Content of row 96: [tLogRow_1] 1195|195|Business|Santa Rosa North||Boise|||DE|US|James.Reagan@gmail.com|234-555-1212
[INFO ]: se_demo.t0_docker_create_customer_0_1.t0_docker_create_customer - tLogRow_1 - Content of row 97: [tLogRow_1] 1196|196|Personnal|Fontaine Road||Pierre|||RI|US|James.Madison@gmail.com|234-555-1212
[INFO ]: se_demo.t0_docker_create_customer_0_1.t0_docker_create_customer - tLogRow_1 - Content of row 98: [tLogRow_1] 1197|197|Personnal|South Highway||Phoenix|||SD|US|Dwight.Taft@gmail.com|234-555-1212
[INFO ]: se_demo.t0_docker_create_customer_0_1.t0_docker_create_customer - tLogRow_1 - Content of row 99: [tLogRow_1] 1198|198|Personnal|Burnett Road||Annapolis|||IN|US|Abraham.Ford@gmail.com|234-555-1212
[INFO ]: se_demo.t0_docker_create_customer_0_1.t0_docker_create_customer - tLogRow_1 - Content of row 100: [tLogRow_1] 1199|199|Personnal|French Camp Turnpike Road||Nashville|||MI|US|James.Johnson@gmail.com|234-555-1212
[INFO ]: se_demo.t0_docker_create_customer_0_1.t0_docker_create_customer - tRowGenerator_1 - Generated records count:100 .
[INFO ]: se_demo.t0_docker_create_customer_0_1.t0_docker_create_customer - tLogRow_1 - Printed row count: 100.
[INFO ]: se_demo.t0_docker_create_customer_0_1.t0_docker_create_customer - tRowGenerator_2 - Generating records.
[INFO ]: se_demo.t0_docker_create_customer_0_1.t0_docker_create_customer - tRowGenerator_2 - Generated records count:10 .
[INFO ]: se_demo.t0_docker_create_customer_0_1.t0_docker_create_customer - tWarn_1 - Message: job: 2ef7129e-3e51-11e8-b2a9-080027f69c5a: subjob: Create Customers with Addresses: finished. Code: 0
[INFO ]: se_demo.t0_docker_create_customer_0_1.t0_docker_create_customer - tWarn_2 - Message: job: 2ef7129e-3e51-11e8-b2a9-080027f69c5a: finished. Code: 0
[INFO ]: se_demo.t0_docker_create_customer_0_1.t0_docker_create_customer - TalendJob: 't0_docker_create_customer' - Done.
