2017-08-13 15:28:45;fYzPEG;fYzPEG;fYzPEG;11;SE_DEMO;t0_docker_create_customer;_fQvacBJyEeeE_8pQeIdmsg;0.1;container;;begin;;
2017-08-13 15:28:46;fYzPEG;fYzPEG;fYzPEG;11;SE_DEMO;t0_docker_create_customer;_fQvacBJyEeeE_8pQeIdmsg;0.1;container;tFileOutputDelimited_6;begin;;
2017-08-13 15:28:46;fYzPEG;fYzPEG;fYzPEG;11;SE_DEMO;t0_docker_create_customer;_fQvacBJyEeeE_8pQeIdmsg;0.1;container;tFileOutputDelimited_8;begin;;
2017-08-13 15:28:46;fYzPEG;fYzPEG;fYzPEG;11;SE_DEMO;t0_docker_create_customer;_fQvacBJyEeeE_8pQeIdmsg;0.1;container;tFileOutputDelimited_2;begin;;
2017-08-13 15:28:46;fYzPEG;fYzPEG;fYzPEG;11;SE_DEMO;t0_docker_create_customer;_fQvacBJyEeeE_8pQeIdmsg;0.1;container;tFileOutputDelimited_8;end;success;66
2017-08-13 15:28:46;fYzPEG;fYzPEG;fYzPEG;11;SE_DEMO;t0_docker_create_customer;_fQvacBJyEeeE_8pQeIdmsg;0.1;container;tFileOutputDelimited_2;end;success;69
2017-08-13 15:28:46;fYzPEG;fYzPEG;fYzPEG;11;SE_DEMO;t0_docker_create_customer;_fQvacBJyEeeE_8pQeIdmsg;0.1;container;tFileOutputDelimited_7;begin;;
2017-08-13 15:28:46;fYzPEG;fYzPEG;fYzPEG;11;SE_DEMO;t0_docker_create_customer;_fQvacBJyEeeE_8pQeIdmsg;0.1;container;tFileOutputDelimited_7;end;success;4
2017-08-13 15:28:46;fYzPEG;fYzPEG;fYzPEG;11;SE_DEMO;t0_docker_create_customer;_fQvacBJyEeeE_8pQeIdmsg;0.1;container;tFileOutputDelimited_6;end;success;79
2017-08-13 15:28:46;fYzPEG;fYzPEG;fYzPEG;11;SE_DEMO;t0_docker_create_customer;_fQvacBJyEeeE_8pQeIdmsg;0.1;container;;end;success;996
2017-09-12 19:24:55;ESiMfC;ESiMfC;ESiMfC;17;SE_DEMO;t0_docker_create_customer;_fQvacBJyEeeE_8pQeIdmsg;0.1;container;;begin;;
2017-09-12 19:24:56;ESiMfC;ESiMfC;ESiMfC;17;SE_DEMO;t0_docker_create_customer;_fQvacBJyEeeE_8pQeIdmsg;0.1;container;tFileOutputDelimited_6;begin;;
2017-09-12 19:24:56;ESiMfC;ESiMfC;ESiMfC;17;SE_DEMO;t0_docker_create_customer;_fQvacBJyEeeE_8pQeIdmsg;0.1;container;tFileOutputDelimited_8;begin;;
2017-09-12 19:24:56;ESiMfC;ESiMfC;ESiMfC;17;SE_DEMO;t0_docker_create_customer;_fQvacBJyEeeE_8pQeIdmsg;0.1;container;tFileOutputDelimited_2;begin;;
2017-09-12 19:24:56;ESiMfC;ESiMfC;ESiMfC;17;SE_DEMO;t0_docker_create_customer;_fQvacBJyEeeE_8pQeIdmsg;0.1;container;tFileOutputDelimited_8;end;success;73
2017-09-12 19:24:56;ESiMfC;ESiMfC;ESiMfC;17;SE_DEMO;t0_docker_create_customer;_fQvacBJyEeeE_8pQeIdmsg;0.1;container;tFileOutputDelimited_2;end;success;70
2017-09-12 19:24:56;ESiMfC;ESiMfC;ESiMfC;17;SE_DEMO;t0_docker_create_customer;_fQvacBJyEeeE_8pQeIdmsg;0.1;container;tFileOutputDelimited_7;begin;;
2017-09-12 19:24:56;ESiMfC;ESiMfC;ESiMfC;17;SE_DEMO;t0_docker_create_customer;_fQvacBJyEeeE_8pQeIdmsg;0.1;container;tFileOutputDelimited_7;end;success;9
2017-09-12 19:24:56;ESiMfC;ESiMfC;ESiMfC;17;SE_DEMO;t0_docker_create_customer;_fQvacBJyEeeE_8pQeIdmsg;0.1;container;tFileOutputDelimited_6;end;success;91
2017-09-12 19:24:56;ESiMfC;ESiMfC;ESiMfC;17;SE_DEMO;t0_docker_create_customer;_fQvacBJyEeeE_8pQeIdmsg;0.1;container;;end;success;983
