[INFO ]: se_demo.t0_docker_create_customer_0_1.t0_docker_create_customer - LoadContext_1_tFileExist_1 - Directory or file : /talend/config/talend.cfg doesn't exist.
[INFO ]: se_demo.t0_docker_create_customer_0_1.t0_docker_create_customer - LoadContext_1_tFileExist_2 - Directory or file : /talend/SE_DEMO/config/project.cfg doesn't exist.
[INFO ]: se_demo.t0_docker_create_customer_0_1.t0_docker_create_customer - LoadContext_1_tFileExist_3 - Directory or file : /talend/SE_DEMO/t0_docker_create_customer/config/job.cfg exists.
[INFO ]: se_demo.t0_docker_create_customer_0_1.t0_docker_create_customer - LoadContext_1_tFileInputDelimited_3 - Retrieving records from the datasource.
[INFO ]: se_demo.t0_docker_create_customer_0_1.t0_docker_create_customer - LoadContext_1_tFileInputDelimited_3 - Retrieved records count: 1.
[INFO ]: se_demo.t0_docker_create_customer_0_1.t0_docker_create_customer - LoadContext_1_tContextLoad_3 - Loaded contexts count: 1.
[INFO ]: se_demo.t0_docker_create_customer_0_1.t0_docker_create_customer - LoadContext_1_tFileExist_4 - Directory or file : /talend/SE_DEMO/t0_docker_create_customer/b45dae62-3e55-11e8-b2a9-080027f69c5a/config/job_instance.cfg doesn't exist.
[INFO ]: se_demo.t0_docker_create_customer_0_1.t0_docker_create_customer - LogContext_1_tContextDump_2 - Dumping context.
[INFO ]: se_demo.t0_docker_create_customer_0_1.t0_docker_create_customer - LogContext_1_tContextDump_2 - Dumped contexts count: 39.
[INFO ]: se_demo.t0_docker_create_customer_0_1.t0_docker_create_customer - LogContext_1_tLogRow_2 - Content of row 1: address_rejects|address_rejects.csv
[INFO ]: se_demo.t0_docker_create_customer_0_1.t0_docker_create_customer - LogContext_1_tLogRow_2 - Content of row 2: addresses_file|addresses.csv
[INFO ]: se_demo.t0_docker_create_customer_0_1.t0_docker_create_customer - LogContext_1_tLogRow_2 - Content of row 3: amc_dir|/talend/SE_DEMO/t0_docker_create_customer/amc
[INFO ]: se_demo.t0_docker_create_customer_0_1.t0_docker_create_customer - LogContext_1_tLogRow_2 - Content of row 4: amc_log_file|amc_log.log
[INFO ]: se_demo.t0_docker_create_customer_0_1.t0_docker_create_customer - LogContext_1_tLogRow_2 - Content of row 5: amc_meter_file|amc_meter.log
[INFO ]: se_demo.t0_docker_create_customer_0_1.t0_docker_create_customer - LogContext_1_tLogRow_2 - Content of row 6: amc_stats_file|amc_stats.log
[INFO ]: se_demo.t0_docker_create_customer_0_1.t0_docker_create_customer - LogContext_1_tLogRow_2 - Content of row 7: config_dir|/talend/SE_DEMO/t0_docker_create_customer/b45dae62-3e55-11e8-b2a9-080027f69c5a/config
[INFO ]: se_demo.t0_docker_create_customer_0_1.t0_docker_create_customer - LogContext_1_tLogRow_2 - Content of row 8: config_file|job_instance.cfg
[INFO ]: se_demo.t0_docker_create_customer_0_1.t0_docker_create_customer - LogContext_1_tLogRow_2 - Content of row 9: config_log_file|
[INFO ]: se_demo.t0_docker_create_customer_0_1.t0_docker_create_customer - LogContext_1_tLogRow_2 - Content of row 10: customer_only_records|10
[INFO ]: se_demo.t0_docker_create_customer_0_1.t0_docker_create_customer - LogContext_1_tLogRow_2 - Content of row 11: customers_file|customers.csv
[INFO ]: se_demo.t0_docker_create_customer_0_1.t0_docker_create_customer - LogContext_1_tLogRow_2 - Content of row 12: customers_rejected|customer_rejected.csv
[INFO ]: se_demo.t0_docker_create_customer_0_1.t0_docker_create_customer - LogContext_1_tLogRow_2 - Content of row 13: customers_target_state|customers_target_state.csv
[INFO ]: se_demo.t0_docker_create_customer_0_1.t0_docker_create_customer - LogContext_1_tLogRow_2 - Content of row 14: customers_valid|customers_valid.csv
[INFO ]: se_demo.t0_docker_create_customer_0_1.t0_docker_create_customer - LogContext_1_tLogRow_2 - Content of row 15: generated_customer|generated_customers.csv
[INFO ]: se_demo.t0_docker_create_customer_0_1.t0_docker_create_customer - LogContext_1_tLogRow_2 - Content of row 16: generated_customer_only|generated_customer_only.csv
[INFO ]: se_demo.t0_docker_create_customer_0_1.t0_docker_create_customer - LogContext_1_tLogRow_2 - Content of row 17: global_config_dir|/talend/config
[INFO ]: se_demo.t0_docker_create_customer_0_1.t0_docker_create_customer - LogContext_1_tLogRow_2 - Content of row 18: global_config_file|talend.cfg
[INFO ]: se_demo.t0_docker_create_customer_0_1.t0_docker_create_customer - LogContext_1_tLogRow_2 - Content of row 19: global_var|hardcoded_global_var
[INFO ]: se_demo.t0_docker_create_customer_0_1.t0_docker_create_customer - LogContext_1_tLogRow_2 - Content of row 20: in_dir|/talend/SE_DEMO/t0_docker_create_customer/in
[INFO ]: se_demo.t0_docker_create_customer_0_1.t0_docker_create_customer - LogContext_1_tLogRow_2 - Content of row 21: instance_var|hardcoded_instance_var
[INFO ]: se_demo.t0_docker_create_customer_0_1.t0_docker_create_customer - LogContext_1_tLogRow_2 - Content of row 22: job_config_dir|/talend/SE_DEMO/t0_docker_create_customer/config
[INFO ]: se_demo.t0_docker_create_customer_0_1.t0_docker_create_customer - LogContext_1_tLogRow_2 - Content of row 23: job_config_file|job.cfg
[INFO ]: se_demo.t0_docker_create_customer_0_1.t0_docker_create_customer - LogContext_1_tLogRow_2 - Content of row 24: job_id|b45dae62-3e55-11e8-b2a9-080027f69c5a
[INFO ]: se_demo.t0_docker_create_customer_0_1.t0_docker_create_customer - LogContext_1_tLogRow_2 - Content of row 25: job_var|hardcoded_job_var
[INFO ]: se_demo.t0_docker_create_customer_0_1.t0_docker_create_customer - LogContext_1_tLogRow_2 - Content of row 26: log_dir|/talend/SE_DEMO/t0_docker_create_customer/b45dae62-3e55-11e8-b2a9-080027f69c5a/log
[INFO ]: se_demo.t0_docker_create_customer_0_1.t0_docker_create_customer - LogContext_1_tLogRow_2 - Content of row 27: log_file|talend.log
[INFO ]: se_demo.t0_docker_create_customer_0_1.t0_docker_create_customer - LogContext_1_tLogRow_2 - Content of row 28: log_level|INFO
[INFO ]: se_demo.t0_docker_create_customer_0_1.t0_docker_create_customer - LogContext_1_tLogRow_2 - Content of row 29: out_dir|/talend/SE_DEMO/t0_docker_create_customer/b45dae62-3e55-11e8-b2a9-080027f69c5a/out
[INFO ]: se_demo.t0_docker_create_customer_0_1.t0_docker_create_customer - LogContext_1_tLogRow_2 - Content of row 30: project_config_dir|/talend/SE_DEMO/config
[INFO ]: se_demo.t0_docker_create_customer_0_1.t0_docker_create_customer - LogContext_1_tLogRow_2 - Content of row 31: project_config_file|project.cfg
[INFO ]: se_demo.t0_docker_create_customer_0_1.t0_docker_create_customer - LogContext_1_tLogRow_2 - Content of row 32: project_var|hardcoded_project_var
[INFO ]: se_demo.t0_docker_create_customer_0_1.t0_docker_create_customer - LogContext_1_tLogRow_2 - Content of row 33: records|100
[INFO ]: se_demo.t0_docker_create_customer_0_1.t0_docker_create_customer - LogContext_1_tLogRow_2 - Content of row 34: rejected_customer|rejected_customers.csv
[INFO ]: se_demo.t0_docker_create_customer_0_1.t0_docker_create_customer - LogContext_1_tLogRow_2 - Content of row 35: rejected_customer_only|rejected_customers_only.csv
[INFO ]: se_demo.t0_docker_create_customer_0_1.t0_docker_create_customer - LogContext_1_tLogRow_2 - Content of row 36: root_dir|/talend
[INFO ]: se_demo.t0_docker_create_customer_0_1.t0_docker_create_customer - LogContext_1_tLogRow_2 - Content of row 37: sequenceStart|100
[INFO ]: se_demo.t0_docker_create_customer_0_1.t0_docker_create_customer - LogContext_1_tLogRow_2 - Content of row 38: states_file|states.csv
[INFO ]: se_demo.t0_docker_create_customer_0_1.t0_docker_create_customer - LogContext_1_tLogRow_2 - Content of row 39: temp_dir|/talend/SE_DEMO/t0_docker_create_customer/b45dae62-3e55-11e8-b2a9-080027f69c5a/temp
[INFO ]: se_demo.t0_docker_create_customer_0_1.t0_docker_create_customer - LogContext_1_tLogRow_2 - Printed row count: 39.
[INFO ]: se_demo.t0_docker_create_customer_0_1.t0_docker_create_customer - tWarn_3 - Message: job: b45dae62-3e55-11e8-b2a9-080027f69c5a: started. Code: 0
[INFO ]: se_demo.t0_docker_create_customer_0_1.t0_docker_create_customer - tWarn_4 - Message: job: b45dae62-3e55-11e8-b2a9-080027f69c5a: subjob: Create Customers with Addresses: started. Code: 0
[INFO ]: se_demo.t0_docker_create_customer_0_1.t0_docker_create_customer - tFileInputDelimited_2 - Retrieving records from the datasource.
[INFO ]: se_demo.t0_docker_create_customer_0_1.t0_docker_create_customer - tFileInputDelimited_2 - Retrieved records count: 65.
[INFO ]: se_demo.t0_docker_create_customer_0_1.t0_docker_create_customer - tRowGenerator_1 - Generating records.
[INFO ]: se_demo.t0_docker_create_customer_0_1.t0_docker_create_customer - tLogRow_1 - Content of row 1: [tLogRow_1] 1100|100|Business|East Calle Primera||Des Moines|||FL|US|Gerald.Roosevelt@gmail.com|234-555-1212
[INFO ]: se_demo.t0_docker_create_customer_0_1.t0_docker_create_customer - tLogRow_1 - Content of row 2: [tLogRow_1] 1101|101|Personnal|Pacific Hwy S||Annapolis|||OR|US|Jimmy.Van Buren@gmail.com|234-555-1212
[INFO ]: se_demo.t0_docker_create_customer_0_1.t0_docker_create_customer - tLogRow_1 - Content of row 3: [tLogRow_1] 1102|102|Business|North Broadway Street||Raleigh|||FL|US|Martin.Buchanan@gmail.com|234-555-1212
[INFO ]: se_demo.t0_docker_create_customer_0_1.t0_docker_create_customer - tLogRow_1 - Content of row 4: [tLogRow_1] 1103|103|Personnal|W. Russell St.||Providence|||MD|US|Martin.Harrison@gmail.com|234-555-1212
[INFO ]: se_demo.t0_docker_create_customer_0_1.t0_docker_create_customer - tLogRow_1 - Content of row 5: [tLogRow_1] 1104|104|Business|Timberlane Drive||Denver|||NC|US|Thomas.Grant@gmail.com|234-555-1212
[INFO ]: se_demo.t0_docker_create_customer_0_1.t0_docker_create_customer - tLogRow_1 - Content of row 6: [tLogRow_1] 1105|105|Personnal|Greenwood Road||Topeka|||NJ|US|Benjamin.Grant@gmail.com|234-555-1212
[INFO ]: se_demo.t0_docker_create_customer_0_1.t0_docker_create_customer - tLogRow_1 - Content of row 7: [tLogRow_1] 1106|106|Business|S Rustle St||Albany|||ME|US|Jimmy.Johnson@gmail.com|234-555-1212
[INFO ]: se_demo.t0_docker_create_customer_0_1.t0_docker_create_customer - tLogRow_1 - Content of row 8: [tLogRow_1] 1107|107|Business|Cabrillo Highway||Austin|||MI|US|Herbert.Adams@gmail.com|234-555-1212
[INFO ]: se_demo.t0_docker_create_customer_0_1.t0_docker_create_customer - tLogRow_1 - Content of row 9: [tLogRow_1] 1108|108|Personnal|Calle Real||Topeka|||VT|US|Millard.Eisenhower@gmail.com|234-555-1212
[INFO ]: se_demo.t0_docker_create_customer_0_1.t0_docker_create_customer - tLogRow_1 - Content of row 10: [tLogRow_1] 1109|109|Business|Corona Del Mar||Saint Paul|||SC|US|Herbert.Jackson@gmail.com|234-555-1212
[INFO ]: se_demo.t0_docker_create_customer_0_1.t0_docker_create_customer - tLogRow_1 - Content of row 11: [tLogRow_1] 1110|110|Business|Lake Tahoe Blvd.||Denver|||OK|US|George.Cleveland@gmail.com|234-555-1212
[INFO ]: se_demo.t0_docker_create_customer_0_1.t0_docker_create_customer - tLogRow_1 - Content of row 12: [tLogRow_1] 1111|111|Personnal|San Diego Freeway||Pierre|||CO|US|Rutherford.Harding@gmail.com|234-555-1212
[INFO ]: se_demo.t0_docker_create_customer_0_1.t0_docker_create_customer - tLogRow_1 - Content of row 13: [tLogRow_1] 1112|112|Personnal|Bowles Avenue||Indianapolis|||MI|US|Herbert.Monroe@gmail.com|234-555-1212
[INFO ]: se_demo.t0_docker_create_customer_0_1.t0_docker_create_customer - tLogRow_1 - Content of row 14: [tLogRow_1] 1113|113|Business|French Camp Turnpike Road||Sacramento|||WI|US|Millard.Johnson@gmail.com|234-555-1212
[INFO ]: se_demo.t0_docker_create_customer_0_1.t0_docker_create_customer - tLogRow_1 - Content of row 15: [tLogRow_1] 1114|114|Business|Bailard Avenue||Tallahassee|||ME|US|Harry.Fillmore@gmail.com|234-555-1212
[INFO ]: se_demo.t0_docker_create_customer_0_1.t0_docker_create_customer - tLogRow_1 - Content of row 16: [tLogRow_1] 1115|115|Personnal|Cerrillos Road||Boston|||OR|US|Ulysses.Harrison@gmail.com|234-555-1212
[INFO ]: se_demo.t0_docker_create_customer_0_1.t0_docker_create_customer - tLogRow_1 - Content of row 17: [tLogRow_1] 1116|116|Business|North Atherton Street||Springfield|||ME|US|Dwight.Harrison@gmail.com|234-555-1212
[INFO ]: se_demo.t0_docker_create_customer_0_1.t0_docker_create_customer - tLogRow_1 - Content of row 18: [tLogRow_1] 1117|117|Personnal|North Atherton Street||Sacramento|||MT|US|Richard.Harrison@gmail.com|234-555-1212
[INFO ]: se_demo.t0_docker_create_customer_0_1.t0_docker_create_customer - tLogRow_1 - Content of row 19: [tLogRow_1] 1118|118|Personnal|Camelback Rd||Atlanta|||GA|US|Rutherford.Roosevelt@gmail.com|234-555-1212
[INFO ]: se_demo.t0_docker_create_customer_0_1.t0_docker_create_customer - tLogRow_1 - Content of row 20: [tLogRow_1] 1119|119|Personnal|North Broadway Street||Topeka|||PA|US|Chester.McKinley@gmail.com|234-555-1212
[INFO ]: se_demo.t0_docker_create_customer_0_1.t0_docker_create_customer - tLogRow_1 - Content of row 21: [tLogRow_1] 1120|120|Business|San Simeon||Olympia|||HI|US|Grover.Grant@gmail.com|234-555-1212
[INFO ]: se_demo.t0_docker_create_customer_0_1.t0_docker_create_customer - tLogRow_1 - Content of row 22: [tLogRow_1] 1121|121|Business|French Camp Turnpike Road||Tallahassee|||NV|US|James.Cleveland@gmail.com|234-555-1212
[INFO ]: se_demo.t0_docker_create_customer_0_1.t0_docker_create_customer - tLogRow_1 - Content of row 23: [tLogRow_1] 1122|122|Personnal|Redwood Highway||Honolulu|||ID|US|Jimmy.Harrison@gmail.com|234-555-1212
[INFO ]: se_demo.t0_docker_create_customer_0_1.t0_docker_create_customer - tLogRow_1 - Content of row 24: [tLogRow_1] 1123|123|Business|N Kentwood||Jackson|||NC|US|Andrew.Johnson@gmail.com|234-555-1212
[INFO ]: se_demo.t0_docker_create_customer_0_1.t0_docker_create_customer - tLogRow_1 - Content of row 25: [tLogRow_1] 1124|124|Personnal|Camelback Rd||Boise|||WI|US|Grover.Johnson@gmail.com|234-555-1212
[INFO ]: se_demo.t0_docker_create_customer_0_1.t0_docker_create_customer - tLogRow_1 - Content of row 26: [tLogRow_1] 1125|125|Personnal|Redwood Highway||Tallahassee|||WA|US|Warren.Pierce@gmail.com|234-555-1212
[INFO ]: se_demo.t0_docker_create_customer_0_1.t0_docker_create_customer - tLogRow_1 - Content of row 27: [tLogRow_1] 1126|126|Business|Cleveland Ave.||Jackson|||GA|US|Herbert.Tyler@gmail.com|234-555-1212
[INFO ]: se_demo.t0_docker_create_customer_0_1.t0_docker_create_customer - tLogRow_1 - Content of row 28: [tLogRow_1] 1127|127|Business|Tanger Blvd||Harrisburg|||PA|US|Benjamin.Coolidge@gmail.com|234-555-1212
[INFO ]: se_demo.t0_docker_create_customer_0_1.t0_docker_create_customer - tLogRow_1 - Content of row 29: [tLogRow_1] 1128|128|Business|Milpas Street||Des Moines|||SD|US|Theodore.Eisenhower@gmail.com|234-555-1212
[INFO ]: se_demo.t0_docker_create_customer_0_1.t0_docker_create_customer - tLogRow_1 - Content of row 30: [tLogRow_1] 1129|129|Business|North Broadway Street||Salt Lake City|||NY|US|Ronald.Johnson@gmail.com|234-555-1212
[INFO ]: se_demo.t0_docker_create_customer_0_1.t0_docker_create_customer - tLogRow_1 - Content of row 31: [tLogRow_1] 1130|130|Business|Katella Avenue||Frankfort|||MD|US|Grover.Pierce@gmail.com|234-555-1212
[INFO ]: se_demo.t0_docker_create_customer_0_1.t0_docker_create_customer - tLogRow_1 - Content of row 32: [tLogRow_1] 1131|131|Business|East Fry Blvd.||Madison|||RI|US|Lyndon.Roosevelt@gmail.com|234-555-1212
[INFO ]: se_demo.t0_docker_create_customer_0_1.t0_docker_create_customer - tLogRow_1 - Content of row 33: [tLogRow_1] 1132|132|Personnal|Lake Tahoe Blvd.||Richmond|||TX|US|Benjamin.Van Buren@gmail.com|234-555-1212
[INFO ]: se_demo.t0_docker_create_customer_0_1.t0_docker_create_customer - tLogRow_1 - Content of row 34: [tLogRow_1] 1133|133|Personnal|Jones Road||Albany|||OR|US|Richard.Garfield@gmail.com|234-555-1212
[INFO ]: se_demo.t0_docker_create_customer_0_1.t0_docker_create_customer - tLogRow_1 - Content of row 35: [tLogRow_1] 1134|134|Business|San Ysidro Blvd||Hartford|||HI|US|Thomas.Monroe@gmail.com|234-555-1212
[INFO ]: se_demo.t0_docker_create_customer_0_1.t0_docker_create_customer - tLogRow_1 - Content of row 36: [tLogRow_1] 1135|135|Personnal|N Harrison St||Columbus|||TX|US|Benjamin.Cleveland@gmail.com|234-555-1212
[INFO ]: se_demo.t0_docker_create_customer_0_1.t0_docker_create_customer - tLogRow_1 - Content of row 37: [tLogRow_1] 1136|136|Business|North Ventu Park Road||Austin|||OH|US|Jimmy.Polk@gmail.com|234-555-1212
[INFO ]: se_demo.t0_docker_create_customer_0_1.t0_docker_create_customer - tLogRow_1 - Content of row 38: [tLogRow_1] 1137|137|Personnal|Redwood Highway||Santa Fe|||MD|US|Thomas.Nixon@gmail.com|234-555-1212
[INFO ]: se_demo.t0_docker_create_customer_0_1.t0_docker_create_customer - tLogRow_1 - Content of row 39: [tLogRow_1] 1138|138|Personnal|Timberlane Drive||Olympia|||MS|US|Zachary.Taylor@gmail.com|234-555-1212
[INFO ]: se_demo.t0_docker_create_customer_0_1.t0_docker_create_customer - tLogRow_1 - Content of row 40: [tLogRow_1] 1139|139|Business|S Rustle St||Sacramento|||OK|US|Chester.Taylor@gmail.com|234-555-1212
[INFO ]: se_demo.t0_docker_create_customer_0_1.t0_docker_create_customer - tLogRow_1 - Content of row 41: [tLogRow_1] 1140|140|Personnal|San Diego Freeway||Des Moines|||CA|US|Gerald.Buchanan@gmail.com|234-555-1212
[INFO ]: se_demo.t0_docker_create_customer_0_1.t0_docker_create_customer - tLogRow_1 - Content of row 42: [tLogRow_1] 1141|141|Personnal|Jean de la Fontaine||Little Rock|||AZ|US|Thomas.Washington@gmail.com|234-555-1212
[INFO ]: se_demo.t0_docker_create_customer_0_1.t0_docker_create_customer - tLogRow_1 - Content of row 43: [tLogRow_1] 1142|142|Business|East Main Street||Baton Rouge|||NV|US|Benjamin.Hoover@gmail.com|234-555-1212
[INFO ]: se_demo.t0_docker_create_customer_0_1.t0_docker_create_customer - tLogRow_1 - Content of row 44: [tLogRow_1] 1143|143|Business|Pacific Hwy S||Montgomery|||NJ|US|Grover.Van Buren@gmail.com|234-555-1212
[INFO ]: se_demo.t0_docker_create_customer_0_1.t0_docker_create_customer - tLogRow_1 - Content of row 45: [tLogRow_1] 1144|144|Business|Santa Rosa South||Oklahoma City|||NE|US|Warren.Grant@gmail.com|234-555-1212
[INFO ]: se_demo.t0_docker_create_customer_0_1.t0_docker_create_customer - tLogRow_1 - Content of row 46: [tLogRow_1] 1145|145|Business|East Calle Primera||Nashville|||OK|US|Herbert.Adams@gmail.com|234-555-1212
[INFO ]: se_demo.t0_docker_create_customer_0_1.t0_docker_create_customer - tLogRow_1 - Content of row 47: [tLogRow_1] 1146|146|Business|East Fry Blvd.||Frankfort|||HI|US|Calvin.Madison@gmail.com|234-555-1212
[INFO ]: se_demo.t0_docker_create_customer_0_1.t0_docker_create_customer - tLogRow_1 - Content of row 48: [tLogRow_1] 1147|147|Business|Richmond Hill||Sacramento|||OR|US|Bill.Washington@gmail.com|234-555-1212
[INFO ]: se_demo.t0_docker_create_customer_0_1.t0_docker_create_customer - tLogRow_1 - Content of row 49: [tLogRow_1] 1148|148|Personnal|Hutchinson Rd||Columbia|||PA|US|Benjamin.Harding@gmail.com|234-555-1212
[INFO ]: se_demo.t0_docker_create_customer_0_1.t0_docker_create_customer - tLogRow_1 - Content of row 50: [tLogRow_1] 1149|149|Business|Monroe Street||Concord|||SC|US|Benjamin.Tyler@gmail.com|234-555-1212
[INFO ]: se_demo.t0_docker_create_customer_0_1.t0_docker_create_customer - tLogRow_1 - Content of row 51: [tLogRow_1] 1150|150|Personnal|Grandview Drive||Phoenix|||AR|US|Benjamin.Eisenhower@gmail.com|234-555-1212
[INFO ]: se_demo.t0_docker_create_customer_0_1.t0_docker_create_customer - tLogRow_1 - Content of row 52: [tLogRow_1] 1151|151|Business|Burnett Road||Bismarck|||DE|US|Ronald.Eisenhower@gmail.com|234-555-1212
[INFO ]: se_demo.t0_docker_create_customer_0_1.t0_docker_create_customer - tLogRow_1 - Content of row 53: [tLogRow_1] 1152|152|Personnal|East Calle Primera||Little Rock|||IN|US|Richard.Washington@gmail.com|234-555-1212
[INFO ]: se_demo.t0_docker_create_customer_0_1.t0_docker_create_customer - tLogRow_1 - Content of row 54: [tLogRow_1] 1153|153|Personnal|S Rustle St||Carson City|||SD|US|Jimmy.Hayes@gmail.com|234-555-1212
[INFO ]: se_demo.t0_docker_create_customer_0_1.t0_docker_create_customer - tLogRow_1 - Content of row 55: [tLogRow_1] 1154|154|Business|E Fowler Avenue||Juneau|||FL|US|George.Grant@gmail.com|234-555-1212
[INFO ]: se_demo.t0_docker_create_customer_0_1.t0_docker_create_customer - tLogRow_1 - Content of row 56: [tLogRow_1] 1155|155|Business|Burnett Road||Phoenix|||HI|US|Herbert.Pierce@gmail.com|234-555-1212
[INFO ]: se_demo.t0_docker_create_customer_0_1.t0_docker_create_customer - tLogRow_1 - Content of row 57: [tLogRow_1] 1156|156|Personnal|Harbor Dr||Augusta|||PA|US|Harry.Adams@gmail.com|234-555-1212
[INFO ]: se_demo.t0_docker_create_customer_0_1.t0_docker_create_customer - tLogRow_1 - Content of row 58: [tLogRow_1] 1157|157|Business|N Harrison St||Atlanta|||SC|US|James.Polk@gmail.com|234-555-1212
[INFO ]: se_demo.t0_docker_create_customer_0_1.t0_docker_create_customer - tLogRow_1 - Content of row 59: [tLogRow_1] 1158|158|Business|Steele Lane||Tallahassee|||DE|US|Grover.Van Buren@gmail.com|234-555-1212
[INFO ]: se_demo.t0_docker_create_customer_0_1.t0_docker_create_customer - tLogRow_1 - Content of row 60: [tLogRow_1] 1159|159|Business|Via Real||Honolulu|||OR|US|Chester.Harding@gmail.com|234-555-1212
[INFO ]: se_demo.t0_docker_create_customer_0_1.t0_docker_create_customer - tLogRow_1 - Content of row 61: [tLogRow_1] 1160|160|Personnal|Katella Avenue||Raleigh|||NJ|US|Theodore.Arthur@gmail.com|234-555-1212
[INFO ]: se_demo.t0_docker_create_customer_0_1.t0_docker_create_customer - tLogRow_1 - Content of row 62: [tLogRow_1] 1161|161|Business|Harbor Dr||Denver|||VA|US|George.Madison@gmail.com|234-555-1212
[INFO ]: se_demo.t0_docker_create_customer_0_1.t0_docker_create_customer - tLogRow_1 - Content of row 63: [tLogRow_1] 1162|162|Personnal|Katella Avenue||Nashville|||OR|US|Andrew.Roosevelt@gmail.com|234-555-1212
[INFO ]: se_demo.t0_docker_create_customer_0_1.t0_docker_create_customer - tLogRow_1 - Content of row 64: [tLogRow_1] 1163|163|Personnal|Harbor Dr||Bismarck|||MN|US|Jimmy.Madison@gmail.com|234-555-1212
[INFO ]: se_demo.t0_docker_create_customer_0_1.t0_docker_create_customer - tLogRow_1 - Content of row 65: [tLogRow_1] 1164|164|Personnal|N Kentwood||Raleigh|||CT|US|John.Johnson@gmail.com|234-555-1212
[INFO ]: se_demo.t0_docker_create_customer_0_1.t0_docker_create_customer - tLogRow_1 - Content of row 66: [tLogRow_1] 1165|165|Business|Lake Tahoe Blvd.||Columbus|||CO|US|Thomas.Coolidge@gmail.com|234-555-1212
[INFO ]: se_demo.t0_docker_create_customer_0_1.t0_docker_create_customer - tLogRow_1 - Content of row 67: [tLogRow_1] 1166|166|Business|El Camino Real||Richmond|||WI|US|James.Truman@gmail.com|234-555-1212
[INFO ]: se_demo.t0_docker_create_customer_0_1.t0_docker_create_customer - tLogRow_1 - Content of row 68: [tLogRow_1] 1167|167|Personnal|Tully Road East||Raleigh|||UT|US|Andrew.Grant@gmail.com|234-555-1212
[INFO ]: se_demo.t0_docker_create_customer_0_1.t0_docker_create_customer - tLogRow_1 - Content of row 69: [tLogRow_1] 1168|168|Business|E Fowler Avenue||Springfield|||MA|US|Calvin.Arthur@gmail.com|234-555-1212
[INFO ]: se_demo.t0_docker_create_customer_0_1.t0_docker_create_customer - tLogRow_1 - Content of row 70: [tLogRow_1] 1169|169|Personnal|North Broadway Street||Sacramento|||OK|US|George.Roosevelt@gmail.com|234-555-1212
[INFO ]: se_demo.t0_docker_create_customer_0_1.t0_docker_create_customer - tLogRow_1 - Content of row 71: [tLogRow_1] 1170|170|Business|Burnett Road||Dover|||KY|US|Grover.Monroe@gmail.com|234-555-1212
[INFO ]: se_demo.t0_docker_create_customer_0_1.t0_docker_create_customer - tLogRow_1 - Content of row 72: [tLogRow_1] 1171|171|Business|East Fry Blvd.||Albany|||MT|US|Richard.Hayes@gmail.com|234-555-1212
[INFO ]: se_demo.t0_docker_create_customer_0_1.t0_docker_create_customer - tLogRow_1 - Content of row 73: [tLogRow_1] 1172|172|Business|Katella Avenue||Salem|||PA|US|Bill.Quincy@gmail.com|234-555-1212
[INFO ]: se_demo.t0_docker_create_customer_0_1.t0_docker_create_customer - tLogRow_1 - Content of row 74: [tLogRow_1] 1173|173|Personnal|Lawrenceville Suwanee||Columbia|||IN|US|Ronald.Garfield@gmail.com|234-555-1212
[INFO ]: se_demo.t0_docker_create_customer_0_1.t0_docker_create_customer - tLogRow_1 - Content of row 75: [tLogRow_1] 1174|174|Business|Fontaine Road||Denver|||OK|US|Dwight.Nixon@gmail.com|234-555-1212
[INFO ]: se_demo.t0_docker_create_customer_0_1.t0_docker_create_customer - tLogRow_1 - Content of row 76: [tLogRow_1] 1175|175|Business|Newbury Road||Boston|||NC|US|Abraham.Roosevelt@gmail.com|234-555-1212
[INFO ]: se_demo.t0_docker_create_customer_0_1.t0_docker_create_customer - tLogRow_1 - Content of row 77: [tLogRow_1] 1176|176|Business|Carpinteria North||Charleston|||MS|US|Ronald.Taft@gmail.com|234-555-1212
[INFO ]: se_demo.t0_docker_create_customer_0_1.t0_docker_create_customer - tLogRow_1 - Content of row 78: [tLogRow_1] 1177|177|Business|San Ysidro Blvd||Providence|||WY|US|Martin.Grant@gmail.com|234-555-1212
[INFO ]: se_demo.t0_docker_create_customer_0_1.t0_docker_create_customer - tLogRow_1 - Content of row 79: [tLogRow_1] 1178|178|Business|Moreno Drive||Topeka|||NJ|US|Warren.Quincy@gmail.com|234-555-1212
[INFO ]: se_demo.t0_docker_create_customer_0_1.t0_docker_create_customer - tLogRow_1 - Content of row 80: [tLogRow_1] 1179|179|Business|W. Russell St.||Juneau|||SD|US|Calvin.Ford@gmail.com|234-555-1212
[INFO ]: se_demo.t0_docker_create_customer_0_1.t0_docker_create_customer - tLogRow_1 - Content of row 81: [tLogRow_1] 1180|180|Business|Greenwood Road||Carson City|||MA|US|Benjamin.Grant@gmail.com|234-555-1212
[INFO ]: se_demo.t0_docker_create_customer_0_1.t0_docker_create_customer - tLogRow_1 - Content of row 82: [tLogRow_1] 1181|181|Personnal|French Camp Turnpike Road||Augusta|||WV|US|Millard.Reagan@gmail.com|234-555-1212
[INFO ]: se_demo.t0_docker_create_customer_0_1.t0_docker_create_customer - tLogRow_1 - Content of row 83: [tLogRow_1] 1182|182|Business|Newbury Road||Lincoln|||TX|US|Calvin.Clinton@gmail.com|234-555-1212
[INFO ]: se_demo.t0_docker_create_customer_0_1.t0_docker_create_customer - tLogRow_1 - Content of row 84: [tLogRow_1] 1183|183|Business|Corona Del Mar||Atlanta|||DE|US|Calvin.Monroe@gmail.com|234-555-1212
[INFO ]: se_demo.t0_docker_create_customer_0_1.t0_docker_create_customer - tLogRow_1 - Content of row 85: [tLogRow_1] 1184|184|Personnal|Carpinteria North||Boston|||KY|US|Franklin.Harding@gmail.com|234-555-1212
[INFO ]: se_demo.t0_docker_create_customer_0_1.t0_docker_create_customer - tLogRow_1 - Content of row 86: [tLogRow_1] 1185|185|Personnal|Jean de la Fontaine||Helena|||MO|US|George.Polk@gmail.com|234-555-1212
[INFO ]: se_demo.t0_docker_create_customer_0_1.t0_docker_create_customer - tLogRow_1 - Content of row 87: [tLogRow_1] 1186|186|Business|Via Real||Jefferson City|||HI|US|Harry.Eisenhower@gmail.com|234-555-1212
[INFO ]: se_demo.t0_docker_create_customer_0_1.t0_docker_create_customer - tLogRow_1 - Content of row 88: [tLogRow_1] 1187|187|Business|East 1st Street||Baton Rouge|||ND|US|Richard.Cleveland@gmail.com|234-555-1212
[INFO ]: se_demo.t0_docker_create_customer_0_1.t0_docker_create_customer - tLogRow_1 - Content of row 89: [tLogRow_1] 1188|188|Personnal|W. Russell St.||Montpelier|||ME|US|Warren.Van Buren@gmail.com|234-555-1212
[INFO ]: se_demo.t0_docker_create_customer_0_1.t0_docker_create_customer - tLogRow_1 - Content of row 90: [tLogRow_1] 1189|189|Business|Greenwood Road||Jackson|||NC|US|John.Roosevelt@gmail.com|234-555-1212
[INFO ]: se_demo.t0_docker_create_customer_0_1.t0_docker_create_customer - tLogRow_1 - Content of row 91: [tLogRow_1] 1190|190|Personnal|Cabrillo Highway||Madison|||AZ|US|Andrew.Harrison@gmail.com|234-555-1212
[INFO ]: se_demo.t0_docker_create_customer_0_1.t0_docker_create_customer - tLogRow_1 - Content of row 92: [tLogRow_1] 1191|191|Personnal|East Main Street||Saint Paul|||DE|US|Rutherford.Fillmore@gmail.com|234-555-1212
[INFO ]: se_demo.t0_docker_create_customer_0_1.t0_docker_create_customer - tLogRow_1 - Content of row 93: [tLogRow_1] 1192|192|Business|Bayshore Freeway||Honolulu|||UT|US|Ronald.Carter@gmail.com|234-555-1212
[INFO ]: se_demo.t0_docker_create_customer_0_1.t0_docker_create_customer - tLogRow_1 - Content of row 94: [tLogRow_1] 1193|193|Business|San Luis Obispo North||Carson City|||FL|US|Andrew.Taft@gmail.com|234-555-1212
[INFO ]: se_demo.t0_docker_create_customer_0_1.t0_docker_create_customer - tLogRow_1 - Content of row 95: [tLogRow_1] 1194|194|Business|North Broadway Street||Denver|||FL|US|Martin.Lincoln@gmail.com|234-555-1212
[INFO ]: se_demo.t0_docker_create_customer_0_1.t0_docker_create_customer - tLogRow_1 - Content of row 96: [tLogRow_1] 1195|195|Business|East Calle Primera||Indianapolis|||UT|US|Herbert.Washington@gmail.com|234-555-1212
[INFO ]: se_demo.t0_docker_create_customer_0_1.t0_docker_create_customer - tLogRow_1 - Content of row 97: [tLogRow_1] 1196|196|Business|French Camp Turnpike Road||Trenton|||OH|US|William.Quincy@gmail.com|234-555-1212
[INFO ]: se_demo.t0_docker_create_customer_0_1.t0_docker_create_customer - tLogRow_1 - Content of row 98: [tLogRow_1] 1197|197|Business|Cabrillo Highway||Dover|||OH|US|Bill.Harrison@gmail.com|234-555-1212
[INFO ]: se_demo.t0_docker_create_customer_0_1.t0_docker_create_customer - tLogRow_1 - Content of row 99: [tLogRow_1] 1198|198|Business|Timberlane Drive||Columbia|||CA|US|Martin.Fillmore@gmail.com|234-555-1212
[INFO ]: se_demo.t0_docker_create_customer_0_1.t0_docker_create_customer - tLogRow_1 - Content of row 100: [tLogRow_1] 1199|199|Personnal|San Diego Freeway||Austin|||WV|US|Calvin.Quincy@gmail.com|234-555-1212
[INFO ]: se_demo.t0_docker_create_customer_0_1.t0_docker_create_customer - tRowGenerator_1 - Generated records count:100 .
[INFO ]: se_demo.t0_docker_create_customer_0_1.t0_docker_create_customer - tLogRow_1 - Printed row count: 100.
[INFO ]: se_demo.t0_docker_create_customer_0_1.t0_docker_create_customer - tRowGenerator_2 - Generating records.
[INFO ]: se_demo.t0_docker_create_customer_0_1.t0_docker_create_customer - tRowGenerator_2 - Generated records count:10 .
[INFO ]: se_demo.t0_docker_create_customer_0_1.t0_docker_create_customer - tWarn_1 - Message: job: b45dae62-3e55-11e8-b2a9-080027f69c5a: subjob: Create Customers with Addresses: finished. Code: 0
[INFO ]: se_demo.t0_docker_create_customer_0_1.t0_docker_create_customer - tWarn_2 - Message: job: b45dae62-3e55-11e8-b2a9-080027f69c5a: finished. Code: 0
[INFO ]: se_demo.t0_docker_create_customer_0_1.t0_docker_create_customer - TalendJob: 't0_docker_create_customer' - Done.
