[INFO ]: se_demo.t0_docker_create_customer_0_1.t0_docker_create_customer - LoadContext_1_tFileExist_1 - Directory or file : /talend/config/talend.cfg doesn't exist.
[INFO ]: se_demo.t0_docker_create_customer_0_1.t0_docker_create_customer - LoadContext_1_tFileExist_2 - Directory or file : /talend/SE_DEMO/config/project.cfg doesn't exist.
[INFO ]: se_demo.t0_docker_create_customer_0_1.t0_docker_create_customer - LoadContext_1_tFileExist_3 - Directory or file : /talend/SE_DEMO/t0_docker_create_customer/config/job.cfg exists.
[INFO ]: se_demo.t0_docker_create_customer_0_1.t0_docker_create_customer - LoadContext_1_tFileInputDelimited_3 - Retrieving records from the datasource.
[INFO ]: se_demo.t0_docker_create_customer_0_1.t0_docker_create_customer - LoadContext_1_tFileInputDelimited_3 - Retrieved records count: 1.
[INFO ]: se_demo.t0_docker_create_customer_0_1.t0_docker_create_customer - LoadContext_1_tContextLoad_3 - Loaded contexts count: 1.
[INFO ]: se_demo.t0_docker_create_customer_0_1.t0_docker_create_customer - LoadContext_1_tFileExist_4 - Directory or file : /talend/SE_DEMO/t0_docker_create_customer/4a8e1144-2c61-11e8-8d9c-080027f69c5a/config/job_instance.cfg doesn't exist.
[INFO ]: se_demo.t0_docker_create_customer_0_1.t0_docker_create_customer - LogContext_1_tContextDump_2 - Dumping context.
[INFO ]: se_demo.t0_docker_create_customer_0_1.t0_docker_create_customer - LogContext_1_tContextDump_2 - Dumped contexts count: 39.
[INFO ]: se_demo.t0_docker_create_customer_0_1.t0_docker_create_customer - LogContext_1_tLogRow_2 - Content of row 1: address_rejects|address_rejects.csv
[INFO ]: se_demo.t0_docker_create_customer_0_1.t0_docker_create_customer - LogContext_1_tLogRow_2 - Content of row 2: addresses_file|addresses.csv
[INFO ]: se_demo.t0_docker_create_customer_0_1.t0_docker_create_customer - LogContext_1_tLogRow_2 - Content of row 3: amc_dir|/talend/SE_DEMO/t0_docker_create_customer/amc
[INFO ]: se_demo.t0_docker_create_customer_0_1.t0_docker_create_customer - LogContext_1_tLogRow_2 - Content of row 4: amc_log_file|amc_log.log
[INFO ]: se_demo.t0_docker_create_customer_0_1.t0_docker_create_customer - LogContext_1_tLogRow_2 - Content of row 5: amc_meter_file|amc_meter.log
[INFO ]: se_demo.t0_docker_create_customer_0_1.t0_docker_create_customer - LogContext_1_tLogRow_2 - Content of row 6: amc_stats_file|amc_stats.log
[INFO ]: se_demo.t0_docker_create_customer_0_1.t0_docker_create_customer - LogContext_1_tLogRow_2 - Content of row 7: config_dir|/talend/SE_DEMO/t0_docker_create_customer/4a8e1144-2c61-11e8-8d9c-080027f69c5a/config
[INFO ]: se_demo.t0_docker_create_customer_0_1.t0_docker_create_customer - LogContext_1_tLogRow_2 - Content of row 8: config_file|job_instance.cfg
[INFO ]: se_demo.t0_docker_create_customer_0_1.t0_docker_create_customer - LogContext_1_tLogRow_2 - Content of row 9: config_log_file|
[INFO ]: se_demo.t0_docker_create_customer_0_1.t0_docker_create_customer - LogContext_1_tLogRow_2 - Content of row 10: customer_only_records|10
[INFO ]: se_demo.t0_docker_create_customer_0_1.t0_docker_create_customer - LogContext_1_tLogRow_2 - Content of row 11: customers_file|customers.csv
[INFO ]: se_demo.t0_docker_create_customer_0_1.t0_docker_create_customer - LogContext_1_tLogRow_2 - Content of row 12: customers_rejected|customer_rejected.csv
[INFO ]: se_demo.t0_docker_create_customer_0_1.t0_docker_create_customer - LogContext_1_tLogRow_2 - Content of row 13: customers_target_state|customers_target_state.csv
[INFO ]: se_demo.t0_docker_create_customer_0_1.t0_docker_create_customer - LogContext_1_tLogRow_2 - Content of row 14: customers_valid|customers_valid.csv
[INFO ]: se_demo.t0_docker_create_customer_0_1.t0_docker_create_customer - LogContext_1_tLogRow_2 - Content of row 15: generated_customer|generated_customers.csv
[INFO ]: se_demo.t0_docker_create_customer_0_1.t0_docker_create_customer - LogContext_1_tLogRow_2 - Content of row 16: generated_customer_only|generated_customer_only.csv
[INFO ]: se_demo.t0_docker_create_customer_0_1.t0_docker_create_customer - LogContext_1_tLogRow_2 - Content of row 17: global_config_dir|/talend/config
[INFO ]: se_demo.t0_docker_create_customer_0_1.t0_docker_create_customer - LogContext_1_tLogRow_2 - Content of row 18: global_config_file|talend.cfg
[INFO ]: se_demo.t0_docker_create_customer_0_1.t0_docker_create_customer - LogContext_1_tLogRow_2 - Content of row 19: global_var|hardcoded_global_var
[INFO ]: se_demo.t0_docker_create_customer_0_1.t0_docker_create_customer - LogContext_1_tLogRow_2 - Content of row 20: in_dir|/home/eost/talend_distro/sample_job/volumes/talend/SE_DEMO/talend_sample_container_app/t0_docker_create_customer/in
[INFO ]: se_demo.t0_docker_create_customer_0_1.t0_docker_create_customer - LogContext_1_tLogRow_2 - Content of row 21: instance_var|hardcoded_instance_var
[INFO ]: se_demo.t0_docker_create_customer_0_1.t0_docker_create_customer - LogContext_1_tLogRow_2 - Content of row 22: job_config_dir|/talend/SE_DEMO/t0_docker_create_customer/config
[INFO ]: se_demo.t0_docker_create_customer_0_1.t0_docker_create_customer - LogContext_1_tLogRow_2 - Content of row 23: job_config_file|job.cfg
[INFO ]: se_demo.t0_docker_create_customer_0_1.t0_docker_create_customer - LogContext_1_tLogRow_2 - Content of row 24: job_id|4a8e1144-2c61-11e8-8d9c-080027f69c5a
[INFO ]: se_demo.t0_docker_create_customer_0_1.t0_docker_create_customer - LogContext_1_tLogRow_2 - Content of row 25: job_var|hardcoded_job_var
[INFO ]: se_demo.t0_docker_create_customer_0_1.t0_docker_create_customer - LogContext_1_tLogRow_2 - Content of row 26: log_dir|/talend/SE_DEMO/t0_docker_create_customer/4a8e1144-2c61-11e8-8d9c-080027f69c5a/log
[INFO ]: se_demo.t0_docker_create_customer_0_1.t0_docker_create_customer - LogContext_1_tLogRow_2 - Content of row 27: log_file|talend.log
[INFO ]: se_demo.t0_docker_create_customer_0_1.t0_docker_create_customer - LogContext_1_tLogRow_2 - Content of row 28: log_level|INFO
[INFO ]: se_demo.t0_docker_create_customer_0_1.t0_docker_create_customer - LogContext_1_tLogRow_2 - Content of row 29: out_dir|/talend/SE_DEMO/t0_docker_create_customer/4a8e1144-2c61-11e8-8d9c-080027f69c5a/out
[INFO ]: se_demo.t0_docker_create_customer_0_1.t0_docker_create_customer - LogContext_1_tLogRow_2 - Content of row 30: project_config_dir|/talend/SE_DEMO/config
[INFO ]: se_demo.t0_docker_create_customer_0_1.t0_docker_create_customer - LogContext_1_tLogRow_2 - Content of row 31: project_config_file|project.cfg
[INFO ]: se_demo.t0_docker_create_customer_0_1.t0_docker_create_customer - LogContext_1_tLogRow_2 - Content of row 32: project_var|hardcoded_project_var
[INFO ]: se_demo.t0_docker_create_customer_0_1.t0_docker_create_customer - LogContext_1_tLogRow_2 - Content of row 33: records|100
[INFO ]: se_demo.t0_docker_create_customer_0_1.t0_docker_create_customer - LogContext_1_tLogRow_2 - Content of row 34: rejected_customer|rejected_customers.csv
[INFO ]: se_demo.t0_docker_create_customer_0_1.t0_docker_create_customer - LogContext_1_tLogRow_2 - Content of row 35: rejected_customer_only|rejected_customers_only.csv
[INFO ]: se_demo.t0_docker_create_customer_0_1.t0_docker_create_customer - LogContext_1_tLogRow_2 - Content of row 36: root_dir|/talend
[INFO ]: se_demo.t0_docker_create_customer_0_1.t0_docker_create_customer - LogContext_1_tLogRow_2 - Content of row 37: sequenceStart|100
[INFO ]: se_demo.t0_docker_create_customer_0_1.t0_docker_create_customer - LogContext_1_tLogRow_2 - Content of row 38: states_file|states.csv
[INFO ]: se_demo.t0_docker_create_customer_0_1.t0_docker_create_customer - LogContext_1_tLogRow_2 - Content of row 39: temp_dir|/talend/SE_DEMO/t0_docker_create_customer/4a8e1144-2c61-11e8-8d9c-080027f69c5a/temp
[INFO ]: se_demo.t0_docker_create_customer_0_1.t0_docker_create_customer - LogContext_1_tLogRow_2 - Printed row count: 39.
[INFO ]: se_demo.t0_docker_create_customer_0_1.t0_docker_create_customer - talendStats_FILE - Creating directory '/talend/SE_DEMO/t0_docker_create_customer/amc/talend/SE_DEMO/t0_docker_create_customer/amc'.
[INFO ]: se_demo.t0_docker_create_customer_0_1.t0_docker_create_customer - talendStats_FILE - The directory '/talend/SE_DEMO/t0_docker_create_customer/amc/talend/SE_DEMO/t0_docker_create_customer/amc' has been created successfully.
[INFO ]: se_demo.t0_docker_create_customer_0_1.t0_docker_create_customer - tWarn_3 - Message: job: 4a8e1144-2c61-11e8-8d9c-080027f69c5a: started. Code: 0
[INFO ]: se_demo.t0_docker_create_customer_0_1.t0_docker_create_customer - tWarn_4 - Message: job: 4a8e1144-2c61-11e8-8d9c-080027f69c5a: subjob: Create Customers with Addresses: started. Code: 0
[ERROR]: se_demo.t0_docker_create_customer_0_1.t0_docker_create_customer - tFileInputDelimited_2 - /home/eost/talend_distro/sample_job/volumes/talend/SE_DEMO/talend_sample_container_app/t0_docker_create_customer/in/states.csv (No such file or directory)
[INFO ]: se_demo.t0_docker_create_customer_0_1.t0_docker_create_customer - tFileInputDelimited_2 - Retrieving records from the datasource.
[INFO ]: se_demo.t0_docker_create_customer_0_1.t0_docker_create_customer - tFileInputDelimited_2 - Retrieved records count: 0.
[INFO ]: se_demo.t0_docker_create_customer_0_1.t0_docker_create_customer - tRowGenerator_1 - Generating records.
[INFO ]: se_demo.t0_docker_create_customer_0_1.t0_docker_create_customer - tLogRow_1 - Content of row 1: [tLogRow_1] 1100|100|Business|Carpinteria South||Topeka||||US|Rutherford.Adams@gmail.com|234-555-1212
[INFO ]: se_demo.t0_docker_create_customer_0_1.t0_docker_create_customer - tLogRow_1 - Content of row 2: [tLogRow_1] 1101|101|Personnal|Apalachee Parkway||Albany||||US|John.Quincy@gmail.com|234-555-1212
[INFO ]: se_demo.t0_docker_create_customer_0_1.t0_docker_create_customer - tLogRow_1 - Content of row 3: [tLogRow_1] 1102|102|Personnal|North Preisker Lane||Boise||||US|James.Harrison@gmail.com|234-555-1212
[INFO ]: se_demo.t0_docker_create_customer_0_1.t0_docker_create_customer - tLogRow_1 - Content of row 4: [tLogRow_1] 1103|103|Business|East Fry Blvd.||Santa Fe||||US|Ronald.McKinley@gmail.com|234-555-1212
[INFO ]: se_demo.t0_docker_create_customer_0_1.t0_docker_create_customer - tLogRow_1 - Content of row 5: [tLogRow_1] 1104|104|Business|San Luis Obispo North||Columbia||||US|Chester.Ford@gmail.com|234-555-1212
[INFO ]: se_demo.t0_docker_create_customer_0_1.t0_docker_create_customer - tLogRow_1 - Content of row 6: [tLogRow_1] 1105|105|Personnal|North Atherton Street||Richmond||||US|Millard.Jackson@gmail.com|234-555-1212
[INFO ]: se_demo.t0_docker_create_customer_0_1.t0_docker_create_customer - tLogRow_1 - Content of row 7: [tLogRow_1] 1106|106|Business|Erringer Road||Baton Rouge||||US|John.Truman@gmail.com|234-555-1212
[INFO ]: se_demo.t0_docker_create_customer_0_1.t0_docker_create_customer - tLogRow_1 - Content of row 8: [tLogRow_1] 1107|107|Personnal|Katella Avenue||Oklahoma City||||US|William.Hayes@gmail.com|234-555-1212
[INFO ]: se_demo.t0_docker_create_customer_0_1.t0_docker_create_customer - tLogRow_1 - Content of row 9: [tLogRow_1] 1108|108|Business|San Luis Obispo North||Trenton||||US|Rutherford.Cleveland@gmail.com|234-555-1212
[INFO ]: se_demo.t0_docker_create_customer_0_1.t0_docker_create_customer - tLogRow_1 - Content of row 10: [tLogRow_1] 1109|109|Personnal|Lake Tahoe Blvd.||Springfield||||US|James.Madison@gmail.com|234-555-1212
[INFO ]: se_demo.t0_docker_create_customer_0_1.t0_docker_create_customer - tLogRow_1 - Content of row 11: [tLogRow_1] 1110|110|Business|San Simeon||Indianapolis||||US|Grover.Taft@gmail.com|234-555-1212
[INFO ]: se_demo.t0_docker_create_customer_0_1.t0_docker_create_customer - tLogRow_1 - Content of row 12: [tLogRow_1] 1111|111|Business|Calle Real||Jefferson City||||US|Grover.Tyler@gmail.com|234-555-1212
[INFO ]: se_demo.t0_docker_create_customer_0_1.t0_docker_create_customer - tLogRow_1 - Content of row 13: [tLogRow_1] 1112|112|Personnal|Steele Lane||Denver||||US|Benjamin.Eisenhower@gmail.com|234-555-1212
[INFO ]: se_demo.t0_docker_create_customer_0_1.t0_docker_create_customer - tLogRow_1 - Content of row 14: [tLogRow_1] 1113|113|Personnal|Via Real||Richmond||||US|Gerald.Jefferson@gmail.com|234-555-1212
[INFO ]: se_demo.t0_docker_create_customer_0_1.t0_docker_create_customer - tLogRow_1 - Content of row 15: [tLogRow_1] 1114|114|Business|Bayshore Freeway||Santa Fe||||US|Chester.Garfield@gmail.com|234-555-1212
[INFO ]: se_demo.t0_docker_create_customer_0_1.t0_docker_create_customer - tLogRow_1 - Content of row 16: [tLogRow_1] 1115|115|Business|Richmond Hill||Hartford||||US|William.Fillmore@gmail.com|234-555-1212
[INFO ]: se_demo.t0_docker_create_customer_0_1.t0_docker_create_customer - tLogRow_1 - Content of row 17: [tLogRow_1] 1116|116|Personnal|Fontaine Road||Phoenix||||US|Dwight.Madison@gmail.com|234-555-1212
[INFO ]: se_demo.t0_docker_create_customer_0_1.t0_docker_create_customer - tLogRow_1 - Content of row 18: [tLogRow_1] 1117|117|Personnal|Katella Avenue||Columbus||||US|Theodore.Cleveland@gmail.com|234-555-1212
[INFO ]: se_demo.t0_docker_create_customer_0_1.t0_docker_create_customer - tLogRow_1 - Content of row 19: [tLogRow_1] 1118|118|Business|Bailard Avenue||Atlanta||||US|Dwight.Reagan@gmail.com|234-555-1212
[INFO ]: se_demo.t0_docker_create_customer_0_1.t0_docker_create_customer - tLogRow_1 - Content of row 20: [tLogRow_1] 1119|119|Business|Moreno Drive||Tallahassee||||US|Theodore.Roosevelt@gmail.com|234-555-1212
[INFO ]: se_demo.t0_docker_create_customer_0_1.t0_docker_create_customer - tLogRow_1 - Content of row 21: [tLogRow_1] 1120|120|Business|South Roosevelt Drive||Pierre||||US|Lyndon.Harrison@gmail.com|234-555-1212
[INFO ]: se_demo.t0_docker_create_customer_0_1.t0_docker_create_customer - tLogRow_1 - Content of row 22: [tLogRow_1] 1121|121|Business|Tanger Blvd||Springfield||||US|Benjamin.Jackson@gmail.com|234-555-1212
[INFO ]: se_demo.t0_docker_create_customer_0_1.t0_docker_create_customer - tLogRow_1 - Content of row 23: [tLogRow_1] 1122|122|Business|North Preisker Lane||Boston||||US|Rutherford.Tyler@gmail.com|234-555-1212
[INFO ]: se_demo.t0_docker_create_customer_0_1.t0_docker_create_customer - tLogRow_1 - Content of row 24: [tLogRow_1] 1123|123|Personnal|South Highway||Oklahoma City||||US|Thomas.Johnson@gmail.com|234-555-1212
[INFO ]: se_demo.t0_docker_create_customer_0_1.t0_docker_create_customer - tLogRow_1 - Content of row 25: [tLogRow_1] 1124|124|Business|Erringer Road||Little Rock||||US|Jimmy.Arthur@gmail.com|234-555-1212
[INFO ]: se_demo.t0_docker_create_customer_0_1.t0_docker_create_customer - tLogRow_1 - Content of row 26: [tLogRow_1] 1125|125|Business|Carpinteria South||Atlanta||||US|Benjamin.Washington@gmail.com|234-555-1212
[INFO ]: se_demo.t0_docker_create_customer_0_1.t0_docker_create_customer - tLogRow_1 - Content of row 27: [tLogRow_1] 1126|126|Business|W. Russell St.||Lansing||||US|Franklin.Clinton@gmail.com|234-555-1212
[INFO ]: se_demo.t0_docker_create_customer_0_1.t0_docker_create_customer - tLogRow_1 - Content of row 28: [tLogRow_1] 1127|127|Personnal|East Calle Primera||Bismarck||||US|Dwight.Reagan@gmail.com|234-555-1212
[INFO ]: se_demo.t0_docker_create_customer_0_1.t0_docker_create_customer - tLogRow_1 - Content of row 29: [tLogRow_1] 1128|128|Business|Hutchinson Rd||Harrisburg||||US|James.Johnson@gmail.com|234-555-1212
[INFO ]: se_demo.t0_docker_create_customer_0_1.t0_docker_create_customer - tLogRow_1 - Content of row 30: [tLogRow_1] 1129|129|Personnal|Calle Real||Juneau||||US|Jimmy.Truman@gmail.com|234-555-1212
[INFO ]: se_demo.t0_docker_create_customer_0_1.t0_docker_create_customer - tLogRow_1 - Content of row 31: [tLogRow_1] 1130|130|Business|Camelback Rd||Concord||||US|James.Van Buren@gmail.com|234-555-1212
[INFO ]: se_demo.t0_docker_create_customer_0_1.t0_docker_create_customer - tLogRow_1 - Content of row 32: [tLogRow_1] 1131|131|Personnal|North Atherton Street||Tallahassee||||US|Dwight.Madison@gmail.com|234-555-1212
[INFO ]: se_demo.t0_docker_create_customer_0_1.t0_docker_create_customer - tLogRow_1 - Content of row 33: [tLogRow_1] 1132|132|Personnal|Carpinteria Avenue||Little Rock||||US|Richard.Jefferson@gmail.com|234-555-1212
[INFO ]: se_demo.t0_docker_create_customer_0_1.t0_docker_create_customer - tLogRow_1 - Content of row 34: [tLogRow_1] 1133|133|Personnal|Redwood Highway||Cheyenne||||US|Harry.Taft@gmail.com|234-555-1212
[INFO ]: se_demo.t0_docker_create_customer_0_1.t0_docker_create_customer - tLogRow_1 - Content of row 35: [tLogRow_1] 1134|134|Business|Lake Tahoe Blvd.||Phoenix||||US|William.Ford@gmail.com|234-555-1212
[INFO ]: se_demo.t0_docker_create_customer_0_1.t0_docker_create_customer - tLogRow_1 - Content of row 36: [tLogRow_1] 1135|135|Business|Fontaine Road||Salt Lake City||||US|Franklin.Harrison@gmail.com|234-555-1212
[INFO ]: se_demo.t0_docker_create_customer_0_1.t0_docker_create_customer - tLogRow_1 - Content of row 37: [tLogRow_1] 1136|136|Business|Steele Lane||Tallahassee||||US|John.Adams@gmail.com|234-555-1212
[INFO ]: se_demo.t0_docker_create_customer_0_1.t0_docker_create_customer - tLogRow_1 - Content of row 38: [tLogRow_1] 1137|137|Personnal|East 1st Street||Hartford||||US|Theodore.Polk@gmail.com|234-555-1212
[INFO ]: se_demo.t0_docker_create_customer_0_1.t0_docker_create_customer - tLogRow_1 - Content of row 39: [tLogRow_1] 1138|138|Business|Moreno Drive||Providence||||US|James.Quincy@gmail.com|234-555-1212
[INFO ]: se_demo.t0_docker_create_customer_0_1.t0_docker_create_customer - tLogRow_1 - Content of row 40: [tLogRow_1] 1139|139|Business|San Ysidro Blvd||Frankfort||||US|Jimmy.Taft@gmail.com|234-555-1212
[INFO ]: se_demo.t0_docker_create_customer_0_1.t0_docker_create_customer - tLogRow_1 - Content of row 41: [tLogRow_1] 1140|140|Personnal|Via Real||Pierre||||US|Rutherford.Jefferson@gmail.com|234-555-1212
[INFO ]: se_demo.t0_docker_create_customer_0_1.t0_docker_create_customer - tLogRow_1 - Content of row 42: [tLogRow_1] 1141|141|Business|Katella Avenue||Olympia||||US|Thomas.Coolidge@gmail.com|234-555-1212
[INFO ]: se_demo.t0_docker_create_customer_0_1.t0_docker_create_customer - tLogRow_1 - Content of row 43: [tLogRow_1] 1142|142|Business|Richmond Hill||Albany||||US|Dwight.Van Buren@gmail.com|234-555-1212
[INFO ]: se_demo.t0_docker_create_customer_0_1.t0_docker_create_customer - tLogRow_1 - Content of row 44: [tLogRow_1] 1143|143|Business|Jones Road||Lincoln||||US|Benjamin.Nixon@gmail.com|234-555-1212
[INFO ]: se_demo.t0_docker_create_customer_0_1.t0_docker_create_customer - tLogRow_1 - Content of row 45: [tLogRow_1] 1144|144|Personnal|East Fry Blvd.||Little Rock||||US|Franklin.Buchanan@gmail.com|234-555-1212
[INFO ]: se_demo.t0_docker_create_customer_0_1.t0_docker_create_customer - tLogRow_1 - Content of row 46: [tLogRow_1] 1145|145|Business|Steele Lane||Frankfort||||US|Warren.Monroe@gmail.com|234-555-1212
[INFO ]: se_demo.t0_docker_create_customer_0_1.t0_docker_create_customer - tLogRow_1 - Content of row 47: [tLogRow_1] 1146|146|Personnal|Richmond Hill||Madison||||US|Franklin.Madison@gmail.com|234-555-1212
[INFO ]: se_demo.t0_docker_create_customer_0_1.t0_docker_create_customer - tLogRow_1 - Content of row 48: [tLogRow_1] 1147|147|Personnal|Lawrenceville Suwanee||Hartford||||US|Franklin.Cleveland@gmail.com|234-555-1212
[INFO ]: se_demo.t0_docker_create_customer_0_1.t0_docker_create_customer - tLogRow_1 - Content of row 49: [tLogRow_1] 1148|148|Personnal|Newbury Road||Saint Paul||||US|James.Eisenhower@gmail.com|234-555-1212
[INFO ]: se_demo.t0_docker_create_customer_0_1.t0_docker_create_customer - tLogRow_1 - Content of row 50: [tLogRow_1] 1149|149|Business|San Marcos||Augusta||||US|Bill.Johnson@gmail.com|234-555-1212
[INFO ]: se_demo.t0_docker_create_customer_0_1.t0_docker_create_customer - tLogRow_1 - Content of row 51: [tLogRow_1] 1150|150|Business|North Preisker Lane||Topeka||||US|Benjamin.Hoover@gmail.com|234-555-1212
[INFO ]: se_demo.t0_docker_create_customer_0_1.t0_docker_create_customer - tLogRow_1 - Content of row 52: [tLogRow_1] 1151|151|Personnal|Woodson Rd.||Lincoln||||US|Richard.Roosevelt@gmail.com|234-555-1212
[INFO ]: se_demo.t0_docker_create_customer_0_1.t0_docker_create_customer - tLogRow_1 - Content of row 53: [tLogRow_1] 1152|152|Personnal|Santa Rosa North||Providence||||US|Millard.Grant@gmail.com|234-555-1212
[INFO ]: se_demo.t0_docker_create_customer_0_1.t0_docker_create_customer - tLogRow_1 - Content of row 54: [tLogRow_1] 1153|153|Business|Carpinteria North||Juneau||||US|Grover.Clinton@gmail.com|234-555-1212
[INFO ]: se_demo.t0_docker_create_customer_0_1.t0_docker_create_customer - tLogRow_1 - Content of row 55: [tLogRow_1] 1154|154|Business|Moreno Drive||Jackson||||US|Dwight.Adams@gmail.com|234-555-1212
[INFO ]: se_demo.t0_docker_create_customer_0_1.t0_docker_create_customer - tLogRow_1 - Content of row 56: [tLogRow_1] 1155|155|Business|Cerrillos Road||Atlanta||||US|Thomas.McKinley@gmail.com|234-555-1212
[INFO ]: se_demo.t0_docker_create_customer_0_1.t0_docker_create_customer - tLogRow_1 - Content of row 57: [tLogRow_1] 1156|156|Business|San Luis Obispo North||Bismarck||||US|Millard.Johnson@gmail.com|234-555-1212
[INFO ]: se_demo.t0_docker_create_customer_0_1.t0_docker_create_customer - tLogRow_1 - Content of row 58: [tLogRow_1] 1157|157|Business|Tully Road East||Jefferson City||||US|Herbert.Quincy@gmail.com|234-555-1212
[INFO ]: se_demo.t0_docker_create_customer_0_1.t0_docker_create_customer - tLogRow_1 - Content of row 59: [tLogRow_1] 1158|158|Business|North Ventu Park Road||Tallahassee||||US|Franklin.Garfield@gmail.com|234-555-1212
[INFO ]: se_demo.t0_docker_create_customer_0_1.t0_docker_create_customer - tLogRow_1 - Content of row 60: [tLogRow_1] 1159|159|Personnal|Pacific Hwy S||Concord||||US|Warren.Hoover@gmail.com|234-555-1212
[INFO ]: se_demo.t0_docker_create_customer_0_1.t0_docker_create_customer - tLogRow_1 - Content of row 61: [tLogRow_1] 1160|160|Business|Steele Lane||Saint Paul||||US|George.Roosevelt@gmail.com|234-555-1212
[INFO ]: se_demo.t0_docker_create_customer_0_1.t0_docker_create_customer - tLogRow_1 - Content of row 62: [tLogRow_1] 1161|161|Personnal|Cleveland Ave.||Hartford||||US|Dwight.Tyler@gmail.com|234-555-1212
[INFO ]: se_demo.t0_docker_create_customer_0_1.t0_docker_create_customer - tLogRow_1 - Content of row 63: [tLogRow_1] 1162|162|Personnal|Santa Ana Freeway||Phoenix||||US|Ronald.Roosevelt@gmail.com|234-555-1212
[INFO ]: se_demo.t0_docker_create_customer_0_1.t0_docker_create_customer - tLogRow_1 - Content of row 64: [tLogRow_1] 1163|163|Personnal|Burnett Road||Lincoln||||US|John.Adams@gmail.com|234-555-1212
[INFO ]: se_demo.t0_docker_create_customer_0_1.t0_docker_create_customer - tLogRow_1 - Content of row 65: [tLogRow_1] 1164|164|Business|Erringer Road||Tallahassee||||US|Lyndon.Jackson@gmail.com|234-555-1212
[INFO ]: se_demo.t0_docker_create_customer_0_1.t0_docker_create_customer - tLogRow_1 - Content of row 66: [tLogRow_1] 1165|165|Personnal|Lindbergh Blvd||Columbia||||US|Martin.Quincy@gmail.com|234-555-1212
[INFO ]: se_demo.t0_docker_create_customer_0_1.t0_docker_create_customer - tLogRow_1 - Content of row 67: [tLogRow_1] 1166|166|Personnal|San Luis Obispo North||Olympia||||US|William.Harding@gmail.com|234-555-1212
[INFO ]: se_demo.t0_docker_create_customer_0_1.t0_docker_create_customer - tLogRow_1 - Content of row 68: [tLogRow_1] 1167|167|Business|Lawrenceville Suwanee||Augusta||||US|Harry.McKinley@gmail.com|234-555-1212
[INFO ]: se_demo.t0_docker_create_customer_0_1.t0_docker_create_customer - tLogRow_1 - Content of row 69: [tLogRow_1] 1168|168|Business|W. Russell St.||Lansing||||US|Rutherford.Washington@gmail.com|234-555-1212
[INFO ]: se_demo.t0_docker_create_customer_0_1.t0_docker_create_customer - tLogRow_1 - Content of row 70: [tLogRow_1] 1169|169|Business|Jones Road||Helena||||US|Rutherford.Taylor@gmail.com|234-555-1212
[INFO ]: se_demo.t0_docker_create_customer_0_1.t0_docker_create_customer - tLogRow_1 - Content of row 71: [tLogRow_1] 1170|170|Business|North Ventu Park Road||Salem||||US|Gerald.Arthur@gmail.com|234-555-1212
[INFO ]: se_demo.t0_docker_create_customer_0_1.t0_docker_create_customer - tLogRow_1 - Content of row 72: [tLogRow_1] 1171|171|Business|Greenwood Road||Sacramento||||US|Millard.Jackson@gmail.com|234-555-1212
[INFO ]: se_demo.t0_docker_create_customer_0_1.t0_docker_create_customer - tLogRow_1 - Content of row 73: [tLogRow_1] 1172|172|Business|Santa Rosa North||Jefferson City||||US|Grover.Polk@gmail.com|234-555-1212
[INFO ]: se_demo.t0_docker_create_customer_0_1.t0_docker_create_customer - tLogRow_1 - Content of row 74: [tLogRow_1] 1173|173|Business|Pacific Hwy S||Little Rock||||US|Bill.Washington@gmail.com|234-555-1212
[INFO ]: se_demo.t0_docker_create_customer_0_1.t0_docker_create_customer - tLogRow_1 - Content of row 75: [tLogRow_1] 1174|174|Personnal|Santa Monica Road||Trenton||||US|Woodrow.Nixon@gmail.com|234-555-1212
[INFO ]: se_demo.t0_docker_create_customer_0_1.t0_docker_create_customer - tLogRow_1 - Content of row 76: [tLogRow_1] 1175|175|Personnal|Westside Freeway||Montpelier||||US|Woodrow.Quincy@gmail.com|234-555-1212
[INFO ]: se_demo.t0_docker_create_customer_0_1.t0_docker_create_customer - tLogRow_1 - Content of row 77: [tLogRow_1] 1176|176|Personnal|Carpinteria South||Oklahoma City||||US|Ronald.Cleveland@gmail.com|234-555-1212
[INFO ]: se_demo.t0_docker_create_customer_0_1.t0_docker_create_customer - tLogRow_1 - Content of row 78: [tLogRow_1] 1177|177|Personnal|Santa Rosa North||Denver||||US|Ronald.Carter@gmail.com|234-555-1212
[INFO ]: se_demo.t0_docker_create_customer_0_1.t0_docker_create_customer - tLogRow_1 - Content of row 79: [tLogRow_1] 1178|178|Business|Woodson Rd.||Madison||||US|Herbert.Adams@gmail.com|234-555-1212
[INFO ]: se_demo.t0_docker_create_customer_0_1.t0_docker_create_customer - tLogRow_1 - Content of row 80: [tLogRow_1] 1179|179|Personnal|N Harrison St||Lansing||||US|Grover.Nixon@gmail.com|234-555-1212
[INFO ]: se_demo.t0_docker_create_customer_0_1.t0_docker_create_customer - tLogRow_1 - Content of row 81: [tLogRow_1] 1180|180|Business|San Marcos||Nashville||||US|George.Adams@gmail.com|234-555-1212
[INFO ]: se_demo.t0_docker_create_customer_0_1.t0_docker_create_customer - tLogRow_1 - Content of row 82: [tLogRow_1] 1181|181|Personnal|San Marcos||Lincoln||||US|George.Coolidge@gmail.com|234-555-1212
[INFO ]: se_demo.t0_docker_create_customer_0_1.t0_docker_create_customer - tLogRow_1 - Content of row 83: [tLogRow_1] 1182|182|Business|Jean de la Fontaine||Denver||||US|William.Carter@gmail.com|234-555-1212
[INFO ]: se_demo.t0_docker_create_customer_0_1.t0_docker_create_customer - tLogRow_1 - Content of row 84: [tLogRow_1] 1183|183|Business|Carpinteria Avenue||Salt Lake City||||US|Thomas.Monroe@gmail.com|234-555-1212
[INFO ]: se_demo.t0_docker_create_customer_0_1.t0_docker_create_customer - tLogRow_1 - Content of row 85: [tLogRow_1] 1184|184|Personnal|Cleveland Ave.||Providence||||US|Herbert.Cleveland@gmail.com|234-555-1212
[INFO ]: se_demo.t0_docker_create_customer_0_1.t0_docker_create_customer - tLogRow_1 - Content of row 86: [tLogRow_1] 1185|185|Business|Bowles Avenue||Phoenix||||US|Benjamin.Carter@gmail.com|234-555-1212
[INFO ]: se_demo.t0_docker_create_customer_0_1.t0_docker_create_customer - tLogRow_1 - Content of row 87: [tLogRow_1] 1186|186|Business|East 1st Street||Frankfort||||US|Chester.Adams@gmail.com|234-555-1212
[INFO ]: se_demo.t0_docker_create_customer_0_1.t0_docker_create_customer - tLogRow_1 - Content of row 88: [tLogRow_1] 1187|187|Business|Tanger Blvd||Pierre||||US|Ulysses.Reagan@gmail.com|234-555-1212
[INFO ]: se_demo.t0_docker_create_customer_0_1.t0_docker_create_customer - tLogRow_1 - Content of row 89: [tLogRow_1] 1188|188|Personnal|Camelback Rd||Lincoln||||US|Ulysses.Reagan@gmail.com|234-555-1212
[INFO ]: se_demo.t0_docker_create_customer_0_1.t0_docker_create_customer - tLogRow_1 - Content of row 90: [tLogRow_1] 1189|189|Personnal|Cleveland Ave.||Boston||||US|Richard.Eisenhower@gmail.com|234-555-1212
[INFO ]: se_demo.t0_docker_create_customer_0_1.t0_docker_create_customer - tLogRow_1 - Content of row 91: [tLogRow_1] 1190|190|Personnal|Lawrenceville Suwanee||Hartford||||US|Lyndon.Grant@gmail.com|234-555-1212
[INFO ]: se_demo.t0_docker_create_customer_0_1.t0_docker_create_customer - tLogRow_1 - Content of row 92: [tLogRow_1] 1191|191|Business|Camelback Rd||Nashville||||US|Gerald.Adams@gmail.com|234-555-1212
[INFO ]: se_demo.t0_docker_create_customer_0_1.t0_docker_create_customer - tLogRow_1 - Content of row 93: [tLogRow_1] 1192|192|Personnal|North Ventu Park Road||Augusta||||US|Jimmy.Carter@gmail.com|234-555-1212
[INFO ]: se_demo.t0_docker_create_customer_0_1.t0_docker_create_customer - tLogRow_1 - Content of row 94: [tLogRow_1] 1193|193|Personnal|Santa Rosa South||Olympia||||US|William.Garfield@gmail.com|234-555-1212
[INFO ]: se_demo.t0_docker_create_customer_0_1.t0_docker_create_customer - tLogRow_1 - Content of row 95: [tLogRow_1] 1194|194|Business|W. Russell St.||Pierre||||US|Abraham.Polk@gmail.com|234-555-1212
[INFO ]: se_demo.t0_docker_create_customer_0_1.t0_docker_create_customer - tLogRow_1 - Content of row 96: [tLogRow_1] 1195|195|Business|Harry S Truman Blvd||Harrisburg||||US|Franklin.Nixon@gmail.com|234-555-1212
[INFO ]: se_demo.t0_docker_create_customer_0_1.t0_docker_create_customer - tLogRow_1 - Content of row 97: [tLogRow_1] 1196|196|Personnal|Steele Lane||Tallahassee||||US|Dwight.Jefferson@gmail.com|234-555-1212
[INFO ]: se_demo.t0_docker_create_customer_0_1.t0_docker_create_customer - tLogRow_1 - Content of row 98: [tLogRow_1] 1197|197|Business|Padre Boulevard||Harrisburg||||US|Dwight.Jackson@gmail.com|234-555-1212
[INFO ]: se_demo.t0_docker_create_customer_0_1.t0_docker_create_customer - tLogRow_1 - Content of row 99: [tLogRow_1] 1198|198|Personnal|San Marcos||Springfield||||US|Chester.Hayes@gmail.com|234-555-1212
[INFO ]: se_demo.t0_docker_create_customer_0_1.t0_docker_create_customer - tLogRow_1 - Content of row 100: [tLogRow_1] 1199|199|Business|East Fry Blvd.||Olympia||||US|Benjamin.Garfield@gmail.com|234-555-1212
[INFO ]: se_demo.t0_docker_create_customer_0_1.t0_docker_create_customer - tRowGenerator_1 - Generated records count:100 .
[INFO ]: se_demo.t0_docker_create_customer_0_1.t0_docker_create_customer - tLogRow_1 - Printed row count: 100.
[INFO ]: se_demo.t0_docker_create_customer_0_1.t0_docker_create_customer - tRowGenerator_2 - Generating records.
[INFO ]: se_demo.t0_docker_create_customer_0_1.t0_docker_create_customer - tRowGenerator_2 - Generated records count:10 .
[INFO ]: se_demo.t0_docker_create_customer_0_1.t0_docker_create_customer - tWarn_1 - Message: job: 4a8e1144-2c61-11e8-8d9c-080027f69c5a: subjob: Create Customers with Addresses: finished. Code: 0
[INFO ]: se_demo.t0_docker_create_customer_0_1.t0_docker_create_customer - tWarn_2 - Message: job: 4a8e1144-2c61-11e8-8d9c-080027f69c5a: finished. Code: 0
[INFO ]: se_demo.t0_docker_create_customer_0_1.t0_docker_create_customer - TalendJob: 't0_docker_create_customer' - Done.
