[INFO ]: se_demo.t0_docker_create_customer_0_1.t0_docker_create_customer - tRowGenerator_1 - Generating records.
[INFO ]: se_demo.t0_docker_create_customer_0_1.t0_docker_create_customer - tLogRow_1 - Content of row 1: [tLogRow_1] 1100|100|Business|Pacific Hwy S||Harrisburg|||NJ|US|Warren.Wilson@gmail.com|234-555-1212
[INFO ]: se_demo.t0_docker_create_customer_0_1.t0_docker_create_customer - tLogRow_1 - Content of row 2: [tLogRow_1] 1101|101|Personnal|Lindbergh Blvd||Baton Rouge|||NV|US|Warren.Madison@gmail.com|234-555-1212
[INFO ]: se_demo.t0_docker_create_customer_0_1.t0_docker_create_customer - tLogRow_1 - Content of row 3: [tLogRow_1] 1102|102|Business|Harbor Dr||Concord|||MA|US|William.Van Buren@gmail.com|234-555-1212
[INFO ]: se_demo.t0_docker_create_customer_0_1.t0_docker_create_customer - tLogRow_1 - Content of row 4: [tLogRow_1] 1103|103|Business|Jones Road||Hartford|||MD|US|Jimmy.Jefferson@gmail.com|234-555-1212
[INFO ]: se_demo.t0_docker_create_customer_0_1.t0_docker_create_customer - tLogRow_1 - Content of row 5: [tLogRow_1] 1104|104|Personnal|N Kentwood||Salt Lake City|||KS|US|William.Wilson@gmail.com|234-555-1212
[INFO ]: se_demo.t0_docker_create_customer_0_1.t0_docker_create_customer - tLogRow_1 - Content of row 6: [tLogRow_1] 1105|105|Business|San Luis Obispo North||Topeka|||MO|US|Grover.Roosevelt@gmail.com|234-555-1212
[INFO ]: se_demo.t0_docker_create_customer_0_1.t0_docker_create_customer - tLogRow_1 - Content of row 7: [tLogRow_1] 1106|106|Personnal|San Luis Obispo North||Phoenix|||SC|US|Grover.Quincy@gmail.com|234-555-1212
[INFO ]: se_demo.t0_docker_create_customer_0_1.t0_docker_create_customer - tLogRow_1 - Content of row 8: [tLogRow_1] 1107|107|Personnal|East Fry Blvd.||Atlanta|||HI|US|Chester.Quincy@gmail.com|234-555-1212
[INFO ]: se_demo.t0_docker_create_customer_0_1.t0_docker_create_customer - tLogRow_1 - Content of row 9: [tLogRow_1] 1108|108|Personnal|Santa Monica Road||Bismarck|||IL|US|Bill.Reagan@gmail.com|234-555-1212
[INFO ]: se_demo.t0_docker_create_customer_0_1.t0_docker_create_customer - tLogRow_1 - Content of row 10: [tLogRow_1] 1109|109|Business|Jean de la Fontaine||Indianapolis|||GA|US|Benjamin.Taft@gmail.com|234-555-1212
[INFO ]: se_demo.t0_docker_create_customer_0_1.t0_docker_create_customer - tLogRow_1 - Content of row 11: [tLogRow_1] 1110|110|Personnal|Burnett Road||Charleston|||CA|US|John.Roosevelt@gmail.com|234-555-1212
[INFO ]: se_demo.t0_docker_create_customer_0_1.t0_docker_create_customer - tLogRow_1 - Content of row 12: [tLogRow_1] 1111|111|Business|Milpas Street||Topeka|||PA|US|Dwight.Harding@gmail.com|234-555-1212
[INFO ]: se_demo.t0_docker_create_customer_0_1.t0_docker_create_customer - tLogRow_1 - Content of row 13: [tLogRow_1] 1112|112|Personnal|Apalachee Parkway||Des Moines|||DE|US|Gerald.Jackson@gmail.com|234-555-1212
[INFO ]: se_demo.t0_docker_create_customer_0_1.t0_docker_create_customer - tLogRow_1 - Content of row 14: [tLogRow_1] 1113|113|Personnal|South Roosevelt Drive||Lincoln|||NH|US|Herbert.Johnson@gmail.com|234-555-1212
[INFO ]: se_demo.t0_docker_create_customer_0_1.t0_docker_create_customer - tLogRow_1 - Content of row 15: [tLogRow_1] 1114|114|Personnal|Castillo Drive||Topeka|||AZ|US|Lyndon.Adams@gmail.com|234-555-1212
[INFO ]: se_demo.t0_docker_create_customer_0_1.t0_docker_create_customer - tLogRow_1 - Content of row 16: [tLogRow_1] 1115|115|Business|South Highway||Juneau|||SD|US|Ronald.Harrison@gmail.com|234-555-1212
[INFO ]: se_demo.t0_docker_create_customer_0_1.t0_docker_create_customer - tLogRow_1 - Content of row 17: [tLogRow_1] 1116|116|Business|Via Real||Boise|||OR|US|Chester.Harrison@gmail.com|234-555-1212
[INFO ]: se_demo.t0_docker_create_customer_0_1.t0_docker_create_customer - tLogRow_1 - Content of row 18: [tLogRow_1] 1117|117|Personnal|Woodson Rd.||Jefferson City|||SC|US|Grover.Hayes@gmail.com|234-555-1212
[INFO ]: se_demo.t0_docker_create_customer_0_1.t0_docker_create_customer - tLogRow_1 - Content of row 19: [tLogRow_1] 1118|118|Business|Calle Real||Nashville|||TN|US|William.Garfield@gmail.com|234-555-1212
[INFO ]: se_demo.t0_docker_create_customer_0_1.t0_docker_create_customer - tLogRow_1 - Content of row 20: [tLogRow_1] 1119|119|Business|Carpinteria Avenue||Dover|||AK|US|Franklin.Taylor@gmail.com|234-555-1212
[INFO ]: se_demo.t0_docker_create_customer_0_1.t0_docker_create_customer - tLogRow_1 - Content of row 21: [tLogRow_1] 1120|120|Personnal|Westside Freeway||Columbus|||MT|US|Richard.Fillmore@gmail.com|234-555-1212
[INFO ]: se_demo.t0_docker_create_customer_0_1.t0_docker_create_customer - tLogRow_1 - Content of row 22: [tLogRow_1] 1121|121|Personnal|Harbor Dr||Phoenix|||MI|US|Warren.McKinley@gmail.com|234-555-1212
[INFO ]: se_demo.t0_docker_create_customer_0_1.t0_docker_create_customer - tLogRow_1 - Content of row 23: [tLogRow_1] 1122|122|Personnal|North Atherton Street||Tallahassee|||NH|US|Martin.Harrison@gmail.com|234-555-1212
[INFO ]: se_demo.t0_docker_create_customer_0_1.t0_docker_create_customer - tLogRow_1 - Content of row 24: [tLogRow_1] 1123|123|Personnal|San Luis Obispo North||Harrisburg|||RI|US|Franklin.Monroe@gmail.com|234-555-1212
[INFO ]: se_demo.t0_docker_create_customer_0_1.t0_docker_create_customer - tLogRow_1 - Content of row 25: [tLogRow_1] 1124|124|Personnal|Milpas Street||Charleston|||VT|US|John.Washington@gmail.com|234-555-1212
[INFO ]: se_demo.t0_docker_create_customer_0_1.t0_docker_create_customer - tLogRow_1 - Content of row 26: [tLogRow_1] 1125|125|Personnal|Via Real||Annapolis|||KS|US|Abraham.Eisenhower@gmail.com|234-555-1212
[INFO ]: se_demo.t0_docker_create_customer_0_1.t0_docker_create_customer - tLogRow_1 - Content of row 27: [tLogRow_1] 1126|126|Business|E Fowler Avenue||Tallahassee|||AR|US|Bill.Cleveland@gmail.com|234-555-1212
[INFO ]: se_demo.t0_docker_create_customer_0_1.t0_docker_create_customer - tLogRow_1 - Content of row 28: [tLogRow_1] 1127|127|Personnal|Santa Rosa South||Sacramento|||IN|US|Grover.Adams@gmail.com|234-555-1212
[INFO ]: se_demo.t0_docker_create_customer_0_1.t0_docker_create_customer - tLogRow_1 - Content of row 29: [tLogRow_1] 1128|128|Personnal|Steele Lane||Sacramento|||DE|US|Theodore.Hoover@gmail.com|234-555-1212
[INFO ]: se_demo.t0_docker_create_customer_0_1.t0_docker_create_customer - tLogRow_1 - Content of row 30: [tLogRow_1] 1129|129|Personnal|Newbury Road||Boston|||FL|US|Ulysses.Jefferson@gmail.com|234-555-1212
[INFO ]: se_demo.t0_docker_create_customer_0_1.t0_docker_create_customer - tLogRow_1 - Content of row 31: [tLogRow_1] 1130|130|Personnal|N Harrison St||Oklahoma City|||OH|US|Millard.Carter@gmail.com|234-555-1212
[INFO ]: se_demo.t0_docker_create_customer_0_1.t0_docker_create_customer - tLogRow_1 - Content of row 32: [tLogRow_1] 1131|131|Personnal|Westside Freeway||Salem|||HI|US|Gerald.Jackson@gmail.com|234-555-1212
[INFO ]: se_demo.t0_docker_create_customer_0_1.t0_docker_create_customer - tLogRow_1 - Content of row 33: [tLogRow_1] 1132|132|Personnal|Tanger Blvd||Hartford|||HI|US|Jimmy.Jefferson@gmail.com|234-555-1212
[INFO ]: se_demo.t0_docker_create_customer_0_1.t0_docker_create_customer - tLogRow_1 - Content of row 34: [tLogRow_1] 1133|133|Personnal|North Preisker Lane||Salem|||MS|US|William.Jefferson@gmail.com|234-555-1212
[INFO ]: se_demo.t0_docker_create_customer_0_1.t0_docker_create_customer - tLogRow_1 - Content of row 35: [tLogRow_1] 1134|134|Business|Hutchinson Rd||Topeka|||VT|US|Bill.Harding@gmail.com|234-555-1212
[INFO ]: se_demo.t0_docker_create_customer_0_1.t0_docker_create_customer - tLogRow_1 - Content of row 36: [tLogRow_1] 1135|135|Personnal|Moreno Drive||Lincoln|||RI|US|Benjamin.Jackson@gmail.com|234-555-1212
[INFO ]: se_demo.t0_docker_create_customer_0_1.t0_docker_create_customer - tLogRow_1 - Content of row 37: [tLogRow_1] 1136|136|Personnal|North Ventu Park Road||Salem|||WI|US|Calvin.Roosevelt@gmail.com|234-555-1212
[INFO ]: se_demo.t0_docker_create_customer_0_1.t0_docker_create_customer - tLogRow_1 - Content of row 38: [tLogRow_1] 1137|137|Business|N Harrison St||Salt Lake City|||NE|US|Millard.Coolidge@gmail.com|234-555-1212
[INFO ]: se_demo.t0_docker_create_customer_0_1.t0_docker_create_customer - tLogRow_1 - Content of row 39: [tLogRow_1] 1138|138|Business|Erringer Road||Montpelier|||IA|US|Lyndon.Roosevelt@gmail.com|234-555-1212
[INFO ]: se_demo.t0_docker_create_customer_0_1.t0_docker_create_customer - tLogRow_1 - Content of row 40: [tLogRow_1] 1139|139|Personnal|Moreno Drive||Honolulu|||ND|US|Harry.Monroe@gmail.com|234-555-1212
[INFO ]: se_demo.t0_docker_create_customer_0_1.t0_docker_create_customer - tLogRow_1 - Content of row 41: [tLogRow_1] 1140|140|Personnal|Newbury Road||Raleigh|||MI|US|Andrew.Van Buren@gmail.com|234-555-1212
[INFO ]: se_demo.t0_docker_create_customer_0_1.t0_docker_create_customer - tLogRow_1 - Content of row 42: [tLogRow_1] 1141|141|Business|Moreno Drive||Salem|||IL|US|Woodrow.Monroe@gmail.com|234-555-1212
[INFO ]: se_demo.t0_docker_create_customer_0_1.t0_docker_create_customer - tLogRow_1 - Content of row 43: [tLogRow_1] 1142|142|Personnal|Woodson Rd.||Tallahassee|||NY|US|Harry.Madison@gmail.com|234-555-1212
[INFO ]: se_demo.t0_docker_create_customer_0_1.t0_docker_create_customer - tLogRow_1 - Content of row 44: [tLogRow_1] 1143|143|Business|Richmond Hill||Harrisburg|||AL|US|Harry.Harrison@gmail.com|234-555-1212
[INFO ]: se_demo.t0_docker_create_customer_0_1.t0_docker_create_customer - tLogRow_1 - Content of row 45: [tLogRow_1] 1144|144|Personnal|Lindbergh Blvd||Columbia|||IA|US|Herbert.Cleveland@gmail.com|234-555-1212
[INFO ]: se_demo.t0_docker_create_customer_0_1.t0_docker_create_customer - tLogRow_1 - Content of row 46: [tLogRow_1] 1145|145|Business|Monroe Street||Phoenix|||CA|US|Martin.Van Buren@gmail.com|234-555-1212
[INFO ]: se_demo.t0_docker_create_customer_0_1.t0_docker_create_customer - tLogRow_1 - Content of row 47: [tLogRow_1] 1146|146|Business|N Kentwood||Olympia|||CO|US|George.Adams@gmail.com|234-555-1212
[INFO ]: se_demo.t0_docker_create_customer_0_1.t0_docker_create_customer - tLogRow_1 - Content of row 48: [tLogRow_1] 1147|147|Personnal|Burnett Road||Columbia|||KS|US|Ronald.Clinton@gmail.com|234-555-1212
[INFO ]: se_demo.t0_docker_create_customer_0_1.t0_docker_create_customer - tLogRow_1 - Content of row 49: [tLogRow_1] 1148|148|Business|Moreno Drive||Richmond|||ND|US|Benjamin.Taft@gmail.com|234-555-1212
[INFO ]: se_demo.t0_docker_create_customer_0_1.t0_docker_create_customer - tLogRow_1 - Content of row 50: [tLogRow_1] 1149|149|Personnal|Grandview Drive||Columbus|||CO|US|John.Hayes@gmail.com|234-555-1212
[INFO ]: se_demo.t0_docker_create_customer_0_1.t0_docker_create_customer - tLogRow_1 - Content of row 51: [tLogRow_1] 1150|150|Personnal|French Camp Turnpike Road||Nashville|||MA|US|Woodrow.Washington@gmail.com|234-555-1212
[INFO ]: se_demo.t0_docker_create_customer_0_1.t0_docker_create_customer - tLogRow_1 - Content of row 52: [tLogRow_1] 1151|151|Business|Cleveland Ave.||Phoenix|||ID|US|Gerald.Harding@gmail.com|234-555-1212
[INFO ]: se_demo.t0_docker_create_customer_0_1.t0_docker_create_customer - tLogRow_1 - Content of row 53: [tLogRow_1] 1152|152|Personnal|Bailard Avenue||Sacramento|||VT|US|Herbert.Roosevelt@gmail.com|234-555-1212
[INFO ]: se_demo.t0_docker_create_customer_0_1.t0_docker_create_customer - tLogRow_1 - Content of row 54: [tLogRow_1] 1153|153|Personnal|Greenwood Road||Austin|||CA|US|Andrew.Arthur@gmail.com|234-555-1212
[INFO ]: se_demo.t0_docker_create_customer_0_1.t0_docker_create_customer - tLogRow_1 - Content of row 55: [tLogRow_1] 1154|154|Personnal|Lindbergh Blvd||Boise|||WA|US|Theodore.Grant@gmail.com|234-555-1212
[INFO ]: se_demo.t0_docker_create_customer_0_1.t0_docker_create_customer - tLogRow_1 - Content of row 56: [tLogRow_1] 1155|155|Business|South Roosevelt Drive||Albany|||WA|US|Ronald.Grant@gmail.com|234-555-1212
[INFO ]: se_demo.t0_docker_create_customer_0_1.t0_docker_create_customer - tLogRow_1 - Content of row 57: [tLogRow_1] 1156|156|Personnal|N Harrison St||Hartford|||AZ|US|Grover.Van Buren@gmail.com|234-555-1212
[INFO ]: se_demo.t0_docker_create_customer_0_1.t0_docker_create_customer - tLogRow_1 - Content of row 58: [tLogRow_1] 1157|157|Personnal|San Simeon||Jefferson City|||NV|US|Franklin.Tyler@gmail.com|234-555-1212
[INFO ]: se_demo.t0_docker_create_customer_0_1.t0_docker_create_customer - tLogRow_1 - Content of row 59: [tLogRow_1] 1158|158|Personnal|Moreno Drive||Albany|||CO|US|Andrew.Nixon@gmail.com|234-555-1212
[INFO ]: se_demo.t0_docker_create_customer_0_1.t0_docker_create_customer - tLogRow_1 - Content of row 60: [tLogRow_1] 1159|159|Business|Apalachee Parkway||Atlanta|||OH|US|Chester.Kennedy@gmail.com|234-555-1212
[INFO ]: se_demo.t0_docker_create_customer_0_1.t0_docker_create_customer - tLogRow_1 - Content of row 61: [tLogRow_1] 1160|160|Business|Santa Rosa South||Springfield|||WA|US|Ulysses.Ford@gmail.com|234-555-1212
[INFO ]: se_demo.t0_docker_create_customer_0_1.t0_docker_create_customer - tLogRow_1 - Content of row 62: [tLogRow_1] 1161|161|Personnal|Jones Road||Nashville|||CO|US|Andrew.Clinton@gmail.com|234-555-1212
[INFO ]: se_demo.t0_docker_create_customer_0_1.t0_docker_create_customer - tLogRow_1 - Content of row 63: [tLogRow_1] 1162|162|Business|French Camp Turnpike Road||Salem|||NJ|US|Millard.Taft@gmail.com|234-555-1212
[INFO ]: se_demo.t0_docker_create_customer_0_1.t0_docker_create_customer - tLogRow_1 - Content of row 64: [tLogRow_1] 1163|163|Business|Santa Ana Freeway||Albany|||UT|US|Thomas.Kennedy@gmail.com|234-555-1212
[INFO ]: se_demo.t0_docker_create_customer_0_1.t0_docker_create_customer - tLogRow_1 - Content of row 65: [tLogRow_1] 1164|164|Business|Bowles Avenue||Salem|||SD|US|Grover.Polk@gmail.com|234-555-1212
[INFO ]: se_demo.t0_docker_create_customer_0_1.t0_docker_create_customer - tLogRow_1 - Content of row 66: [tLogRow_1] 1165|165|Personnal|Apalachee Parkway||Pierre|||IA|US|Calvin.Eisenhower@gmail.com|234-555-1212
[INFO ]: se_demo.t0_docker_create_customer_0_1.t0_docker_create_customer - tLogRow_1 - Content of row 67: [tLogRow_1] 1166|166|Business|Grandview Drive||Columbus|||IL|US|James.Harrison@gmail.com|234-555-1212
[INFO ]: se_demo.t0_docker_create_customer_0_1.t0_docker_create_customer - tLogRow_1 - Content of row 68: [tLogRow_1] 1167|167|Business|Cabrillo Highway||Springfield|||ME|US|Ronald.Van Buren@gmail.com|234-555-1212
[INFO ]: se_demo.t0_docker_create_customer_0_1.t0_docker_create_customer - tLogRow_1 - Content of row 69: [tLogRow_1] 1168|168|Personnal|Bowles Avenue||Harrisburg|||WI|US|Jimmy.Grant@gmail.com|234-555-1212
[INFO ]: se_demo.t0_docker_create_customer_0_1.t0_docker_create_customer - tLogRow_1 - Content of row 70: [tLogRow_1] 1169|169|Personnal|Cabrillo Highway||Salt Lake City|||TX|US|James.Fillmore@gmail.com|234-555-1212
[INFO ]: se_demo.t0_docker_create_customer_0_1.t0_docker_create_customer - tLogRow_1 - Content of row 71: [tLogRow_1] 1170|170|Business|Erringer Road||Columbia|||MT|US|Ulysses.Lincoln@gmail.com|234-555-1212
[INFO ]: se_demo.t0_docker_create_customer_0_1.t0_docker_create_customer - tLogRow_1 - Content of row 72: [tLogRow_1] 1171|171|Personnal|Carpinteria Avenue||Sacramento|||CT|US|Rutherford.Adams@gmail.com|234-555-1212
[INFO ]: se_demo.t0_docker_create_customer_0_1.t0_docker_create_customer - tLogRow_1 - Content of row 73: [tLogRow_1] 1172|172|Business|Carpinteria Avenue||Carson City|||IA|US|Richard.Roosevelt@gmail.com|234-555-1212
[INFO ]: se_demo.t0_docker_create_customer_0_1.t0_docker_create_customer - tLogRow_1 - Content of row 74: [tLogRow_1] 1173|173|Personnal|Katella Avenue||Frankfort|||ND|US|Herbert.Garfield@gmail.com|234-555-1212
[INFO ]: se_demo.t0_docker_create_customer_0_1.t0_docker_create_customer - tLogRow_1 - Content of row 75: [tLogRow_1] 1174|174|Business|East Calle Primera||Hartford|||MN|US|Ronald.Hayes@gmail.com|234-555-1212
[INFO ]: se_demo.t0_docker_create_customer_0_1.t0_docker_create_customer - tLogRow_1 - Content of row 76: [tLogRow_1] 1175|175|Business|North Erringer Road||Bismarck|||IL|US|Warren.Clinton@gmail.com|234-555-1212
[INFO ]: se_demo.t0_docker_create_customer_0_1.t0_docker_create_customer - tLogRow_1 - Content of row 77: [tLogRow_1] 1176|176|Business|San Ysidro Blvd||Denver|||IA|US|Chester.Washington@gmail.com|234-555-1212
[INFO ]: se_demo.t0_docker_create_customer_0_1.t0_docker_create_customer - tLogRow_1 - Content of row 78: [tLogRow_1] 1177|177|Personnal|Camelback Rd||Denver|||WY|US|Theodore.Hoover@gmail.com|234-555-1212
[INFO ]: se_demo.t0_docker_create_customer_0_1.t0_docker_create_customer - tLogRow_1 - Content of row 79: [tLogRow_1] 1178|178|Business|S Rustle St||Columbus|||NE|US|Woodrow.Harrison@gmail.com|234-555-1212
[INFO ]: se_demo.t0_docker_create_customer_0_1.t0_docker_create_customer - tLogRow_1 - Content of row 80: [tLogRow_1] 1179|179|Business|Steele Lane||Augusta|||NJ|US|Millard.McKinley@gmail.com|234-555-1212
[INFO ]: se_demo.t0_docker_create_customer_0_1.t0_docker_create_customer - tLogRow_1 - Content of row 81: [tLogRow_1] 1180|180|Personnal|Grandview Drive||Harrisburg|||WV|US|Franklin.Garfield@gmail.com|234-555-1212
[INFO ]: se_demo.t0_docker_create_customer_0_1.t0_docker_create_customer - tLogRow_1 - Content of row 82: [tLogRow_1] 1181|181|Personnal|Lawrenceville Suwanee||Salt Lake City|||NY|US|William.Monroe@gmail.com|234-555-1212
[INFO ]: se_demo.t0_docker_create_customer_0_1.t0_docker_create_customer - tLogRow_1 - Content of row 83: [tLogRow_1] 1182|182|Business|Harry S Truman Blvd||Salt Lake City|||OK|US|Ulysses.Hayes@gmail.com|234-555-1212
[INFO ]: se_demo.t0_docker_create_customer_0_1.t0_docker_create_customer - tLogRow_1 - Content of row 84: [tLogRow_1] 1183|183|Business|Carpinteria North||Augusta|||MI|US|Thomas.Buchanan@gmail.com|234-555-1212
[INFO ]: se_demo.t0_docker_create_customer_0_1.t0_docker_create_customer - tLogRow_1 - Content of row 85: [tLogRow_1] 1184|184|Personnal|Corona Del Mar||Raleigh|||MO|US|Theodore.Tyler@gmail.com|234-555-1212
[INFO ]: se_demo.t0_docker_create_customer_0_1.t0_docker_create_customer - tLogRow_1 - Content of row 86: [tLogRow_1] 1185|185|Personnal|Newbury Road||Santa Fe|||IA|US|Theodore.Van Buren@gmail.com|234-555-1212
[INFO ]: se_demo.t0_docker_create_customer_0_1.t0_docker_create_customer - tLogRow_1 - Content of row 87: [tLogRow_1] 1186|186|Personnal|Hutchinson Rd||Denver|||NJ|US|Benjamin.McKinley@gmail.com|234-555-1212
[INFO ]: se_demo.t0_docker_create_customer_0_1.t0_docker_create_customer - tLogRow_1 - Content of row 88: [tLogRow_1] 1187|187|Personnal|North Broadway Street||Boston|||UT|US|Dwight.Monroe@gmail.com|234-555-1212
[INFO ]: se_demo.t0_docker_create_customer_0_1.t0_docker_create_customer - tLogRow_1 - Content of row 89: [tLogRow_1] 1188|188|Business|Moreno Drive||Madison|||NM|US|Gerald.Washington@gmail.com|234-555-1212
[INFO ]: se_demo.t0_docker_create_customer_0_1.t0_docker_create_customer - tLogRow_1 - Content of row 90: [tLogRow_1] 1189|189|Business|Bailard Avenue||Albany|||DE|US|Chester.Clinton@gmail.com|234-555-1212
[INFO ]: se_demo.t0_docker_create_customer_0_1.t0_docker_create_customer - tLogRow_1 - Content of row 91: [tLogRow_1] 1190|190|Business|Cleveland Ave.||Madison|||SD|US|Harry.Carter@gmail.com|234-555-1212
[INFO ]: se_demo.t0_docker_create_customer_0_1.t0_docker_create_customer - tLogRow_1 - Content of row 92: [tLogRow_1] 1191|191|Business|Cleveland Ave.||Augusta|||NH|US|George.Roosevelt@gmail.com|234-555-1212
[INFO ]: se_demo.t0_docker_create_customer_0_1.t0_docker_create_customer - tLogRow_1 - Content of row 93: [tLogRow_1] 1192|192|Personnal|Jean de la Fontaine||Boston|||CA|US|Millard.Quincy@gmail.com|234-555-1212
[INFO ]: se_demo.t0_docker_create_customer_0_1.t0_docker_create_customer - tLogRow_1 - Content of row 94: [tLogRow_1] 1193|193|Business|Katella Avenue||Boston|||AL|US|Thomas.Ford@gmail.com|234-555-1212
[INFO ]: se_demo.t0_docker_create_customer_0_1.t0_docker_create_customer - tLogRow_1 - Content of row 95: [tLogRow_1] 1194|194|Business|North Ventu Park Road||Atlanta|||NV|US|Benjamin.Clinton@gmail.com|234-555-1212
[INFO ]: se_demo.t0_docker_create_customer_0_1.t0_docker_create_customer - tLogRow_1 - Content of row 96: [tLogRow_1] 1195|195|Business|Lawrenceville Suwanee||Boston|||VA|US|Richard.Taylor@gmail.com|234-555-1212
[INFO ]: se_demo.t0_docker_create_customer_0_1.t0_docker_create_customer - tLogRow_1 - Content of row 97: [tLogRow_1] 1196|196|Personnal|W. Russell St.||Santa Fe|||WV|US|Grover.Fillmore@gmail.com|234-555-1212
[INFO ]: se_demo.t0_docker_create_customer_0_1.t0_docker_create_customer - tLogRow_1 - Content of row 98: [tLogRow_1] 1197|197|Personnal|Carpinteria Avenue||Montgomery|||IN|US|Thomas.Carter@gmail.com|234-555-1212
[INFO ]: se_demo.t0_docker_create_customer_0_1.t0_docker_create_customer - tLogRow_1 - Content of row 99: [tLogRow_1] 1198|198|Business|Cerrillos Road||Phoenix|||LA|US|Zachary.Tyler@gmail.com|234-555-1212
[INFO ]: se_demo.t0_docker_create_customer_0_1.t0_docker_create_customer - tLogRow_1 - Content of row 100: [tLogRow_1] 1199|199|Business|Redwood Highway||Sacramento|||ID|US|Benjamin.Nixon@gmail.com|234-555-1212
[INFO ]: se_demo.t0_docker_create_customer_0_1.t0_docker_create_customer - tRowGenerator_1 - Generated records count:100 .
[INFO ]: se_demo.t0_docker_create_customer_0_1.t0_docker_create_customer - tLogRow_1 - Printed row count: 100.
[INFO ]: se_demo.t0_docker_create_customer_0_1.t0_docker_create_customer - tRowGenerator_2 - Generating records.
[INFO ]: se_demo.t0_docker_create_customer_0_1.t0_docker_create_customer - tRowGenerator_2 - Generated records count:10 .
[WARN ]: se_demo.t0_docker_create_customer_0_1.t0_docker_create_customer - tWarn_1 - Message: Finished. Code: 42
[INFO ]: se_demo.t0_docker_create_customer_0_1.t0_docker_create_customer - TalendJob: 't0_docker_create_customer' - Done.
[INFO ]: se_demo.t0_docker_create_customer_0_1.t0_docker_create_customer - tRowGenerator_1 - Generating records.
[INFO ]: se_demo.t0_docker_create_customer_0_1.t0_docker_create_customer - tLogRow_1 - Content of row 1: [tLogRow_1] 1100|100|Personnal|Jones Road||Atlanta|||MD|US|Lyndon.Hayes@gmail.com|234-555-1212
[INFO ]: se_demo.t0_docker_create_customer_0_1.t0_docker_create_customer - tLogRow_1 - Content of row 2: [tLogRow_1] 1101|101|Personnal|East Fry Blvd.||Lansing|||NH|US|John.Buchanan@gmail.com|234-555-1212
[INFO ]: se_demo.t0_docker_create_customer_0_1.t0_docker_create_customer - tLogRow_1 - Content of row 3: [tLogRow_1] 1102|102|Business|Carpinteria North||Sacramento|||AZ|US|James.Coolidge@gmail.com|234-555-1212
[INFO ]: se_demo.t0_docker_create_customer_0_1.t0_docker_create_customer - tLogRow_1 - Content of row 4: [tLogRow_1] 1103|103|Personnal|San Luis Obispo North||Annapolis|||GA|US|Gerald.Carter@gmail.com|234-555-1212
[INFO ]: se_demo.t0_docker_create_customer_0_1.t0_docker_create_customer - tLogRow_1 - Content of row 5: [tLogRow_1] 1104|104|Business|San Marcos||Dover|||MS|US|Bill.Jefferson@gmail.com|234-555-1212
[INFO ]: se_demo.t0_docker_create_customer_0_1.t0_docker_create_customer - tLogRow_1 - Content of row 6: [tLogRow_1] 1105|105|Business|North Ventu Park Road||Concord|||UT|US|Calvin.Kennedy@gmail.com|234-555-1212
[INFO ]: se_demo.t0_docker_create_customer_0_1.t0_docker_create_customer - tLogRow_1 - Content of row 7: [tLogRow_1] 1106|106|Business|Cleveland Ave.||Providence|||NC|US|Benjamin.Eisenhower@gmail.com|234-555-1212
[INFO ]: se_demo.t0_docker_create_customer_0_1.t0_docker_create_customer - tLogRow_1 - Content of row 8: [tLogRow_1] 1107|107|Business|Monroe Street||Dover|||NV|US|Richard.Truman@gmail.com|234-555-1212
[INFO ]: se_demo.t0_docker_create_customer_0_1.t0_docker_create_customer - tLogRow_1 - Content of row 9: [tLogRow_1] 1108|108|Personnal|South Roosevelt Drive||Honolulu|||ID|US|Franklin.Carter@gmail.com|234-555-1212
[INFO ]: se_demo.t0_docker_create_customer_0_1.t0_docker_create_customer - tLogRow_1 - Content of row 10: [tLogRow_1] 1109|109|Personnal|Tanger Blvd||Springfield|||WI|US|Warren.Garfield@gmail.com|234-555-1212
[INFO ]: se_demo.t0_docker_create_customer_0_1.t0_docker_create_customer - tLogRow_1 - Content of row 11: [tLogRow_1] 1110|110|Business|Lake Tahoe Blvd.||Richmond|||WV|US|Chester.Roosevelt@gmail.com|234-555-1212
[INFO ]: se_demo.t0_docker_create_customer_0_1.t0_docker_create_customer - tLogRow_1 - Content of row 12: [tLogRow_1] 1111|111|Business|S Rustle St||Sacramento|||DE|US|Ulysses.Eisenhower@gmail.com|234-555-1212
[INFO ]: se_demo.t0_docker_create_customer_0_1.t0_docker_create_customer - tLogRow_1 - Content of row 13: [tLogRow_1] 1112|112|Personnal|San Diego Freeway||Salt Lake City|||AK|US|Millard.Taylor@gmail.com|234-555-1212
[INFO ]: se_demo.t0_docker_create_customer_0_1.t0_docker_create_customer - tLogRow_1 - Content of row 14: [tLogRow_1] 1113|113|Personnal|Jones Road||Lincoln|||OR|US|Grover.Adams@gmail.com|234-555-1212
[INFO ]: se_demo.t0_docker_create_customer_0_1.t0_docker_create_customer - tLogRow_1 - Content of row 15: [tLogRow_1] 1114|114|Personnal|South Highway||Trenton|||LA|US|James.Arthur@gmail.com|234-555-1212
[INFO ]: se_demo.t0_docker_create_customer_0_1.t0_docker_create_customer - tLogRow_1 - Content of row 16: [tLogRow_1] 1115|115|Personnal|East 1st Street||Boston|||OK|US|Andrew.Fillmore@gmail.com|234-555-1212
[INFO ]: se_demo.t0_docker_create_customer_0_1.t0_docker_create_customer - tLogRow_1 - Content of row 17: [tLogRow_1] 1116|116|Personnal|Monroe Street||Trenton|||FL|US|Gerald.Cleveland@gmail.com|234-555-1212
[INFO ]: se_demo.t0_docker_create_customer_0_1.t0_docker_create_customer - tLogRow_1 - Content of row 18: [tLogRow_1] 1117|117|Personnal|Carpinteria Avenue||Santa Fe|||GA|US|Andrew.Harrison@gmail.com|234-555-1212
[INFO ]: se_demo.t0_docker_create_customer_0_1.t0_docker_create_customer - tLogRow_1 - Content of row 19: [tLogRow_1] 1118|118|Business|Santa Monica Road||Denver|||MI|US|James.Kennedy@gmail.com|234-555-1212
[INFO ]: se_demo.t0_docker_create_customer_0_1.t0_docker_create_customer - tLogRow_1 - Content of row 20: [tLogRow_1] 1119|119|Personnal|Milpas Street||Honolulu|||NJ|US|Harry.Reagan@gmail.com|234-555-1212
[INFO ]: se_demo.t0_docker_create_customer_0_1.t0_docker_create_customer - tLogRow_1 - Content of row 21: [tLogRow_1] 1120|120|Business|Tanger Blvd||Jefferson City|||RI|US|Woodrow.Madison@gmail.com|234-555-1212
[INFO ]: se_demo.t0_docker_create_customer_0_1.t0_docker_create_customer - tLogRow_1 - Content of row 22: [tLogRow_1] 1121|121|Business|Milpas Street||Sacramento|||DE|US|William.Washington@gmail.com|234-555-1212
[INFO ]: se_demo.t0_docker_create_customer_0_1.t0_docker_create_customer - tLogRow_1 - Content of row 23: [tLogRow_1] 1122|122|Personnal|San Ysidro Blvd||Topeka|||MD|US|Millard.Tyler@gmail.com|234-555-1212
[INFO ]: se_demo.t0_docker_create_customer_0_1.t0_docker_create_customer - tLogRow_1 - Content of row 24: [tLogRow_1] 1123|123|Personnal|Lindbergh Blvd||Harrisburg|||MT|US|Woodrow.Johnson@gmail.com|234-555-1212
[INFO ]: se_demo.t0_docker_create_customer_0_1.t0_docker_create_customer - tLogRow_1 - Content of row 25: [tLogRow_1] 1124|124|Personnal|Greenwood Road||Denver|||DE|US|Warren.Eisenhower@gmail.com|234-555-1212
[INFO ]: se_demo.t0_docker_create_customer_0_1.t0_docker_create_customer - tLogRow_1 - Content of row 26: [tLogRow_1] 1125|125|Personnal|San Diego Freeway||Sacramento|||OK|US|Andrew.Clinton@gmail.com|234-555-1212
[INFO ]: se_demo.t0_docker_create_customer_0_1.t0_docker_create_customer - tLogRow_1 - Content of row 27: [tLogRow_1] 1126|126|Personnal|Cleveland Ave.||Hartford|||ME|US|Andrew.McKinley@gmail.com|234-555-1212
[INFO ]: se_demo.t0_docker_create_customer_0_1.t0_docker_create_customer - tLogRow_1 - Content of row 28: [tLogRow_1] 1127|127|Business|Moreno Drive||Honolulu|||OK|US|Calvin.Harding@gmail.com|234-555-1212
[INFO ]: se_demo.t0_docker_create_customer_0_1.t0_docker_create_customer - tLogRow_1 - Content of row 29: [tLogRow_1] 1128|128|Business|East Fry Blvd.||Cheyenne|||NC|US|Warren.Truman@gmail.com|234-555-1212
[INFO ]: se_demo.t0_docker_create_customer_0_1.t0_docker_create_customer - tLogRow_1 - Content of row 30: [tLogRow_1] 1129|129|Business|Bowles Avenue||Concord|||UT|US|William.Wilson@gmail.com|234-555-1212
[INFO ]: se_demo.t0_docker_create_customer_0_1.t0_docker_create_customer - tLogRow_1 - Content of row 31: [tLogRow_1] 1130|130|Personnal|Lake Tahoe Blvd.||Phoenix|||DE|US|Bill.Garfield@gmail.com|234-555-1212
[INFO ]: se_demo.t0_docker_create_customer_0_1.t0_docker_create_customer - tLogRow_1 - Content of row 32: [tLogRow_1] 1131|131|Personnal|Moreno Drive||Trenton|||ME|US|John.Washington@gmail.com|234-555-1212
[INFO ]: se_demo.t0_docker_create_customer_0_1.t0_docker_create_customer - tLogRow_1 - Content of row 33: [tLogRow_1] 1132|132|Personnal|Steele Lane||Salem|||GA|US|Richard.Garfield@gmail.com|234-555-1212
[INFO ]: se_demo.t0_docker_create_customer_0_1.t0_docker_create_customer - tLogRow_1 - Content of row 34: [tLogRow_1] 1133|133|Personnal|N Harrison St||Richmond|||LA|US|Dwight.Roosevelt@gmail.com|234-555-1212
[INFO ]: se_demo.t0_docker_create_customer_0_1.t0_docker_create_customer - tLogRow_1 - Content of row 35: [tLogRow_1] 1134|134|Personnal|Cerrillos Road||Juneau|||OK|US|Gerald.Fillmore@gmail.com|234-555-1212
[INFO ]: se_demo.t0_docker_create_customer_0_1.t0_docker_create_customer - tLogRow_1 - Content of row 36: [tLogRow_1] 1135|135|Personnal|Harry S Truman Blvd||Atlanta|||NV|US|Martin.Johnson@gmail.com|234-555-1212
[INFO ]: se_demo.t0_docker_create_customer_0_1.t0_docker_create_customer - tLogRow_1 - Content of row 37: [tLogRow_1] 1136|136|Business|Padre Boulevard||Concord|||CO|US|Grover.Coolidge@gmail.com|234-555-1212
[INFO ]: se_demo.t0_docker_create_customer_0_1.t0_docker_create_customer - tLogRow_1 - Content of row 38: [tLogRow_1] 1137|137|Business|N Harrison St||Columbia|||TN|US|Calvin.McKinley@gmail.com|234-555-1212
[INFO ]: se_demo.t0_docker_create_customer_0_1.t0_docker_create_customer - tLogRow_1 - Content of row 39: [tLogRow_1] 1138|138|Personnal|Bowles Avenue||Lansing|||IL|US|Ulysses.Quincy@gmail.com|234-555-1212
[INFO ]: se_demo.t0_docker_create_customer_0_1.t0_docker_create_customer - tLogRow_1 - Content of row 40: [tLogRow_1] 1139|139|Personnal|North Preisker Lane||Harrisburg|||UT|US|Harry.Taylor@gmail.com|234-555-1212
[INFO ]: se_demo.t0_docker_create_customer_0_1.t0_docker_create_customer - tLogRow_1 - Content of row 41: [tLogRow_1] 1140|140|Personnal|Harry S Truman Blvd||Indianapolis|||NV|US|Benjamin.Taft@gmail.com|234-555-1212
[INFO ]: se_demo.t0_docker_create_customer_0_1.t0_docker_create_customer - tLogRow_1 - Content of row 42: [tLogRow_1] 1141|141|Personnal|Bowles Avenue||Madison|||IA|US|Warren.Arthur@gmail.com|234-555-1212
[INFO ]: se_demo.t0_docker_create_customer_0_1.t0_docker_create_customer - tLogRow_1 - Content of row 43: [tLogRow_1] 1142|142|Personnal|Katella Avenue||Richmond|||AR|US|Gerald.Adams@gmail.com|234-555-1212
[INFO ]: se_demo.t0_docker_create_customer_0_1.t0_docker_create_customer - tLogRow_1 - Content of row 44: [tLogRow_1] 1143|143|Personnal|North Atherton Street||Tallahassee|||PA|US|George.Carter@gmail.com|234-555-1212
[INFO ]: se_demo.t0_docker_create_customer_0_1.t0_docker_create_customer - tLogRow_1 - Content of row 45: [tLogRow_1] 1144|144|Business|Timberlane Drive||Honolulu|||MI|US|Dwight.Harrison@gmail.com|234-555-1212
[INFO ]: se_demo.t0_docker_create_customer_0_1.t0_docker_create_customer - tLogRow_1 - Content of row 46: [tLogRow_1] 1145|145|Personnal|Monroe Street||Austin|||KY|US|Chester.Fillmore@gmail.com|234-555-1212
[INFO ]: se_demo.t0_docker_create_customer_0_1.t0_docker_create_customer - tLogRow_1 - Content of row 47: [tLogRow_1] 1146|146|Personnal|Westside Freeway||Bismarck|||NM|US|Ronald.Harrison@gmail.com|234-555-1212
[INFO ]: se_demo.t0_docker_create_customer_0_1.t0_docker_create_customer - tLogRow_1 - Content of row 48: [tLogRow_1] 1147|147|Business|North Erringer Road||Atlanta|||WI|US|Grover.Polk@gmail.com|234-555-1212
[INFO ]: se_demo.t0_docker_create_customer_0_1.t0_docker_create_customer - tLogRow_1 - Content of row 49: [tLogRow_1] 1148|148|Business|El Camino Real||Dover|||MA|US|Martin.Fillmore@gmail.com|234-555-1212
[INFO ]: se_demo.t0_docker_create_customer_0_1.t0_docker_create_customer - tLogRow_1 - Content of row 50: [tLogRow_1] 1149|149|Business|Carpinteria Avenue||Augusta|||NY|US|Bill.Clinton@gmail.com|234-555-1212
[INFO ]: se_demo.t0_docker_create_customer_0_1.t0_docker_create_customer - tLogRow_1 - Content of row 51: [tLogRow_1] 1150|150|Personnal|Redwood Highway||Boise|||NH|US|Abraham.Clinton@gmail.com|234-555-1212
[INFO ]: se_demo.t0_docker_create_customer_0_1.t0_docker_create_customer - tLogRow_1 - Content of row 52: [tLogRow_1] 1151|151|Business|South Highway||Lansing|||NH|US|Jimmy.Kennedy@gmail.com|234-555-1212
[INFO ]: se_demo.t0_docker_create_customer_0_1.t0_docker_create_customer - tLogRow_1 - Content of row 53: [tLogRow_1] 1152|152|Business|Harbor Dr||Columbus|||GA|US|Chester.Grant@gmail.com|234-555-1212
[INFO ]: se_demo.t0_docker_create_customer_0_1.t0_docker_create_customer - tLogRow_1 - Content of row 54: [tLogRow_1] 1153|153|Business|North Atherton Street||Carson City|||CT|US|Dwight.Truman@gmail.com|234-555-1212
[INFO ]: se_demo.t0_docker_create_customer_0_1.t0_docker_create_customer - tLogRow_1 - Content of row 55: [tLogRow_1] 1154|154|Business|Cerrillos Road||Pierre|||NY|US|Thomas.Harrison@gmail.com|234-555-1212
[INFO ]: se_demo.t0_docker_create_customer_0_1.t0_docker_create_customer - tLogRow_1 - Content of row 56: [tLogRow_1] 1155|155|Personnal|North Erringer Road||Madison|||NM|US|Lyndon.Harding@gmail.com|234-555-1212
[INFO ]: se_demo.t0_docker_create_customer_0_1.t0_docker_create_customer - tLogRow_1 - Content of row 57: [tLogRow_1] 1156|156|Business|Tully Road East||Juneau|||SC|US|Millard.Carter@gmail.com|234-555-1212
[INFO ]: se_demo.t0_docker_create_customer_0_1.t0_docker_create_customer - tLogRow_1 - Content of row 58: [tLogRow_1] 1157|157|Business|North Erringer Road||Madison|||ND|US|Lyndon.Eisenhower@gmail.com|234-555-1212
[INFO ]: se_demo.t0_docker_create_customer_0_1.t0_docker_create_customer - tLogRow_1 - Content of row 59: [tLogRow_1] 1158|158|Business|Monroe Street||Bismarck|||WY|US|Gerald.Roosevelt@gmail.com|234-555-1212
[INFO ]: se_demo.t0_docker_create_customer_0_1.t0_docker_create_customer - tLogRow_1 - Content of row 60: [tLogRow_1] 1159|159|Business|North Preisker Lane||Madison|||CT|US|Bill.Adams@gmail.com|234-555-1212
[INFO ]: se_demo.t0_docker_create_customer_0_1.t0_docker_create_customer - tLogRow_1 - Content of row 61: [tLogRow_1] 1160|160|Personnal|Santa Rosa North||Hartford|||WV|US|Bill.Madison@gmail.com|234-555-1212
[INFO ]: se_demo.t0_docker_create_customer_0_1.t0_docker_create_customer - tLogRow_1 - Content of row 62: [tLogRow_1] 1161|161|Business|Bowles Avenue||Jefferson City|||CO|US|Ronald.Van Buren@gmail.com|234-555-1212
[INFO ]: se_demo.t0_docker_create_customer_0_1.t0_docker_create_customer - tLogRow_1 - Content of row 63: [tLogRow_1] 1162|162|Business|East Main Street||Denver|||UT|US|Ronald.Washington@gmail.com|234-555-1212
[INFO ]: se_demo.t0_docker_create_customer_0_1.t0_docker_create_customer - tLogRow_1 - Content of row 64: [tLogRow_1] 1163|163|Personnal|Camelback Rd||Des Moines|||KY|US|Benjamin.Hoover@gmail.com|234-555-1212
[INFO ]: se_demo.t0_docker_create_customer_0_1.t0_docker_create_customer - tLogRow_1 - Content of row 65: [tLogRow_1] 1164|164|Personnal|Cleveland Ave.||Salt Lake City|||KS|US|Ronald.Grant@gmail.com|234-555-1212
[INFO ]: se_demo.t0_docker_create_customer_0_1.t0_docker_create_customer - tLogRow_1 - Content of row 66: [tLogRow_1] 1165|165|Business|Lawrenceville Suwanee||Baton Rouge|||OR|US|Gerald.Truman@gmail.com|234-555-1212
[INFO ]: se_demo.t0_docker_create_customer_0_1.t0_docker_create_customer - tLogRow_1 - Content of row 67: [tLogRow_1] 1166|166|Personnal|Padre Boulevard||Tallahassee|||IL|US|Dwight.Jefferson@gmail.com|234-555-1212
[INFO ]: se_demo.t0_docker_create_customer_0_1.t0_docker_create_customer - tLogRow_1 - Content of row 68: [tLogRow_1] 1167|167|Personnal|Woodson Rd.||Hartford|||TN|US|Lyndon.Pierce@gmail.com|234-555-1212
[INFO ]: se_demo.t0_docker_create_customer_0_1.t0_docker_create_customer - tLogRow_1 - Content of row 69: [tLogRow_1] 1168|168|Business|Santa Rosa North||Phoenix|||FL|US|Thomas.Cleveland@gmail.com|234-555-1212
[INFO ]: se_demo.t0_docker_create_customer_0_1.t0_docker_create_customer - tLogRow_1 - Content of row 70: [tLogRow_1] 1169|169|Business|Cerrillos Road||Richmond|||CA|US|John.Van Buren@gmail.com|234-555-1212
[INFO ]: se_demo.t0_docker_create_customer_0_1.t0_docker_create_customer - tLogRow_1 - Content of row 71: [tLogRow_1] 1170|170|Business|Newbury Road||Carson City|||KY|US|Theodore.Harrison@gmail.com|234-555-1212
[INFO ]: se_demo.t0_docker_create_customer_0_1.t0_docker_create_customer - tLogRow_1 - Content of row 72: [tLogRow_1] 1171|171|Business|Moreno Drive||Harrisburg|||OR|US|Martin.Truman@gmail.com|234-555-1212
[INFO ]: se_demo.t0_docker_create_customer_0_1.t0_docker_create_customer - tLogRow_1 - Content of row 73: [tLogRow_1] 1172|172|Personnal|Erringer Road||Springfield|||IA|US|Gerald.McKinley@gmail.com|234-555-1212
[INFO ]: se_demo.t0_docker_create_customer_0_1.t0_docker_create_customer - tLogRow_1 - Content of row 74: [tLogRow_1] 1173|173|Business|South Roosevelt Drive||Columbia|||GA|US|Harry.Garfield@gmail.com|234-555-1212
[INFO ]: se_demo.t0_docker_create_customer_0_1.t0_docker_create_customer - tLogRow_1 - Content of row 75: [tLogRow_1] 1174|174|Personnal|Harbor Dr||Dover|||VT|US|Millard.Johnson@gmail.com|234-555-1212
[INFO ]: se_demo.t0_docker_create_customer_0_1.t0_docker_create_customer - tLogRow_1 - Content of row 76: [tLogRow_1] 1175|175|Personnal|Jean de la Fontaine||Charleston|||CA|US|Woodrow.Kennedy@gmail.com|234-555-1212
[INFO ]: se_demo.t0_docker_create_customer_0_1.t0_docker_create_customer - tLogRow_1 - Content of row 77: [tLogRow_1] 1176|176|Personnal|Erringer Road||Montpelier|||OR|US|James.Taft@gmail.com|234-555-1212
[INFO ]: se_demo.t0_docker_create_customer_0_1.t0_docker_create_customer - tLogRow_1 - Content of row 78: [tLogRow_1] 1177|177|Business|French Camp Turnpike Road||Boston|||NY|US|Ronald.Polk@gmail.com|234-555-1212
[INFO ]: se_demo.t0_docker_create_customer_0_1.t0_docker_create_customer - tLogRow_1 - Content of row 79: [tLogRow_1] 1178|178|Business|San Marcos||Trenton|||VT|US|Woodrow.Adams@gmail.com|234-555-1212
[INFO ]: se_demo.t0_docker_create_customer_0_1.t0_docker_create_customer - tLogRow_1 - Content of row 80: [tLogRow_1] 1179|179|Personnal|E Fowler Avenue||Charleston|||IL|US|George.Quincy@gmail.com|234-555-1212
[INFO ]: se_demo.t0_docker_create_customer_0_1.t0_docker_create_customer - tLogRow_1 - Content of row 81: [tLogRow_1] 1180|180|Personnal|East Fry Blvd.||Hartford|||NM|US|Rutherford.Jackson@gmail.com|234-555-1212
[INFO ]: se_demo.t0_docker_create_customer_0_1.t0_docker_create_customer - tLogRow_1 - Content of row 82: [tLogRow_1] 1181|181|Personnal|Camelback Rd||Oklahoma City|||RI|US|Harry.Wilson@gmail.com|234-555-1212
[INFO ]: se_demo.t0_docker_create_customer_0_1.t0_docker_create_customer - tLogRow_1 - Content of row 83: [tLogRow_1] 1182|182|Business|North Broadway Street||Frankfort|||UT|US|Zachary.Hayes@gmail.com|234-555-1212
[INFO ]: se_demo.t0_docker_create_customer_0_1.t0_docker_create_customer - tLogRow_1 - Content of row 84: [tLogRow_1] 1183|183|Business|Westside Freeway||Richmond|||NH|US|Woodrow.Jackson@gmail.com|234-555-1212
[INFO ]: se_demo.t0_docker_create_customer_0_1.t0_docker_create_customer - tLogRow_1 - Content of row 85: [tLogRow_1] 1184|184|Personnal|Padre Boulevard||Olympia|||AZ|US|Herbert.Madison@gmail.com|234-555-1212
[INFO ]: se_demo.t0_docker_create_customer_0_1.t0_docker_create_customer - tLogRow_1 - Content of row 86: [tLogRow_1] 1185|185|Business|Corona Del Mar||Boston|||OH|US|Gerald.Tyler@gmail.com|234-555-1212
[INFO ]: se_demo.t0_docker_create_customer_0_1.t0_docker_create_customer - tLogRow_1 - Content of row 87: [tLogRow_1] 1186|186|Business|Padre Boulevard||Lansing|||OH|US|Theodore.Kennedy@gmail.com|234-555-1212
[INFO ]: se_demo.t0_docker_create_customer_0_1.t0_docker_create_customer - tLogRow_1 - Content of row 88: [tLogRow_1] 1187|187|Personnal|Richmond Hill||Saint Paul|||ME|US|Warren.Cleveland@gmail.com|234-555-1212
[INFO ]: se_demo.t0_docker_create_customer_0_1.t0_docker_create_customer - tLogRow_1 - Content of row 89: [tLogRow_1] 1188|188|Business|N Kentwood||Augusta|||GA|US|Herbert.Adams@gmail.com|234-555-1212
[INFO ]: se_demo.t0_docker_create_customer_0_1.t0_docker_create_customer - tLogRow_1 - Content of row 90: [tLogRow_1] 1189|189|Personnal|Santa Rosa South||Boston|||MI|US|Ulysses.Roosevelt@gmail.com|234-555-1212
[INFO ]: se_demo.t0_docker_create_customer_0_1.t0_docker_create_customer - tLogRow_1 - Content of row 91: [tLogRow_1] 1190|190|Personnal|San Marcos||Hartford|||VT|US|James.Monroe@gmail.com|234-555-1212
[INFO ]: se_demo.t0_docker_create_customer_0_1.t0_docker_create_customer - tLogRow_1 - Content of row 92: [tLogRow_1] 1191|191|Personnal|San Luis Obispo North||Des Moines|||AL|US|George.Taylor@gmail.com|234-555-1212
[INFO ]: se_demo.t0_docker_create_customer_0_1.t0_docker_create_customer - tLogRow_1 - Content of row 93: [tLogRow_1] 1192|192|Personnal|Newbury Road||Carson City|||NE|US|Theodore.Reagan@gmail.com|234-555-1212
[INFO ]: se_demo.t0_docker_create_customer_0_1.t0_docker_create_customer - tLogRow_1 - Content of row 94: [tLogRow_1] 1193|193|Personnal|Carpinteria South||Providence|||IN|US|Franklin.McKinley@gmail.com|234-555-1212
[INFO ]: se_demo.t0_docker_create_customer_0_1.t0_docker_create_customer - tLogRow_1 - Content of row 95: [tLogRow_1] 1194|194|Business|North Broadway Street||Indianapolis|||NV|US|Lyndon.Carter@gmail.com|234-555-1212
[INFO ]: se_demo.t0_docker_create_customer_0_1.t0_docker_create_customer - tLogRow_1 - Content of row 96: [tLogRow_1] 1195|195|Personnal|East Fry Blvd.||Charleston|||TN|US|James.Polk@gmail.com|234-555-1212
[INFO ]: se_demo.t0_docker_create_customer_0_1.t0_docker_create_customer - tLogRow_1 - Content of row 97: [tLogRow_1] 1196|196|Business|Santa Rosa South||Nashville|||NY|US|John.Taylor@gmail.com|234-555-1212
[INFO ]: se_demo.t0_docker_create_customer_0_1.t0_docker_create_customer - tLogRow_1 - Content of row 98: [tLogRow_1] 1197|197|Personnal|Tully Road East||Austin|||NE|US|Warren.Clinton@gmail.com|234-555-1212
[INFO ]: se_demo.t0_docker_create_customer_0_1.t0_docker_create_customer - tLogRow_1 - Content of row 99: [tLogRow_1] 1198|198|Business|Santa Monica Road||Little Rock|||RI|US|Ulysses.Wilson@gmail.com|234-555-1212
[INFO ]: se_demo.t0_docker_create_customer_0_1.t0_docker_create_customer - tLogRow_1 - Content of row 100: [tLogRow_1] 1199|199|Business|North Ventu Park Road||Madison|||MS|US|Thomas.Eisenhower@gmail.com|234-555-1212
[INFO ]: se_demo.t0_docker_create_customer_0_1.t0_docker_create_customer - tRowGenerator_1 - Generated records count:100 .
[INFO ]: se_demo.t0_docker_create_customer_0_1.t0_docker_create_customer - tLogRow_1 - Printed row count: 100.
[INFO ]: se_demo.t0_docker_create_customer_0_1.t0_docker_create_customer - tRowGenerator_2 - Generating records.
[INFO ]: se_demo.t0_docker_create_customer_0_1.t0_docker_create_customer - tRowGenerator_2 - Generated records count:10 .
[WARN ]: se_demo.t0_docker_create_customer_0_1.t0_docker_create_customer - tWarn_1 - Message: Finished. Code: 42
[INFO ]: se_demo.t0_docker_create_customer_0_1.t0_docker_create_customer - TalendJob: 't0_docker_create_customer' - Done.
[INFO ]: se_demo.t0_docker_create_customer_0_1.t0_docker_create_customer - tRowGenerator_1 - Generating records.
[INFO ]: se_demo.t0_docker_create_customer_0_1.t0_docker_create_customer - tLogRow_1 - Content of row 1: [tLogRow_1] 1100|100|Personnal|Moreno Drive||Columbus|||KS|US|Herbert.Carter@gmail.com|234-555-1212
[INFO ]: se_demo.t0_docker_create_customer_0_1.t0_docker_create_customer - tLogRow_1 - Content of row 2: [tLogRow_1] 1101|101|Personnal|E Fowler Avenue||Augusta|||NJ|US|Franklin.Jefferson@gmail.com|234-555-1212
[INFO ]: se_demo.t0_docker_create_customer_0_1.t0_docker_create_customer - tLogRow_1 - Content of row 3: [tLogRow_1] 1102|102|Business|Fairview Avenue||Topeka|||OR|US|Martin.Quincy@gmail.com|234-555-1212
[INFO ]: se_demo.t0_docker_create_customer_0_1.t0_docker_create_customer - tLogRow_1 - Content of row 4: [tLogRow_1] 1103|103|Personnal|Jones Road||Honolulu|||RI|US|William.Carter@gmail.com|234-555-1212
[INFO ]: se_demo.t0_docker_create_customer_0_1.t0_docker_create_customer - tLogRow_1 - Content of row 5: [tLogRow_1] 1104|104|Personnal|North Atherton Street||Boise|||MA|US|Millard.Roosevelt@gmail.com|234-555-1212
[INFO ]: se_demo.t0_docker_create_customer_0_1.t0_docker_create_customer - tLogRow_1 - Content of row 6: [tLogRow_1] 1105|105|Business|Santa Rosa South||Columbia|||MS|US|Woodrow.Grant@gmail.com|234-555-1212
[INFO ]: se_demo.t0_docker_create_customer_0_1.t0_docker_create_customer - tLogRow_1 - Content of row 7: [tLogRow_1] 1106|106|Personnal|Bailard Avenue||Des Moines|||TX|US|George.Nixon@gmail.com|234-555-1212
[INFO ]: se_demo.t0_docker_create_customer_0_1.t0_docker_create_customer - tLogRow_1 - Content of row 8: [tLogRow_1] 1107|107|Personnal|Woodson Rd.||Atlanta|||SC|US|John.Roosevelt@gmail.com|234-555-1212
[INFO ]: se_demo.t0_docker_create_customer_0_1.t0_docker_create_customer - tLogRow_1 - Content of row 9: [tLogRow_1] 1108|108|Personnal|Redwood Highway||Little Rock|||CO|US|Herbert.Taft@gmail.com|234-555-1212
[INFO ]: se_demo.t0_docker_create_customer_0_1.t0_docker_create_customer - tLogRow_1 - Content of row 10: [tLogRow_1] 1109|109|Personnal|East 1st Street||Springfield|||MI|US|Theodore.Hoover@gmail.com|234-555-1212
[INFO ]: se_demo.t0_docker_create_customer_0_1.t0_docker_create_customer - tLogRow_1 - Content of row 11: [tLogRow_1] 1110|110|Business|Fairview Avenue||Little Rock|||GA|US|Herbert.Jackson@gmail.com|234-555-1212
[INFO ]: se_demo.t0_docker_create_customer_0_1.t0_docker_create_customer - tLogRow_1 - Content of row 12: [tLogRow_1] 1111|111|Personnal|Camelback Rd||Annapolis|||NC|US|Gerald.Quincy@gmail.com|234-555-1212
[INFO ]: se_demo.t0_docker_create_customer_0_1.t0_docker_create_customer - tLogRow_1 - Content of row 13: [tLogRow_1] 1112|112|Business|Santa Rosa North||Austin|||NE|US|Gerald.Eisenhower@gmail.com|234-555-1212
[INFO ]: se_demo.t0_docker_create_customer_0_1.t0_docker_create_customer - tLogRow_1 - Content of row 14: [tLogRow_1] 1113|113|Business|Westside Freeway||Phoenix|||MS|US|Ulysses.Jackson@gmail.com|234-555-1212
[INFO ]: se_demo.t0_docker_create_customer_0_1.t0_docker_create_customer - tLogRow_1 - Content of row 15: [tLogRow_1] 1114|114|Personnal|French Camp Turnpike Road||Sacramento|||AL|US|Thomas.Hayes@gmail.com|234-555-1212
[INFO ]: se_demo.t0_docker_create_customer_0_1.t0_docker_create_customer - tLogRow_1 - Content of row 16: [tLogRow_1] 1115|115|Personnal|North Preisker Lane||Helena|||CT|US|Bill.Eisenhower@gmail.com|234-555-1212
[INFO ]: se_demo.t0_docker_create_customer_0_1.t0_docker_create_customer - tLogRow_1 - Content of row 17: [tLogRow_1] 1116|116|Personnal|East Fry Blvd.||Columbia|||SC|US|Benjamin.Harrison@gmail.com|234-555-1212
[INFO ]: se_demo.t0_docker_create_customer_0_1.t0_docker_create_customer - tLogRow_1 - Content of row 18: [tLogRow_1] 1117|117|Personnal|North Ventu Park Road||Boston|||AR|US|Warren.Harding@gmail.com|234-555-1212
[INFO ]: se_demo.t0_docker_create_customer_0_1.t0_docker_create_customer - tLogRow_1 - Content of row 19: [tLogRow_1] 1118|118|Business|Erringer Road||Sacramento|||OR|US|Richard.Monroe@gmail.com|234-555-1212
[INFO ]: se_demo.t0_docker_create_customer_0_1.t0_docker_create_customer - tLogRow_1 - Content of row 20: [tLogRow_1] 1119|119|Business|El Camino Real||Oklahoma City|||NM|US|Ronald.Adams@gmail.com|234-555-1212
[INFO ]: se_demo.t0_docker_create_customer_0_1.t0_docker_create_customer - tLogRow_1 - Content of row 21: [tLogRow_1] 1120|120|Personnal|Bailard Avenue||Baton Rouge|||MN|US|George.Eisenhower@gmail.com|234-555-1212
[INFO ]: se_demo.t0_docker_create_customer_0_1.t0_docker_create_customer - tLogRow_1 - Content of row 22: [tLogRow_1] 1121|121|Business|Redwood Highway||Columbia|||NM|US|Woodrow.Coolidge@gmail.com|234-555-1212
[INFO ]: se_demo.t0_docker_create_customer_0_1.t0_docker_create_customer - tLogRow_1 - Content of row 23: [tLogRow_1] 1122|122|Personnal|Calle Real||Helena|||VA|US|Benjamin.Eisenhower@gmail.com|234-555-1212
[INFO ]: se_demo.t0_docker_create_customer_0_1.t0_docker_create_customer - tLogRow_1 - Content of row 24: [tLogRow_1] 1123|123|Business|South Roosevelt Drive||Juneau|||MI|US|Martin.Arthur@gmail.com|234-555-1212
[INFO ]: se_demo.t0_docker_create_customer_0_1.t0_docker_create_customer - tLogRow_1 - Content of row 25: [tLogRow_1] 1124|124|Personnal|Grandview Drive||Montpelier|||OR|US|Richard.Johnson@gmail.com|234-555-1212
[INFO ]: se_demo.t0_docker_create_customer_0_1.t0_docker_create_customer - tLogRow_1 - Content of row 26: [tLogRow_1] 1125|125|Business|Camelback Rd||Denver|||KS|US|Herbert.Polk@gmail.com|234-555-1212
[INFO ]: se_demo.t0_docker_create_customer_0_1.t0_docker_create_customer - tLogRow_1 - Content of row 27: [tLogRow_1] 1126|126|Personnal|Redwood Highway||Salt Lake City|||SD|US|Martin.Adams@gmail.com|234-555-1212
[INFO ]: se_demo.t0_docker_create_customer_0_1.t0_docker_create_customer - tLogRow_1 - Content of row 28: [tLogRow_1] 1127|127|Business|Woodson Rd.||Sacramento|||SC|US|Richard.Pierce@gmail.com|234-555-1212
[INFO ]: se_demo.t0_docker_create_customer_0_1.t0_docker_create_customer - tLogRow_1 - Content of row 29: [tLogRow_1] 1128|128|Personnal|North Ventu Park Road||Harrisburg|||UT|US|James.Grant@gmail.com|234-555-1212
[INFO ]: se_demo.t0_docker_create_customer_0_1.t0_docker_create_customer - tLogRow_1 - Content of row 30: [tLogRow_1] 1129|129|Personnal|Harry S Truman Blvd||Lansing|||IA|US|Andrew.Monroe@gmail.com|234-555-1212
[INFO ]: se_demo.t0_docker_create_customer_0_1.t0_docker_create_customer - tLogRow_1 - Content of row 31: [tLogRow_1] 1130|130|Personnal|Corona Del Mar||Columbia|||TN|US|Richard.Washington@gmail.com|234-555-1212
[INFO ]: se_demo.t0_docker_create_customer_0_1.t0_docker_create_customer - tLogRow_1 - Content of row 32: [tLogRow_1] 1131|131|Personnal|Corona Del Mar||Carson City|||MT|US|Lyndon.Tyler@gmail.com|234-555-1212
[INFO ]: se_demo.t0_docker_create_customer_0_1.t0_docker_create_customer - tLogRow_1 - Content of row 33: [tLogRow_1] 1132|132|Business|N Harrison St||Tallahassee|||IN|US|Bill.Adams@gmail.com|234-555-1212
[INFO ]: se_demo.t0_docker_create_customer_0_1.t0_docker_create_customer - tLogRow_1 - Content of row 34: [tLogRow_1] 1133|133|Personnal|Via Real||Boston|||TN|US|Benjamin.Johnson@gmail.com|234-555-1212
[INFO ]: se_demo.t0_docker_create_customer_0_1.t0_docker_create_customer - tLogRow_1 - Content of row 35: [tLogRow_1] 1134|134|Personnal|Lindbergh Blvd||Baton Rouge|||MI|US|Abraham.Harding@gmail.com|234-555-1212
[INFO ]: se_demo.t0_docker_create_customer_0_1.t0_docker_create_customer - tLogRow_1 - Content of row 36: [tLogRow_1] 1135|135|Business|Cleveland Ave.||Charleston|||VA|US|Lyndon.Pierce@gmail.com|234-555-1212
[INFO ]: se_demo.t0_docker_create_customer_0_1.t0_docker_create_customer - tLogRow_1 - Content of row 37: [tLogRow_1] 1136|136|Business|Monroe Street||Oklahoma City|||NM|US|Lyndon.Buchanan@gmail.com|234-555-1212
[INFO ]: se_demo.t0_docker_create_customer_0_1.t0_docker_create_customer - tLogRow_1 - Content of row 38: [tLogRow_1] 1137|137|Business|Hutchinson Rd||Albany|||KS|US|Calvin.Garfield@gmail.com|234-555-1212
[INFO ]: se_demo.t0_docker_create_customer_0_1.t0_docker_create_customer - tLogRow_1 - Content of row 39: [tLogRow_1] 1138|138|Personnal|Hutchinson Rd||Bismarck|||HI|US|Abraham.Washington@gmail.com|234-555-1212
[INFO ]: se_demo.t0_docker_create_customer_0_1.t0_docker_create_customer - tLogRow_1 - Content of row 40: [tLogRow_1] 1139|139|Personnal|South Roosevelt Drive||Juneau|||MS|US|John.Nixon@gmail.com|234-555-1212
[INFO ]: se_demo.t0_docker_create_customer_0_1.t0_docker_create_customer - tLogRow_1 - Content of row 41: [tLogRow_1] 1140|140|Personnal|Erringer Road||Tallahassee|||MS|US|George.Roosevelt@gmail.com|234-555-1212
[INFO ]: se_demo.t0_docker_create_customer_0_1.t0_docker_create_customer - tLogRow_1 - Content of row 42: [tLogRow_1] 1141|141|Business|North Broadway Street||Hartford|||IN|US|Calvin.Taylor@gmail.com|234-555-1212
[INFO ]: se_demo.t0_docker_create_customer_0_1.t0_docker_create_customer - tLogRow_1 - Content of row 43: [tLogRow_1] 1142|142|Personnal|Carpinteria North||Lincoln|||VA|US|Lyndon.Harding@gmail.com|234-555-1212
[INFO ]: se_demo.t0_docker_create_customer_0_1.t0_docker_create_customer - tLogRow_1 - Content of row 44: [tLogRow_1] 1143|143|Personnal|Corona Del Mar||Salem|||MA|US|Gerald.Johnson@gmail.com|234-555-1212
[INFO ]: se_demo.t0_docker_create_customer_0_1.t0_docker_create_customer - tLogRow_1 - Content of row 45: [tLogRow_1] 1144|144|Personnal|East Calle Primera||Saint Paul|||MS|US|Benjamin.Clinton@gmail.com|234-555-1212
[INFO ]: se_demo.t0_docker_create_customer_0_1.t0_docker_create_customer - tLogRow_1 - Content of row 46: [tLogRow_1] 1145|145|Personnal|East Main Street||Columbus|||ND|US|Richard.Grant@gmail.com|234-555-1212
[INFO ]: se_demo.t0_docker_create_customer_0_1.t0_docker_create_customer - tLogRow_1 - Content of row 47: [tLogRow_1] 1146|146|Personnal|Harbor Dr||Salem|||RI|US|Lyndon.Eisenhower@gmail.com|234-555-1212
[INFO ]: se_demo.t0_docker_create_customer_0_1.t0_docker_create_customer - tLogRow_1 - Content of row 48: [tLogRow_1] 1147|147|Business|Fontaine Road||Raleigh|||WA|US|Thomas.Garfield@gmail.com|234-555-1212
[INFO ]: se_demo.t0_docker_create_customer_0_1.t0_docker_create_customer - tLogRow_1 - Content of row 49: [tLogRow_1] 1148|148|Business|North Broadway Street||Des Moines|||DE|US|Benjamin.Quincy@gmail.com|234-555-1212
[INFO ]: se_demo.t0_docker_create_customer_0_1.t0_docker_create_customer - tLogRow_1 - Content of row 50: [tLogRow_1] 1149|149|Business|Carpinteria South||Topeka|||GA|US|Bill.Madison@gmail.com|234-555-1212
[INFO ]: se_demo.t0_docker_create_customer_0_1.t0_docker_create_customer - tLogRow_1 - Content of row 51: [tLogRow_1] 1150|150|Personnal|Calle Real||Pierre|||AK|US|Herbert.Clinton@gmail.com|234-555-1212
[INFO ]: se_demo.t0_docker_create_customer_0_1.t0_docker_create_customer - tLogRow_1 - Content of row 52: [tLogRow_1] 1151|151|Business|East 1st Street||Salt Lake City|||IN|US|Calvin.Arthur@gmail.com|234-555-1212
[INFO ]: se_demo.t0_docker_create_customer_0_1.t0_docker_create_customer - tLogRow_1 - Content of row 53: [tLogRow_1] 1152|152|Personnal|Milpas Street||Lansing|||GA|US|James.Taft@gmail.com|234-555-1212
[INFO ]: se_demo.t0_docker_create_customer_0_1.t0_docker_create_customer - tLogRow_1 - Content of row 54: [tLogRow_1] 1153|153|Business|Woodson Rd.||Jackson|||AK|US|James.Madison@gmail.com|234-555-1212
[INFO ]: se_demo.t0_docker_create_customer_0_1.t0_docker_create_customer - tLogRow_1 - Content of row 55: [tLogRow_1] 1154|154|Personnal|S Rustle St||Nashville|||WV|US|Benjamin.Nixon@gmail.com|234-555-1212
[INFO ]: se_demo.t0_docker_create_customer_0_1.t0_docker_create_customer - tLogRow_1 - Content of row 56: [tLogRow_1] 1155|155|Business|El Camino Real||Honolulu|||CO|US|Grover.Reagan@gmail.com|234-555-1212
[INFO ]: se_demo.t0_docker_create_customer_0_1.t0_docker_create_customer - tLogRow_1 - Content of row 57: [tLogRow_1] 1156|156|Personnal|Jones Road||Montpelier|||LA|US|Theodore.Harrison@gmail.com|234-555-1212
[INFO ]: se_demo.t0_docker_create_customer_0_1.t0_docker_create_customer - tLogRow_1 - Content of row 58: [tLogRow_1] 1157|157|Business|Westside Freeway||Pierre|||GA|US|Richard.Monroe@gmail.com|234-555-1212
[INFO ]: se_demo.t0_docker_create_customer_0_1.t0_docker_create_customer - tLogRow_1 - Content of row 59: [tLogRow_1] 1158|158|Personnal|Cleveland Ave.||Hartford|||CA|US|Franklin.Ford@gmail.com|234-555-1212
[INFO ]: se_demo.t0_docker_create_customer_0_1.t0_docker_create_customer - tLogRow_1 - Content of row 60: [tLogRow_1] 1159|159|Personnal|East Main Street||Augusta|||TX|US|Lyndon.Washington@gmail.com|234-555-1212
[INFO ]: se_demo.t0_docker_create_customer_0_1.t0_docker_create_customer - tLogRow_1 - Content of row 61: [tLogRow_1] 1160|160|Personnal|South Highway||Sacramento|||NV|US|Millard.Fillmore@gmail.com|234-555-1212
[INFO ]: se_demo.t0_docker_create_customer_0_1.t0_docker_create_customer - tLogRow_1 - Content of row 62: [tLogRow_1] 1161|161|Personnal|W. Russell St.||Juneau|||NY|US|Harry.Carter@gmail.com|234-555-1212
[INFO ]: se_demo.t0_docker_create_customer_0_1.t0_docker_create_customer - tLogRow_1 - Content of row 63: [tLogRow_1] 1162|162|Personnal|San Simeon||Juneau|||CA|US|William.Coolidge@gmail.com|234-555-1212
[INFO ]: se_demo.t0_docker_create_customer_0_1.t0_docker_create_customer - tLogRow_1 - Content of row 64: [tLogRow_1] 1163|163|Business|Tully Road East||Montgomery|||IN|US|Dwight.Ford@gmail.com|234-555-1212
[INFO ]: se_demo.t0_docker_create_customer_0_1.t0_docker_create_customer - tLogRow_1 - Content of row 65: [tLogRow_1] 1164|164|Business|Lake Tahoe Blvd.||Topeka|||KS|US|Warren.Carter@gmail.com|234-555-1212
[INFO ]: se_demo.t0_docker_create_customer_0_1.t0_docker_create_customer - tLogRow_1 - Content of row 66: [tLogRow_1] 1165|165|Business|San Diego Freeway||Bismarck|||MT|US|Chester.Pierce@gmail.com|234-555-1212
[INFO ]: se_demo.t0_docker_create_customer_0_1.t0_docker_create_customer - tLogRow_1 - Content of row 67: [tLogRow_1] 1166|166|Business|N Harrison St||Lincoln|||RI|US|Benjamin.Van Buren@gmail.com|234-555-1212
[INFO ]: se_demo.t0_docker_create_customer_0_1.t0_docker_create_customer - tLogRow_1 - Content of row 68: [tLogRow_1] 1167|167|Business|E Fowler Avenue||Columbus|||TX|US|Zachary.Kennedy@gmail.com|234-555-1212
[INFO ]: se_demo.t0_docker_create_customer_0_1.t0_docker_create_customer - tLogRow_1 - Content of row 69: [tLogRow_1] 1168|168|Business|North Erringer Road||Bismarck|||NH|US|Andrew.Jefferson@gmail.com|234-555-1212
[INFO ]: se_demo.t0_docker_create_customer_0_1.t0_docker_create_customer - tLogRow_1 - Content of row 70: [tLogRow_1] 1169|169|Business|East Main Street||Springfield|||OK|US|Richard.McKinley@gmail.com|234-555-1212
[INFO ]: se_demo.t0_docker_create_customer_0_1.t0_docker_create_customer - tLogRow_1 - Content of row 71: [tLogRow_1] 1170|170|Personnal|Harry S Truman Blvd||Olympia|||AZ|US|Abraham.Polk@gmail.com|234-555-1212
[INFO ]: se_demo.t0_docker_create_customer_0_1.t0_docker_create_customer - tLogRow_1 - Content of row 72: [tLogRow_1] 1171|171|Business|Cleveland Ave.||Raleigh|||AZ|US|Bill.Jackson@gmail.com|234-555-1212
[INFO ]: se_demo.t0_docker_create_customer_0_1.t0_docker_create_customer - tLogRow_1 - Content of row 73: [tLogRow_1] 1172|172|Business|East Fry Blvd.||Dover|||CO|US|Herbert.Polk@gmail.com|234-555-1212
[INFO ]: se_demo.t0_docker_create_customer_0_1.t0_docker_create_customer - tLogRow_1 - Content of row 74: [tLogRow_1] 1173|173|Personnal|Pacific Hwy S||Concord|||MA|US|Benjamin.Harrison@gmail.com|234-555-1212
[INFO ]: se_demo.t0_docker_create_customer_0_1.t0_docker_create_customer - tLogRow_1 - Content of row 75: [tLogRow_1] 1174|174|Business|North Broadway Street||Des Moines|||AK|US|Calvin.Madison@gmail.com|234-555-1212
[INFO ]: se_demo.t0_docker_create_customer_0_1.t0_docker_create_customer - tLogRow_1 - Content of row 76: [tLogRow_1] 1175|175|Personnal|Tanger Blvd||Pierre|||MA|US|Benjamin.Tyler@gmail.com|234-555-1212
[INFO ]: se_demo.t0_docker_create_customer_0_1.t0_docker_create_customer - tLogRow_1 - Content of row 77: [tLogRow_1] 1176|176|Business|Jones Road||Pierre|||ID|US|Calvin.Van Buren@gmail.com|234-555-1212
[INFO ]: se_demo.t0_docker_create_customer_0_1.t0_docker_create_customer - tLogRow_1 - Content of row 78: [tLogRow_1] 1177|177|Business|Santa Rosa South||Baton Rouge|||SC|US|Chester.Washington@gmail.com|234-555-1212
[INFO ]: se_demo.t0_docker_create_customer_0_1.t0_docker_create_customer - tLogRow_1 - Content of row 79: [tLogRow_1] 1178|178|Personnal|Bowles Avenue||Jackson|||PA|US|Ulysses.Tyler@gmail.com|234-555-1212
[INFO ]: se_demo.t0_docker_create_customer_0_1.t0_docker_create_customer - tLogRow_1 - Content of row 80: [tLogRow_1] 1179|179|Personnal|North Atherton Street||Charleston|||AL|US|Calvin.Hayes@gmail.com|234-555-1212
[INFO ]: se_demo.t0_docker_create_customer_0_1.t0_docker_create_customer - tLogRow_1 - Content of row 81: [tLogRow_1] 1180|180|Business|Katella Avenue||Frankfort|||MI|US|Warren.Wilson@gmail.com|234-555-1212
[INFO ]: se_demo.t0_docker_create_customer_0_1.t0_docker_create_customer - tLogRow_1 - Content of row 82: [tLogRow_1] 1181|181|Business|Santa Ana Freeway||Columbia|||VT|US|John.Arthur@gmail.com|234-555-1212
[INFO ]: se_demo.t0_docker_create_customer_0_1.t0_docker_create_customer - tLogRow_1 - Content of row 83: [tLogRow_1] 1182|182|Business|South Highway||Columbia|||CA|US|Richard.Roosevelt@gmail.com|234-555-1212
[INFO ]: se_demo.t0_docker_create_customer_0_1.t0_docker_create_customer - tLogRow_1 - Content of row 84: [tLogRow_1] 1183|183|Personnal|Lake Tahoe Blvd.||Indianapolis|||MN|US|Andrew.Tyler@gmail.com|234-555-1212
[INFO ]: se_demo.t0_docker_create_customer_0_1.t0_docker_create_customer - tLogRow_1 - Content of row 85: [tLogRow_1] 1184|184|Business|North Preisker Lane||Salem|||NM|US|Lyndon.Johnson@gmail.com|234-555-1212
[INFO ]: se_demo.t0_docker_create_customer_0_1.t0_docker_create_customer - tLogRow_1 - Content of row 86: [tLogRow_1] 1185|185|Business|San Marcos||Sacramento|||MN|US|William.Harrison@gmail.com|234-555-1212
[INFO ]: se_demo.t0_docker_create_customer_0_1.t0_docker_create_customer - tLogRow_1 - Content of row 87: [tLogRow_1] 1186|186|Business|Jean de la Fontaine||Albany|||FL|US|Calvin.Jefferson@gmail.com|234-555-1212
[INFO ]: se_demo.t0_docker_create_customer_0_1.t0_docker_create_customer - tLogRow_1 - Content of row 88: [tLogRow_1] 1187|187|Business|San Marcos||Dover|||MN|US|Martin.Jefferson@gmail.com|234-555-1212
[INFO ]: se_demo.t0_docker_create_customer_0_1.t0_docker_create_customer - tLogRow_1 - Content of row 89: [tLogRow_1] 1188|188|Business|Carpinteria South||Dover|||ND|US|Theodore.Johnson@gmail.com|234-555-1212
[INFO ]: se_demo.t0_docker_create_customer_0_1.t0_docker_create_customer - tLogRow_1 - Content of row 90: [tLogRow_1] 1189|189|Business|North Atherton Street||Jefferson City|||NV|US|Warren.Ford@gmail.com|234-555-1212
[INFO ]: se_demo.t0_docker_create_customer_0_1.t0_docker_create_customer - tLogRow_1 - Content of row 91: [tLogRow_1] 1190|190|Business|Carpinteria South||Concord|||IL|US|Franklin.Washington@gmail.com|234-555-1212
[INFO ]: se_demo.t0_docker_create_customer_0_1.t0_docker_create_customer - tLogRow_1 - Content of row 92: [tLogRow_1] 1191|191|Business|Steele Lane||Springfield|||NY|US|Calvin.Harding@gmail.com|234-555-1212
[INFO ]: se_demo.t0_docker_create_customer_0_1.t0_docker_create_customer - tLogRow_1 - Content of row 93: [tLogRow_1] 1192|192|Personnal|E Fowler Avenue||Tallahassee|||HI|US|Warren.Coolidge@gmail.com|234-555-1212
[INFO ]: se_demo.t0_docker_create_customer_0_1.t0_docker_create_customer - tLogRow_1 - Content of row 94: [tLogRow_1] 1193|193|Personnal|Harry S Truman Blvd||Helena|||CO|US|Lyndon.Coolidge@gmail.com|234-555-1212
[INFO ]: se_demo.t0_docker_create_customer_0_1.t0_docker_create_customer - tLogRow_1 - Content of row 95: [tLogRow_1] 1194|194|Personnal|Via Real||Montpelier|||MA|US|Thomas.Clinton@gmail.com|234-555-1212
[INFO ]: se_demo.t0_docker_create_customer_0_1.t0_docker_create_customer - tLogRow_1 - Content of row 96: [tLogRow_1] 1195|195|Personnal|Carpinteria Avenue||Topeka|||LA|US|Chester.Fillmore@gmail.com|234-555-1212
[INFO ]: se_demo.t0_docker_create_customer_0_1.t0_docker_create_customer - tLogRow_1 - Content of row 97: [tLogRow_1] 1196|196|Business|Fairview Avenue||Augusta|||TX|US|Millard.Washington@gmail.com|234-555-1212
[INFO ]: se_demo.t0_docker_create_customer_0_1.t0_docker_create_customer - tLogRow_1 - Content of row 98: [tLogRow_1] 1197|197|Personnal|North Atherton Street||Providence|||MD|US|John.Carter@gmail.com|234-555-1212
[INFO ]: se_demo.t0_docker_create_customer_0_1.t0_docker_create_customer - tLogRow_1 - Content of row 99: [tLogRow_1] 1198|198|Business|Jones Road||Indianapolis|||FL|US|George.Carter@gmail.com|234-555-1212
[INFO ]: se_demo.t0_docker_create_customer_0_1.t0_docker_create_customer - tLogRow_1 - Content of row 100: [tLogRow_1] 1199|199|Business|Carpinteria South||Austin|||WI|US|Thomas.Wilson@gmail.com|234-555-1212
[INFO ]: se_demo.t0_docker_create_customer_0_1.t0_docker_create_customer - tRowGenerator_1 - Generated records count:100 .
[INFO ]: se_demo.t0_docker_create_customer_0_1.t0_docker_create_customer - tLogRow_1 - Printed row count: 100.
[INFO ]: se_demo.t0_docker_create_customer_0_1.t0_docker_create_customer - tRowGenerator_2 - Generating records.
[INFO ]: se_demo.t0_docker_create_customer_0_1.t0_docker_create_customer - tRowGenerator_2 - Generated records count:10 .
[WARN ]: se_demo.t0_docker_create_customer_0_1.t0_docker_create_customer - tWarn_1 - Message: Finished. Code: 42
[INFO ]: se_demo.t0_docker_create_customer_0_1.t0_docker_create_customer - TalendJob: 't0_docker_create_customer' - Done.
[INFO ]: se_demo.t0_docker_create_customer_0_1.t0_docker_create_customer - tRowGenerator_1 - Generating records.
[INFO ]: se_demo.t0_docker_create_customer_0_1.t0_docker_create_customer - tLogRow_1 - Content of row 1: [tLogRow_1] 1100|100|Business|Westside Freeway||Salt Lake City|||TX|US|William.Van Buren@gmail.com|234-555-1212
[INFO ]: se_demo.t0_docker_create_customer_0_1.t0_docker_create_customer - tLogRow_1 - Content of row 2: [tLogRow_1] 1101|101|Personnal|San Marcos||Helena|||ID|US|Calvin.Jackson@gmail.com|234-555-1212
[INFO ]: se_demo.t0_docker_create_customer_0_1.t0_docker_create_customer - tLogRow_1 - Content of row 3: [tLogRow_1] 1102|102|Business|Cleveland Ave.||Tallahassee|||CT|US|Harry.Wilson@gmail.com|234-555-1212
[INFO ]: se_demo.t0_docker_create_customer_0_1.t0_docker_create_customer - tLogRow_1 - Content of row 4: [tLogRow_1] 1103|103|Business|W. Russell St.||Helena|||IN|US|Warren.Van Buren@gmail.com|234-555-1212
[INFO ]: se_demo.t0_docker_create_customer_0_1.t0_docker_create_customer - tLogRow_1 - Content of row 5: [tLogRow_1] 1104|104|Personnal|Camelback Rd||Annapolis|||UT|US|Chester.Lincoln@gmail.com|234-555-1212
[INFO ]: se_demo.t0_docker_create_customer_0_1.t0_docker_create_customer - tLogRow_1 - Content of row 6: [tLogRow_1] 1105|105|Business|San Marcos||Juneau|||WV|US|Warren.Truman@gmail.com|234-555-1212
[INFO ]: se_demo.t0_docker_create_customer_0_1.t0_docker_create_customer - tLogRow_1 - Content of row 7: [tLogRow_1] 1106|106|Personnal|Santa Rosa South||Frankfort|||PA|US|Rutherford.Coolidge@gmail.com|234-555-1212
[INFO ]: se_demo.t0_docker_create_customer_0_1.t0_docker_create_customer - tLogRow_1 - Content of row 8: [tLogRow_1] 1107|107|Business|Timberlane Drive||Santa Fe|||OR|US|Franklin.Hayes@gmail.com|234-555-1212
[INFO ]: se_demo.t0_docker_create_customer_0_1.t0_docker_create_customer - tLogRow_1 - Content of row 9: [tLogRow_1] 1108|108|Business|Moreno Drive||Salem|||VA|US|Grover.Johnson@gmail.com|234-555-1212
[INFO ]: se_demo.t0_docker_create_customer_0_1.t0_docker_create_customer - tLogRow_1 - Content of row 10: [tLogRow_1] 1109|109|Business|Moreno Drive||Frankfort|||AZ|US|Chester.Pierce@gmail.com|234-555-1212
[INFO ]: se_demo.t0_docker_create_customer_0_1.t0_docker_create_customer - tLogRow_1 - Content of row 11: [tLogRow_1] 1110|110|Business|Timberlane Drive||Augusta|||NJ|US|Zachary.Buchanan@gmail.com|234-555-1212
[INFO ]: se_demo.t0_docker_create_customer_0_1.t0_docker_create_customer - tLogRow_1 - Content of row 12: [tLogRow_1] 1111|111|Personnal|Moreno Drive||Nashville|||WV|US|Ulysses.Taylor@gmail.com|234-555-1212
[INFO ]: se_demo.t0_docker_create_customer_0_1.t0_docker_create_customer - tLogRow_1 - Content of row 13: [tLogRow_1] 1112|112|Business|North Atherton Street||Raleigh|||MD|US|Thomas.Truman@gmail.com|234-555-1212
[INFO ]: se_demo.t0_docker_create_customer_0_1.t0_docker_create_customer - tLogRow_1 - Content of row 14: [tLogRow_1] 1113|113|Personnal|Santa Rosa South||Richmond|||CA|US|Benjamin.Ford@gmail.com|234-555-1212
[INFO ]: se_demo.t0_docker_create_customer_0_1.t0_docker_create_customer - tLogRow_1 - Content of row 15: [tLogRow_1] 1114|114|Business|Newbury Road||Santa Fe|||UT|US|Andrew.Fillmore@gmail.com|234-555-1212
[INFO ]: se_demo.t0_docker_create_customer_0_1.t0_docker_create_customer - tLogRow_1 - Content of row 16: [tLogRow_1] 1115|115|Business|East Fry Blvd.||Austin|||DE|US|Abraham.Wilson@gmail.com|234-555-1212
[INFO ]: se_demo.t0_docker_create_customer_0_1.t0_docker_create_customer - tLogRow_1 - Content of row 17: [tLogRow_1] 1116|116|Personnal|Corona Del Mar||Jefferson City|||ID|US|Warren.Hoover@gmail.com|234-555-1212
[INFO ]: se_demo.t0_docker_create_customer_0_1.t0_docker_create_customer - tLogRow_1 - Content of row 18: [tLogRow_1] 1117|117|Business|Bowles Avenue||Salem|||RI|US|Woodrow.Buchanan@gmail.com|234-555-1212
[INFO ]: se_demo.t0_docker_create_customer_0_1.t0_docker_create_customer - tLogRow_1 - Content of row 19: [tLogRow_1] 1118|118|Personnal|Via Real||Phoenix|||GA|US|Dwight.Harding@gmail.com|234-555-1212
[INFO ]: se_demo.t0_docker_create_customer_0_1.t0_docker_create_customer - tLogRow_1 - Content of row 20: [tLogRow_1] 1119|119|Business|San Marcos||Oklahoma City|||AR|US|Franklin.Coolidge@gmail.com|234-555-1212
[INFO ]: se_demo.t0_docker_create_customer_0_1.t0_docker_create_customer - tLogRow_1 - Content of row 21: [tLogRow_1] 1120|120|Business|Monroe Street||Raleigh|||NC|US|Woodrow.Quincy@gmail.com|234-555-1212
[INFO ]: se_demo.t0_docker_create_customer_0_1.t0_docker_create_customer - tLogRow_1 - Content of row 22: [tLogRow_1] 1121|121|Personnal|Cerrillos Road||Atlanta|||CT|US|Theodore.Adams@gmail.com|234-555-1212
[INFO ]: se_demo.t0_docker_create_customer_0_1.t0_docker_create_customer - tLogRow_1 - Content of row 23: [tLogRow_1] 1122|122|Business|Via Real||Phoenix|||MS|US|Harry.Hayes@gmail.com|234-555-1212
[INFO ]: se_demo.t0_docker_create_customer_0_1.t0_docker_create_customer - tLogRow_1 - Content of row 24: [tLogRow_1] 1123|123|Business|Carpinteria South||Oklahoma City|||MO|US|Harry.Jefferson@gmail.com|234-555-1212
[INFO ]: se_demo.t0_docker_create_customer_0_1.t0_docker_create_customer - tLogRow_1 - Content of row 25: [tLogRow_1] 1124|124|Personnal|North Atherton Street||Little Rock|||AR|US|Gerald.Johnson@gmail.com|234-555-1212
[INFO ]: se_demo.t0_docker_create_customer_0_1.t0_docker_create_customer - tLogRow_1 - Content of row 26: [tLogRow_1] 1125|125|Personnal|E Fowler Avenue||Springfield|||WI|US|Abraham.Johnson@gmail.com|234-555-1212
[INFO ]: se_demo.t0_docker_create_customer_0_1.t0_docker_create_customer - tLogRow_1 - Content of row 27: [tLogRow_1] 1126|126|Business|North Broadway Street||Harrisburg|||MS|US|Gerald.Taylor@gmail.com|234-555-1212
[INFO ]: se_demo.t0_docker_create_customer_0_1.t0_docker_create_customer - tLogRow_1 - Content of row 28: [tLogRow_1] 1127|127|Business|East 1st Street||Jefferson City|||KY|US|Warren.Grant@gmail.com|234-555-1212
[INFO ]: se_demo.t0_docker_create_customer_0_1.t0_docker_create_customer - tLogRow_1 - Content of row 29: [tLogRow_1] 1128|128|Personnal|Santa Monica Road||Santa Fe|||NV|US|Theodore.Van Buren@gmail.com|234-555-1212
[INFO ]: se_demo.t0_docker_create_customer_0_1.t0_docker_create_customer - tLogRow_1 - Content of row 30: [tLogRow_1] 1129|129|Personnal|Erringer Road||Montpelier|||ME|US|Thomas.Tyler@gmail.com|234-555-1212
[INFO ]: se_demo.t0_docker_create_customer_0_1.t0_docker_create_customer - tLogRow_1 - Content of row 31: [tLogRow_1] 1130|130|Business|Tully Road East||Phoenix|||KY|US|Herbert.Pierce@gmail.com|234-555-1212
[INFO ]: se_demo.t0_docker_create_customer_0_1.t0_docker_create_customer - tLogRow_1 - Content of row 32: [tLogRow_1] 1131|131|Personnal|Greenwood Road||Columbus|||NJ|US|Harry.Eisenhower@gmail.com|234-555-1212
[INFO ]: se_demo.t0_docker_create_customer_0_1.t0_docker_create_customer - tLogRow_1 - Content of row 33: [tLogRow_1] 1132|132|Personnal|San Simeon||Dover|||AK|US|Calvin.Jackson@gmail.com|234-555-1212
[INFO ]: se_demo.t0_docker_create_customer_0_1.t0_docker_create_customer - tLogRow_1 - Content of row 34: [tLogRow_1] 1133|133|Business|Camelback Rd||Salt Lake City|||SC|US|James.Quincy@gmail.com|234-555-1212
[INFO ]: se_demo.t0_docker_create_customer_0_1.t0_docker_create_customer - tLogRow_1 - Content of row 35: [tLogRow_1] 1134|134|Personnal|Fairview Avenue||Phoenix|||OH|US|James.Buchanan@gmail.com|234-555-1212
[INFO ]: se_demo.t0_docker_create_customer_0_1.t0_docker_create_customer - tLogRow_1 - Content of row 36: [tLogRow_1] 1135|135|Personnal|Grandview Drive||Pierre|||PA|US|Ulysses.Carter@gmail.com|234-555-1212
[INFO ]: se_demo.t0_docker_create_customer_0_1.t0_docker_create_customer - tLogRow_1 - Content of row 37: [tLogRow_1] 1136|136|Personnal|Tully Road East||Montpelier|||NE|US|James.Jefferson@gmail.com|234-555-1212
[INFO ]: se_demo.t0_docker_create_customer_0_1.t0_docker_create_customer - tLogRow_1 - Content of row 38: [tLogRow_1] 1137|137|Business|Pacific Hwy S||Lansing|||MS|US|Jimmy.Adams@gmail.com|234-555-1212
[INFO ]: se_demo.t0_docker_create_customer_0_1.t0_docker_create_customer - tLogRow_1 - Content of row 39: [tLogRow_1] 1138|138|Business|Monroe Street||Saint Paul|||CO|US|Richard.Harding@gmail.com|234-555-1212
[INFO ]: se_demo.t0_docker_create_customer_0_1.t0_docker_create_customer - tLogRow_1 - Content of row 40: [tLogRow_1] 1139|139|Business|Cabrillo Highway||Sacramento|||MO|US|Dwight.Clinton@gmail.com|234-555-1212
[INFO ]: se_demo.t0_docker_create_customer_0_1.t0_docker_create_customer - tLogRow_1 - Content of row 41: [tLogRow_1] 1140|140|Personnal|Bowles Avenue||Montpelier|||WA|US|Woodrow.Kennedy@gmail.com|234-555-1212
[INFO ]: se_demo.t0_docker_create_customer_0_1.t0_docker_create_customer - tLogRow_1 - Content of row 42: [tLogRow_1] 1141|141|Personnal|N Kentwood||Des Moines|||KS|US|Woodrow.Cleveland@gmail.com|234-555-1212
[INFO ]: se_demo.t0_docker_create_customer_0_1.t0_docker_create_customer - tLogRow_1 - Content of row 43: [tLogRow_1] 1142|142|Business|El Camino Real||Salt Lake City|||MD|US|Millard.Ford@gmail.com|234-555-1212
[INFO ]: se_demo.t0_docker_create_customer_0_1.t0_docker_create_customer - tLogRow_1 - Content of row 44: [tLogRow_1] 1143|143|Business|Jones Road||Providence|||CT|US|Jimmy.Roosevelt@gmail.com|234-555-1212
[INFO ]: se_demo.t0_docker_create_customer_0_1.t0_docker_create_customer - tLogRow_1 - Content of row 45: [tLogRow_1] 1144|144|Business|Tully Road East||Salem|||WV|US|James.Truman@gmail.com|234-555-1212
[INFO ]: se_demo.t0_docker_create_customer_0_1.t0_docker_create_customer - tLogRow_1 - Content of row 46: [tLogRow_1] 1145|145|Personnal|Carpinteria North||Santa Fe|||OR|US|Rutherford.Fillmore@gmail.com|234-555-1212
[INFO ]: se_demo.t0_docker_create_customer_0_1.t0_docker_create_customer - tLogRow_1 - Content of row 47: [tLogRow_1] 1146|146|Personnal|Timberlane Drive||Jackson|||TN|US|Woodrow.Nixon@gmail.com|234-555-1212
[INFO ]: se_demo.t0_docker_create_customer_0_1.t0_docker_create_customer - tLogRow_1 - Content of row 48: [tLogRow_1] 1147|147|Personnal|South Roosevelt Drive||Boise|||ME|US|Harry.Nixon@gmail.com|234-555-1212
[INFO ]: se_demo.t0_docker_create_customer_0_1.t0_docker_create_customer - tLogRow_1 - Content of row 49: [tLogRow_1] 1148|148|Personnal|Moreno Drive||Santa Fe|||SC|US|William.Ford@gmail.com|234-555-1212
[INFO ]: se_demo.t0_docker_create_customer_0_1.t0_docker_create_customer - tLogRow_1 - Content of row 50: [tLogRow_1] 1149|149|Personnal|North Erringer Road||Helena|||VT|US|Ulysses.Monroe@gmail.com|234-555-1212
[INFO ]: se_demo.t0_docker_create_customer_0_1.t0_docker_create_customer - tLogRow_1 - Content of row 51: [tLogRow_1] 1150|150|Personnal|Carpinteria Avenue||Olympia|||IN|US|Richard.Grant@gmail.com|234-555-1212
[INFO ]: se_demo.t0_docker_create_customer_0_1.t0_docker_create_customer - tLogRow_1 - Content of row 52: [tLogRow_1] 1151|151|Personnal|East 1st Street||Jefferson City|||MA|US|John.Adams@gmail.com|234-555-1212
[INFO ]: se_demo.t0_docker_create_customer_0_1.t0_docker_create_customer - tLogRow_1 - Content of row 53: [tLogRow_1] 1152|152|Personnal|Camelback Rd||Nashville|||NJ|US|Grover.Johnson@gmail.com|234-555-1212
[INFO ]: se_demo.t0_docker_create_customer_0_1.t0_docker_create_customer - tLogRow_1 - Content of row 54: [tLogRow_1] 1153|153|Personnal|North Preisker Lane||Salt Lake City|||DE|US|William.Hoover@gmail.com|234-555-1212
[INFO ]: se_demo.t0_docker_create_customer_0_1.t0_docker_create_customer - tLogRow_1 - Content of row 55: [tLogRow_1] 1154|154|Personnal|Jones Road||Lincoln|||KY|US|Lyndon.Grant@gmail.com|234-555-1212
[INFO ]: se_demo.t0_docker_create_customer_0_1.t0_docker_create_customer - tLogRow_1 - Content of row 56: [tLogRow_1] 1155|155|Business|Camelback Rd||Hartford|||WA|US|Chester.Johnson@gmail.com|234-555-1212
[INFO ]: se_demo.t0_docker_create_customer_0_1.t0_docker_create_customer - tLogRow_1 - Content of row 57: [tLogRow_1] 1156|156|Business|San Ysidro Blvd||Sacramento|||MN|US|Warren.Van Buren@gmail.com|234-555-1212
[INFO ]: se_demo.t0_docker_create_customer_0_1.t0_docker_create_customer - tLogRow_1 - Content of row 58: [tLogRow_1] 1157|157|Personnal|Katella Avenue||Raleigh|||CA|US|Grover.Hoover@gmail.com|234-555-1212
[INFO ]: se_demo.t0_docker_create_customer_0_1.t0_docker_create_customer - tLogRow_1 - Content of row 59: [tLogRow_1] 1158|158|Business|Santa Ana Freeway||Springfield|||MN|US|Gerald.Wilson@gmail.com|234-555-1212
[INFO ]: se_demo.t0_docker_create_customer_0_1.t0_docker_create_customer - tLogRow_1 - Content of row 60: [tLogRow_1] 1159|159|Business|Monroe Street||Pierre|||WA|US|Martin.Truman@gmail.com|234-555-1212
[INFO ]: se_demo.t0_docker_create_customer_0_1.t0_docker_create_customer - tLogRow_1 - Content of row 61: [tLogRow_1] 1160|160|Business|North Broadway Street||Jefferson City|||PA|US|Gerald.Washington@gmail.com|234-555-1212
[INFO ]: se_demo.t0_docker_create_customer_0_1.t0_docker_create_customer - tLogRow_1 - Content of row 62: [tLogRow_1] 1161|161|Personnal|Calle Real||Charleston|||MA|US|Richard.Johnson@gmail.com|234-555-1212
[INFO ]: se_demo.t0_docker_create_customer_0_1.t0_docker_create_customer - tLogRow_1 - Content of row 63: [tLogRow_1] 1162|162|Personnal|Fontaine Road||Santa Fe|||CT|US|Woodrow.Ford@gmail.com|234-555-1212
[INFO ]: se_demo.t0_docker_create_customer_0_1.t0_docker_create_customer - tLogRow_1 - Content of row 64: [tLogRow_1] 1163|163|Business|Burnett Road||Cheyenne|||NJ|US|Woodrow.Tyler@gmail.com|234-555-1212
[INFO ]: se_demo.t0_docker_create_customer_0_1.t0_docker_create_customer - tLogRow_1 - Content of row 65: [tLogRow_1] 1164|164|Business|French Camp Turnpike Road||Phoenix|||KS|US|Theodore.Quincy@gmail.com|234-555-1212
[INFO ]: se_demo.t0_docker_create_customer_0_1.t0_docker_create_customer - tLogRow_1 - Content of row 66: [tLogRow_1] 1165|165|Personnal|Carpinteria North||Nashville|||ID|US|Millard.Fillmore@gmail.com|234-555-1212
[INFO ]: se_demo.t0_docker_create_customer_0_1.t0_docker_create_customer - tLogRow_1 - Content of row 67: [tLogRow_1] 1166|166|Personnal|Via Real||Raleigh|||FL|US|Gerald.Harrison@gmail.com|234-555-1212
[INFO ]: se_demo.t0_docker_create_customer_0_1.t0_docker_create_customer - tLogRow_1 - Content of row 68: [tLogRow_1] 1167|167|Personnal|East 1st Street||Jefferson City|||KS|US|Herbert.Arthur@gmail.com|234-555-1212
[INFO ]: se_demo.t0_docker_create_customer_0_1.t0_docker_create_customer - tLogRow_1 - Content of row 69: [tLogRow_1] 1168|168|Business|Lawrenceville Suwanee||Frankfort|||KY|US|John.Johnson@gmail.com|234-555-1212
[INFO ]: se_demo.t0_docker_create_customer_0_1.t0_docker_create_customer - tLogRow_1 - Content of row 70: [tLogRow_1] 1169|169|Personnal|Corona Del Mar||Salt Lake City|||OK|US|Rutherford.Hayes@gmail.com|234-555-1212
[INFO ]: se_demo.t0_docker_create_customer_0_1.t0_docker_create_customer - tLogRow_1 - Content of row 71: [tLogRow_1] 1170|170|Business|San Diego Freeway||Topeka|||AZ|US|Dwight.Kennedy@gmail.com|234-555-1212
[INFO ]: se_demo.t0_docker_create_customer_0_1.t0_docker_create_customer - tLogRow_1 - Content of row 72: [tLogRow_1] 1171|171|Business|Katella Avenue||Carson City|||IL|US|Millard.Eisenhower@gmail.com|234-555-1212
[INFO ]: se_demo.t0_docker_create_customer_0_1.t0_docker_create_customer - tLogRow_1 - Content of row 73: [tLogRow_1] 1172|172|Personnal|Harry S Truman Blvd||Olympia|||PA|US|Millard.McKinley@gmail.com|234-555-1212
[INFO ]: se_demo.t0_docker_create_customer_0_1.t0_docker_create_customer - tLogRow_1 - Content of row 74: [tLogRow_1] 1173|173|Business|Padre Boulevard||Indianapolis|||MT|US|Franklin.Pierce@gmail.com|234-555-1212
[INFO ]: se_demo.t0_docker_create_customer_0_1.t0_docker_create_customer - tLogRow_1 - Content of row 75: [tLogRow_1] 1174|174|Personnal|South Highway||Providence|||PA|US|Lyndon.Coolidge@gmail.com|234-555-1212
[INFO ]: se_demo.t0_docker_create_customer_0_1.t0_docker_create_customer - tLogRow_1 - Content of row 76: [tLogRow_1] 1175|175|Personnal|Harry S Truman Blvd||Richmond|||HI|US|Dwight.Buchanan@gmail.com|234-555-1212
[INFO ]: se_demo.t0_docker_create_customer_0_1.t0_docker_create_customer - tLogRow_1 - Content of row 77: [tLogRow_1] 1176|176|Business|San Marcos||Atlanta|||MI|US|Dwight.Johnson@gmail.com|234-555-1212
[INFO ]: se_demo.t0_docker_create_customer_0_1.t0_docker_create_customer - tLogRow_1 - Content of row 78: [tLogRow_1] 1177|177|Personnal|North Broadway Street||Hartford|||NJ|US|Lyndon.Johnson@gmail.com|234-555-1212
[INFO ]: se_demo.t0_docker_create_customer_0_1.t0_docker_create_customer - tLogRow_1 - Content of row 79: [tLogRow_1] 1178|178|Personnal|Jones Road||Juneau|||ID|US|Lyndon.Arthur@gmail.com|234-555-1212
[INFO ]: se_demo.t0_docker_create_customer_0_1.t0_docker_create_customer - tLogRow_1 - Content of row 80: [tLogRow_1] 1179|179|Business|East 1st Street||Hartford|||UT|US|Thomas.Coolidge@gmail.com|234-555-1212
[INFO ]: se_demo.t0_docker_create_customer_0_1.t0_docker_create_customer - tLogRow_1 - Content of row 81: [tLogRow_1] 1180|180|Personnal|Corona Del Mar||Dover|||HI|US|Abraham.Fillmore@gmail.com|234-555-1212
[INFO ]: se_demo.t0_docker_create_customer_0_1.t0_docker_create_customer - tLogRow_1 - Content of row 82: [tLogRow_1] 1181|181|Personnal|Tanger Blvd||Juneau|||SC|US|Bill.Van Buren@gmail.com|234-555-1212
[INFO ]: se_demo.t0_docker_create_customer_0_1.t0_docker_create_customer - tLogRow_1 - Content of row 83: [tLogRow_1] 1182|182|Business|Bayshore Freeway||Columbus|||OH|US|Martin.Harrison@gmail.com|234-555-1212
[INFO ]: se_demo.t0_docker_create_customer_0_1.t0_docker_create_customer - tLogRow_1 - Content of row 84: [tLogRow_1] 1183|183|Personnal|Lindbergh Blvd||Olympia|||ID|US|Gerald.Reagan@gmail.com|234-555-1212
[INFO ]: se_demo.t0_docker_create_customer_0_1.t0_docker_create_customer - tLogRow_1 - Content of row 85: [tLogRow_1] 1184|184|Personnal|Steele Lane||Salem|||GA|US|William.Jackson@gmail.com|234-555-1212
[INFO ]: se_demo.t0_docker_create_customer_0_1.t0_docker_create_customer - tLogRow_1 - Content of row 86: [tLogRow_1] 1185|185|Personnal|Lake Tahoe Blvd.||Indianapolis|||MI|US|John.Coolidge@gmail.com|234-555-1212
[INFO ]: se_demo.t0_docker_create_customer_0_1.t0_docker_create_customer - tLogRow_1 - Content of row 87: [tLogRow_1] 1186|186|Personnal|Bowles Avenue||Richmond|||OH|US|William.Buchanan@gmail.com|234-555-1212
[INFO ]: se_demo.t0_docker_create_customer_0_1.t0_docker_create_customer - tLogRow_1 - Content of row 88: [tLogRow_1] 1187|187|Personnal|Lake Tahoe Blvd.||Olympia|||TX|US|George.Washington@gmail.com|234-555-1212
[INFO ]: se_demo.t0_docker_create_customer_0_1.t0_docker_create_customer - tLogRow_1 - Content of row 89: [tLogRow_1] 1188|188|Personnal|El Camino Real||Jefferson City|||FL|US|Grover.Jackson@gmail.com|234-555-1212
[INFO ]: se_demo.t0_docker_create_customer_0_1.t0_docker_create_customer - tLogRow_1 - Content of row 90: [tLogRow_1] 1189|189|Business|Camelback Rd||Denver|||MS|US|George.Roosevelt@gmail.com|234-555-1212
[INFO ]: se_demo.t0_docker_create_customer_0_1.t0_docker_create_customer - tLogRow_1 - Content of row 91: [tLogRow_1] 1190|190|Personnal|East 1st Street||Raleigh|||MS|US|Abraham.Quincy@gmail.com|234-555-1212
[INFO ]: se_demo.t0_docker_create_customer_0_1.t0_docker_create_customer - tLogRow_1 - Content of row 92: [tLogRow_1] 1191|191|Business|Westside Freeway||Oklahoma City|||VA|US|Martin.Grant@gmail.com|234-555-1212
[INFO ]: se_demo.t0_docker_create_customer_0_1.t0_docker_create_customer - tLogRow_1 - Content of row 93: [tLogRow_1] 1192|192|Personnal|Milpas Street||Raleigh|||MN|US|Martin.Fillmore@gmail.com|234-555-1212
[INFO ]: se_demo.t0_docker_create_customer_0_1.t0_docker_create_customer - tLogRow_1 - Content of row 94: [tLogRow_1] 1193|193|Business|San Diego Freeway||Richmond|||CT|US|Harry.Hoover@gmail.com|234-555-1212
[INFO ]: se_demo.t0_docker_create_customer_0_1.t0_docker_create_customer - tLogRow_1 - Content of row 95: [tLogRow_1] 1194|194|Business|Westside Freeway||Montpelier|||MN|US|Andrew.Hoover@gmail.com|234-555-1212
[INFO ]: se_demo.t0_docker_create_customer_0_1.t0_docker_create_customer - tLogRow_1 - Content of row 96: [tLogRow_1] 1195|195|Personnal|El Camino Real||Sacramento|||ND|US|Ronald.Carter@gmail.com|234-555-1212
[INFO ]: se_demo.t0_docker_create_customer_0_1.t0_docker_create_customer - tLogRow_1 - Content of row 97: [tLogRow_1] 1196|196|Business|Cabrillo Highway||Madison|||NC|US|James.Washington@gmail.com|234-555-1212
[INFO ]: se_demo.t0_docker_create_customer_0_1.t0_docker_create_customer - tLogRow_1 - Content of row 98: [tLogRow_1] 1197|197|Personnal|Lindbergh Blvd||Pierre|||OK|US|Warren.Ford@gmail.com|234-555-1212
[INFO ]: se_demo.t0_docker_create_customer_0_1.t0_docker_create_customer - tLogRow_1 - Content of row 99: [tLogRow_1] 1198|198|Personnal|Carpinteria North||Raleigh|||GA|US|Franklin.Johnson@gmail.com|234-555-1212
[INFO ]: se_demo.t0_docker_create_customer_0_1.t0_docker_create_customer - tLogRow_1 - Content of row 100: [tLogRow_1] 1199|199|Personnal|Redwood Highway||Montgomery|||NH|US|Zachary.Hoover@gmail.com|234-555-1212
[INFO ]: se_demo.t0_docker_create_customer_0_1.t0_docker_create_customer - tRowGenerator_1 - Generated records count:100 .
[INFO ]: se_demo.t0_docker_create_customer_0_1.t0_docker_create_customer - tLogRow_1 - Printed row count: 100.
[INFO ]: se_demo.t0_docker_create_customer_0_1.t0_docker_create_customer - tRowGenerator_2 - Generating records.
[INFO ]: se_demo.t0_docker_create_customer_0_1.t0_docker_create_customer - tRowGenerator_2 - Generated records count:10 .
[WARN ]: se_demo.t0_docker_create_customer_0_1.t0_docker_create_customer - tWarn_1 - Message: Finished. Code: 42
[INFO ]: se_demo.t0_docker_create_customer_0_1.t0_docker_create_customer - TalendJob: 't0_docker_create_customer' - Done.
