2017-12-31 13:33:48;twRAU8;twRAU8;twRAU8;1;SE_DEMO;t1_docker_create_customer_s3;_vpogECK7Eee3hZRBUoJa0Q;0.1;container;;begin;;
2017-12-31 13:33:48;twRAU8;twRAU8;twRAU8;1;SE_DEMO;t1_docker_create_customer_s3;_vpogECK7Eee3hZRBUoJa0Q;0.1;container;tFileOutputDelimited_6;begin;;
2017-12-31 13:33:48;twRAU8;twRAU8;twRAU8;1;SE_DEMO;t1_docker_create_customer_s3;_vpogECK7Eee3hZRBUoJa0Q;0.1;container;tFileOutputDelimited_8;begin;;
2017-12-31 13:33:48;twRAU8;twRAU8;twRAU8;1;SE_DEMO;t1_docker_create_customer_s3;_vpogECK7Eee3hZRBUoJa0Q;0.1;container;tFileOutputDelimited_2;begin;;
2017-12-31 13:33:48;twRAU8;twRAU8;twRAU8;1;SE_DEMO;t1_docker_create_customer_s3;_vpogECK7Eee3hZRBUoJa0Q;0.1;container;tFileOutputDelimited_8;end;success;92
2017-12-31 13:33:48;twRAU8;twRAU8;twRAU8;1;SE_DEMO;t1_docker_create_customer_s3;_vpogECK7Eee3hZRBUoJa0Q;0.1;container;tFileOutputDelimited_2;end;success;92
2017-12-31 13:33:48;twRAU8;twRAU8;twRAU8;1;SE_DEMO;t1_docker_create_customer_s3;_vpogECK7Eee3hZRBUoJa0Q;0.1;container;tFileOutputDelimited_7;begin;;
2017-12-31 13:33:48;twRAU8;twRAU8;twRAU8;1;SE_DEMO;t1_docker_create_customer_s3;_vpogECK7Eee3hZRBUoJa0Q;0.1;container;tFileOutputDelimited_7;end;success;10
2017-12-31 13:33:48;twRAU8;twRAU8;twRAU8;1;SE_DEMO;t1_docker_create_customer_s3;_vpogECK7Eee3hZRBUoJa0Q;0.1;container;tFileOutputDelimited_6;end;success;120
2017-12-31 13:33:48;twRAU8;twRAU8;twRAU8;1;SE_DEMO;t1_docker_create_customer_s3;_vpogECK7Eee3hZRBUoJa0Q;0.1;container;;end;failure;326
2017-12-31 13:42:14;Yvej5j;Yvej5j;Yvej5j;1;SE_DEMO;t1_docker_create_customer_s3;_vpogECK7Eee3hZRBUoJa0Q;0.1;container;;begin;;
2017-12-31 13:42:17;Yvej5j;Yvej5j;Yvej5j;1;SE_DEMO;t1_docker_create_customer_s3;_vpogECK7Eee3hZRBUoJa0Q;0.1;container;tFileOutputDelimited_6;begin;;
2017-12-31 13:42:17;Yvej5j;Yvej5j;Yvej5j;1;SE_DEMO;t1_docker_create_customer_s3;_vpogECK7Eee3hZRBUoJa0Q;0.1;container;tFileOutputDelimited_8;begin;;
2017-12-31 13:42:17;Yvej5j;Yvej5j;Yvej5j;1;SE_DEMO;t1_docker_create_customer_s3;_vpogECK7Eee3hZRBUoJa0Q;0.1;container;tFileOutputDelimited_2;begin;;
2017-12-31 13:42:18;Yvej5j;Yvej5j;Yvej5j;1;SE_DEMO;t1_docker_create_customer_s3;_vpogECK7Eee3hZRBUoJa0Q;0.1;container;tFileOutputDelimited_8;end;success;194
2017-12-31 13:42:18;Yvej5j;Yvej5j;Yvej5j;1;SE_DEMO;t1_docker_create_customer_s3;_vpogECK7Eee3hZRBUoJa0Q;0.1;container;tFileOutputDelimited_2;end;success;529
2017-12-31 13:42:18;Yvej5j;Yvej5j;Yvej5j;1;SE_DEMO;t1_docker_create_customer_s3;_vpogECK7Eee3hZRBUoJa0Q;0.1;container;tFileOutputDelimited_7;begin;;
2017-12-31 13:42:18;Yvej5j;Yvej5j;Yvej5j;1;SE_DEMO;t1_docker_create_customer_s3;_vpogECK7Eee3hZRBUoJa0Q;0.1;container;tFileOutputDelimited_7;end;success;9
2017-12-31 13:42:18;Yvej5j;Yvej5j;Yvej5j;1;SE_DEMO;t1_docker_create_customer_s3;_vpogECK7Eee3hZRBUoJa0Q;0.1;container;tFileOutputDelimited_6;end;success;890
2017-12-31 13:42:19;Yvej5j;Yvej5j;Yvej5j;1;SE_DEMO;t1_docker_create_customer_s3;_vpogECK7Eee3hZRBUoJa0Q;0.1;container;;end;success;4553
